<?xml version="1.0" encoding="UTF-8"?>
<robot generator="Robot 6.1.1 (Python 3.12.0 on win32)" generated="20241130 09:12:09.679" rpa="false" schemaversion="4">
<suite id="s1" name="Extr Automation" source="C:\py-workspace\ASIJumpStart2024-Group1_ASIBasecodeCSharp2024-AutomationTesting\venv\extr_automation.robot">
<kw name="Open Browser Session" type="SETUP">
<kw name="Open Browser" library="SeleniumLibrary">
<arg>${URL}</arg>
<arg>${BROWSER}</arg>
<doc>Opens a new browser instance to the optional ``url``.</doc>
<msg timestamp="20241130 09:12:09.980" level="INFO">Opening browser 'Edge' to base url 'https://localhost:60648/'.</msg>
<status status="PASS" starttime="20241130 09:12:09.979" endtime="20241130 09:12:14.035"/>
</kw>
<kw name="Maximize Browser Window" library="SeleniumLibrary">
<doc>Maximizes current browser window.</doc>
<status status="PASS" starttime="20241130 09:12:14.035" endtime="20241130 09:12:14.093"/>
</kw>
<kw name="Sleep" library="BuiltIn">
<arg>2s</arg>
<doc>Pauses the test executed for the given time.</doc>
<msg timestamp="20241130 09:12:16.096" level="INFO">Slept 2 seconds</msg>
<status status="PASS" starttime="20241130 09:12:14.093" endtime="20241130 09:12:16.096"/>
</kw>
<status status="PASS" starttime="20241130 09:12:09.979" endtime="20241130 09:12:16.096"/>
</kw>
<test id="s1-t1" name="Test Case 1 EXTR Navigation" line="28">
<kw name="Sleep" library="BuiltIn">
<arg>2s</arg>
<doc>Pauses the test executed for the given time.</doc>
<msg timestamp="20241130 09:12:18.097" level="INFO">Slept 2 seconds</msg>
<status status="PASS" starttime="20241130 09:12:16.096" endtime="20241130 09:12:18.097"/>
</kw>
<kw name="Click Element" library="SeleniumLibrary">
<arg>//*[@id="loginnavbtn"]</arg>
<doc>Click the element identified by ``locator``.</doc>
<msg timestamp="20241130 09:12:18.098" level="INFO">Clicking element '//*[@id="loginnavbtn"]'.</msg>
<status status="PASS" starttime="20241130 09:12:18.097" endtime="20241130 09:12:18.800"/>
</kw>
<kw name="Sleep" library="BuiltIn">
<arg>2s</arg>
<doc>Pauses the test executed for the given time.</doc>
<msg timestamp="20241130 09:12:20.801" level="INFO">Slept 2 seconds</msg>
<status status="PASS" starttime="20241130 09:12:18.800" endtime="20241130 09:12:20.801"/>
</kw>
<kw name="Click Element" library="SeleniumLibrary">
<arg>//*[@id="regnavbtn"]</arg>
<doc>Click the element identified by ``locator``.</doc>
<msg timestamp="20241130 09:12:20.803" level="INFO">Clicking element '//*[@id="regnavbtn"]'.</msg>
<status status="PASS" starttime="20241130 09:12:20.801" endtime="20241130 09:12:22.037"/>
</kw>
<kw name="Sleep" library="BuiltIn">
<arg>2s</arg>
<doc>Pauses the test executed for the given time.</doc>
<msg timestamp="20241130 09:12:24.037" level="INFO">Slept 2 seconds</msg>
<status status="PASS" starttime="20241130 09:12:22.037" endtime="20241130 09:12:24.037"/>
</kw>
<kw name="Click Element" library="SeleniumLibrary">
<arg>//*[@id="tologinnav"]</arg>
<doc>Click the element identified by ``locator``.</doc>
<msg timestamp="20241130 09:12:24.040" level="INFO">Clicking element '//*[@id="tologinnav"]'.</msg>
<status status="PASS" starttime="20241130 09:12:24.039" endtime="20241130 09:12:24.672"/>
</kw>
<kw name="Sleep" library="BuiltIn">
<arg>2s</arg>
<doc>Pauses the test executed for the given time.</doc>
<msg timestamp="20241130 09:12:26.674" level="INFO">Slept 2 seconds</msg>
<status status="PASS" starttime="20241130 09:12:24.673" endtime="20241130 09:12:26.674"/>
</kw>
<kw name="Click Element" library="SeleniumLibrary">
<arg>//*[@id="tofpassnav"]</arg>
<doc>Click the element identified by ``locator``.</doc>
<msg timestamp="20241130 09:12:26.675" level="INFO">Clicking element '//*[@id="tofpassnav"]'.</msg>
<status status="PASS" starttime="20241130 09:12:26.674" endtime="20241130 09:12:27.511"/>
</kw>
<kw name="Sleep" library="BuiltIn">
<arg>2s</arg>
<doc>Pauses the test executed for the given time.</doc>
<msg timestamp="20241130 09:12:29.514" level="INFO">Slept 2 seconds</msg>
<status status="PASS" starttime="20241130 09:12:27.514" endtime="20241130 09:12:29.514"/>
</kw>
<kw name="Click Element" library="SeleniumLibrary">
<arg>//*[@id="goBack"]</arg>
<doc>Click the element identified by ``locator``.</doc>
<msg timestamp="20241130 09:12:29.516" level="INFO">Clicking element '//*[@id="goBack"]'.</msg>
<status status="PASS" starttime="20241130 09:12:29.515" endtime="20241130 09:12:30.134"/>
</kw>
<kw name="Sleep" library="BuiltIn">
<arg>2s</arg>
<doc>Pauses the test executed for the given time.</doc>
<msg timestamp="20241130 09:12:32.138" level="INFO">Slept 2 seconds</msg>
<status status="PASS" starttime="20241130 09:12:30.138" endtime="20241130 09:12:32.138"/>
</kw>
<status status="PASS" starttime="20241130 09:12:16.096" endtime="20241130 09:12:32.139"/>
</test>
<test id="s1-t2" name="Test Case 2 EXTR Login" line="41">
<kw name="Input Text" library="SeleniumLibrary">
<arg>//*[@id="usernameInput"]</arg>
<arg>${username2}</arg>
<doc>Types the given ``text`` into the text field identified by ``locator``.</doc>
<msg timestamp="20241130 09:12:32.144" level="INFO">Typing text 'arya' into text field '//*[@id="usernameInput"]'.</msg>
<status status="PASS" starttime="20241130 09:12:32.142" endtime="20241130 09:12:32.277"/>
</kw>
<kw name="Input Text" library="SeleniumLibrary">
<arg>//*[@id="passwordInput"]</arg>
<arg>${password1}</arg>
<doc>Types the given ``text`` into the text field identified by ``locator``.</doc>
<msg timestamp="20241130 09:12:32.278" level="INFO">Typing text 'asdasdasd' into text field '//*[@id="passwordInput"]'.</msg>
<status status="PASS" starttime="20241130 09:12:32.277" endtime="20241130 09:12:32.394"/>
</kw>
<kw name="Sleep" library="BuiltIn">
<arg>2s</arg>
<doc>Pauses the test executed for the given time.</doc>
<msg timestamp="20241130 09:12:34.403" level="INFO">Slept 2 seconds</msg>
<status status="PASS" starttime="20241130 09:12:32.403" endtime="20241130 09:12:34.403"/>
</kw>
<kw name="Click Element" library="SeleniumLibrary">
<arg>//*[@id="loginBtn"]</arg>
<doc>Click the element identified by ``locator``.</doc>
<msg timestamp="20241130 09:12:34.405" level="INFO">Clicking element '//*[@id="loginBtn"]'.</msg>
<status status="PASS" starttime="20241130 09:12:34.403" endtime="20241130 09:12:37.580"/>
</kw>
<kw name="Sleep" library="BuiltIn">
<arg>2s</arg>
<doc>Pauses the test executed for the given time.</doc>
<msg timestamp="20241130 09:12:39.596" level="INFO">Slept 2 seconds</msg>
<status status="PASS" starttime="20241130 09:12:37.594" endtime="20241130 09:12:39.596"/>
</kw>
<kw name="Input Text" library="SeleniumLibrary">
<arg>//*[@id="usernameInput"]</arg>
<arg>${username1}</arg>
<doc>Types the given ``text`` into the text field identified by ``locator``.</doc>
<msg timestamp="20241130 09:12:39.599" level="INFO">Typing text 'whyiamhated' into text field '//*[@id="usernameInput"]'.</msg>
<status status="PASS" starttime="20241130 09:12:39.597" endtime="20241130 09:12:39.763"/>
</kw>
<kw name="Input Text" library="SeleniumLibrary">
<arg>//*[@id="passwordInput"]</arg>
<arg>${password3}</arg>
<doc>Types the given ``text`` into the text field identified by ``locator``.</doc>
<msg timestamp="20241130 09:12:39.764" level="INFO">Typing text '12121212' into text field '//*[@id="passwordInput"]'.</msg>
<status status="PASS" starttime="20241130 09:12:39.764" endtime="20241130 09:12:39.851"/>
</kw>
<kw name="Sleep" library="BuiltIn">
<arg>2s</arg>
<doc>Pauses the test executed for the given time.</doc>
<msg timestamp="20241130 09:12:41.851" level="INFO">Slept 2 seconds</msg>
<status status="PASS" starttime="20241130 09:12:39.851" endtime="20241130 09:12:41.851"/>
</kw>
<kw name="Click Element" library="SeleniumLibrary">
<arg>//*[@id="loginBtn"]</arg>
<doc>Click the element identified by ``locator``.</doc>
<msg timestamp="20241130 09:12:41.853" level="INFO">Clicking element '//*[@id="loginBtn"]'.</msg>
<status status="PASS" starttime="20241130 09:12:41.852" endtime="20241130 09:12:42.130"/>
</kw>
<kw name="Sleep" library="BuiltIn">
<arg>2s</arg>
<doc>Pauses the test executed for the given time.</doc>
<msg timestamp="20241130 09:12:44.134" level="INFO">Slept 2 seconds</msg>
<status status="PASS" starttime="20241130 09:12:42.131" endtime="20241130 09:12:44.134"/>
</kw>
<kw name="Input Text" library="SeleniumLibrary">
<arg>//*[@id="usernameInput"]</arg>
<arg>${username3}</arg>
<doc>Types the given ``text`` into the text field identified by ``locator``.</doc>
<msg timestamp="20241130 09:12:44.136" level="INFO">Typing text 'aiahtot' into text field '//*[@id="usernameInput"]'.</msg>
<status status="PASS" starttime="20241130 09:12:44.135" endtime="20241130 09:12:44.260"/>
</kw>
<kw name="Input Text" library="SeleniumLibrary">
<arg>//*[@id="passwordInput"]</arg>
<arg>${password2}</arg>
<doc>Types the given ``text`` into the text field identified by ``locator``.</doc>
<msg timestamp="20241130 09:12:44.264" level="INFO">Typing text '123456' into text field '//*[@id="passwordInput"]'.</msg>
<status status="PASS" starttime="20241130 09:12:44.263" endtime="20241130 09:12:44.357"/>
</kw>
<kw name="Sleep" library="BuiltIn">
<arg>2s</arg>
<doc>Pauses the test executed for the given time.</doc>
<msg timestamp="20241130 09:12:46.374" level="INFO">Slept 2 seconds</msg>
<status status="PASS" starttime="20241130 09:12:44.373" endtime="20241130 09:12:46.374"/>
</kw>
<kw name="Click Element" library="SeleniumLibrary">
<arg>//*[@id="loginBtn"]</arg>
<doc>Click the element identified by ``locator``.</doc>
<msg timestamp="20241130 09:12:46.375" level="INFO">Clicking element '//*[@id="loginBtn"]'.</msg>
<status status="PASS" starttime="20241130 09:12:46.374" endtime="20241130 09:12:46.540"/>
</kw>
<kw name="Sleep" library="BuiltIn">
<arg>2s</arg>
<doc>Pauses the test executed for the given time.</doc>
<msg timestamp="20241130 09:12:48.540" level="INFO">Slept 2 seconds</msg>
<status status="PASS" starttime="20241130 09:12:46.540" endtime="20241130 09:12:48.540"/>
</kw>
<kw name="Input Text" library="SeleniumLibrary">
<arg>//*[@id="usernameInput"]</arg>
<arg>${username2}</arg>
<doc>Types the given ``text`` into the text field identified by ``locator``.</doc>
<msg timestamp="20241130 09:12:48.540" level="INFO">Typing text 'arya' into text field '//*[@id="usernameInput"]'.</msg>
<status status="PASS" starttime="20241130 09:12:48.540" endtime="20241130 09:12:48.628"/>
</kw>
<kw name="Input Text" library="SeleniumLibrary">
<arg>//*[@id="passwordInput"]</arg>
<arg>${password2}</arg>
<doc>Types the given ``text`` into the text field identified by ``locator``.</doc>
<msg timestamp="20241130 09:12:48.629" level="INFO">Typing text '123456' into text field '//*[@id="passwordInput"]'.</msg>
<status status="PASS" starttime="20241130 09:12:48.629" endtime="20241130 09:12:48.704"/>
</kw>
<kw name="Sleep" library="BuiltIn">
<arg>2s</arg>
<doc>Pauses the test executed for the given time.</doc>
<msg timestamp="20241130 09:12:50.706" level="INFO">Slept 2 seconds</msg>
<status status="PASS" starttime="20241130 09:12:48.705" endtime="20241130 09:12:50.706"/>
</kw>
<kw name="Click Element" library="SeleniumLibrary">
<arg>//*[@id="loginBtn"]</arg>
<doc>Click the element identified by ``locator``.</doc>
<msg timestamp="20241130 09:12:50.708" level="INFO">Clicking element '//*[@id="loginBtn"]'.</msg>
<status status="PASS" starttime="20241130 09:12:50.706" endtime="20241130 09:12:53.695"/>
</kw>
<kw name="Sleep" library="BuiltIn">
<arg>2s</arg>
<doc>Pauses the test executed for the given time.</doc>
<msg timestamp="20241130 09:12:55.695" level="INFO">Slept 2 seconds</msg>
<status status="PASS" starttime="20241130 09:12:53.695" endtime="20241130 09:12:55.695"/>
</kw>
<status status="PASS" starttime="20241130 09:12:32.141" endtime="20241130 09:12:55.701"/>
</test>
<test id="s1-t3" name="Test Case 3 Dashboard Navigation" line="63">
<kw name="Click Element" library="SeleniumLibrary">
<arg>//*[@id="sumanalytics"]</arg>
<doc>Click the element identified by ``locator``.</doc>
<msg timestamp="20241130 09:12:55.704" level="INFO">Clicking element '//*[@id="sumanalytics"]'.</msg>
<status status="PASS" starttime="20241130 09:12:55.703" endtime="20241130 09:12:56.439"/>
</kw>
<kw name="Sleep" library="BuiltIn">
<arg>2s</arg>
<doc>Pauses the test executed for the given time.</doc>
<msg timestamp="20241130 09:12:58.441" level="INFO">Slept 2 seconds</msg>
<status status="PASS" starttime="20241130 09:12:56.440" endtime="20241130 09:12:58.441"/>
</kw>
<kw name="Click Element" library="SeleniumLibrary">
<arg>//*[@id="catdetails"]</arg>
<doc>Click the element identified by ``locator``.</doc>
<msg timestamp="20241130 09:12:58.443" level="INFO">Clicking element '//*[@id="catdetails"]'.</msg>
<status status="PASS" starttime="20241130 09:12:58.442" endtime="20241130 09:12:59.342"/>
</kw>
<kw name="Sleep" library="BuiltIn">
<arg>2s</arg>
<doc>Pauses the test executed for the given time.</doc>
<msg timestamp="20241130 09:13:01.343" level="INFO">Slept 2 seconds</msg>
<status status="PASS" starttime="20241130 09:12:59.343" endtime="20241130 09:13:01.343"/>
</kw>
<kw name="Click Element" library="SeleniumLibrary">
<arg>//*[@id="expdetails"]</arg>
<doc>Click the element identified by ``locator``.</doc>
<msg timestamp="20241130 09:13:01.346" level="INFO">Clicking element '//*[@id="expdetails"]'.</msg>
<status status="PASS" starttime="20241130 09:13:01.345" endtime="20241130 09:13:02.453"/>
</kw>
<kw name="Sleep" library="BuiltIn">
<arg>2s</arg>
<doc>Pauses the test executed for the given time.</doc>
<msg timestamp="20241130 09:13:04.454" level="INFO">Slept 2 seconds</msg>
<status status="PASS" starttime="20241130 09:13:02.453" endtime="20241130 09:13:04.454"/>
</kw>
<kw name="Click Element" library="SeleniumLibrary">
<arg>//*[@id="settings"]</arg>
<doc>Click the element identified by ``locator``.</doc>
<msg timestamp="20241130 09:13:04.456" level="INFO">Clicking element '//*[@id="settings"]'.</msg>
<status status="PASS" starttime="20241130 09:13:04.455" endtime="20241130 09:13:05.817"/>
</kw>
<kw name="Sleep" library="BuiltIn">
<arg>2s</arg>
<doc>Pauses the test executed for the given time.</doc>
<msg timestamp="20241130 09:13:07.819" level="INFO">Slept 2 seconds</msg>
<status status="PASS" starttime="20241130 09:13:05.819" endtime="20241130 09:13:07.819"/>
</kw>
<kw name="Click Element" library="SeleniumLibrary">
<arg>//*[@id="catdetails"]</arg>
<doc>Click the element identified by ``locator``.</doc>
<msg timestamp="20241130 09:13:07.821" level="INFO">Clicking element '//*[@id="catdetails"]'.</msg>
<status status="PASS" starttime="20241130 09:13:07.819" endtime="20241130 09:13:08.555"/>
</kw>
<kw name="Sleep" library="BuiltIn">
<arg>2s</arg>
<doc>Pauses the test executed for the given time.</doc>
<msg timestamp="20241130 09:13:10.559" level="INFO">Slept 2 seconds</msg>
<status status="PASS" starttime="20241130 09:13:08.559" endtime="20241130 09:13:10.559"/>
</kw>
<status status="PASS" starttime="20241130 09:12:55.703" endtime="20241130 09:13:10.560"/>
</test>
<kw name="Close Browser Session" type="TEARDOWN">
<kw name="Close Browser" library="SeleniumLibrary">
<doc>Closes the current browser.</doc>
<status status="PASS" starttime="20241130 09:13:10.563" endtime="20241130 09:13:12.872"/>
</kw>
<status status="PASS" starttime="20241130 09:13:10.563" endtime="20241130 09:13:12.872"/>
</kw>
<status status="PASS" starttime="20241130 09:12:09.681" endtime="20241130 09:13:12.872"/>
</suite>
<statistics>
<total>
<stat pass="3" fail="0" skip="0">All Tests</stat>
</total>
<tag>
</tag>
<suite>
<stat pass="3" fail="0" skip="0" id="s1" name="Extr Automation">Extr Automation</stat>
</suite>
</statistics>
<errors>
</errors>
</robot>
