<?xml version="1.0" encoding="UTF-8"?>
<robot generator="Robot 6.1.1 (Python 3.12.0 on win32)" generated="20241130 23:30:54.516" rpa="false" schemaversion="4">
<suite id="s1" name="Extr Automation" source="C:\py-workspace\ASIJumpStart2024-Group1_ASIBasecodeCSharp2024-AutomationTesting\venv\extr_automation.robot">
<kw name="Open Browser Session" type="SETUP">
<kw name="Open Browser" library="SeleniumLibrary">
<arg>${URL}</arg>
<arg>${BROWSER}</arg>
<doc>Opens a new browser instance to the optional ``url``.</doc>
<msg timestamp="20241130 23:30:54.705" level="INFO">Opening browser 'Edge' to base url 'https://localhost:60648/'.</msg>
<status status="PASS" starttime="20241130 23:30:54.704" endtime="20241130 23:30:57.534"/>
</kw>
<kw name="Maximize Browser Window" library="SeleniumLibrary">
<doc>Maximizes current browser window.</doc>
<status status="PASS" starttime="20241130 23:30:57.534" endtime="20241130 23:30:57.572"/>
</kw>
<kw name="Sleep" library="BuiltIn">
<arg>2s</arg>
<doc>Pauses the test executed for the given time.</doc>
<msg timestamp="20241130 23:30:59.573" level="INFO">Slept 2 seconds</msg>
<status status="PASS" starttime="20241130 23:30:57.572" endtime="20241130 23:30:59.573"/>
</kw>
<status status="PASS" starttime="20241130 23:30:54.704" endtime="20241130 23:30:59.573"/>
</kw>
<test id="s1-t1" name="Test Case 1 EXTR Navigation" line="39">
<kw name="Sleep" library="BuiltIn">
<arg>2s</arg>
<doc>Pauses the test executed for the given time.</doc>
<msg timestamp="20241130 23:31:01.574" level="INFO">Slept 2 seconds</msg>
<status status="PASS" starttime="20241130 23:30:59.574" endtime="20241130 23:31:01.574"/>
</kw>
<kw name="Click Element" library="SeleniumLibrary">
<arg>//*[@id="loginnavbtn"]</arg>
<doc>Click the element identified by ``locator``.</doc>
<msg timestamp="20241130 23:31:01.581" level="INFO">Clicking element '//*[@id="loginnavbtn"]'.</msg>
<status status="PASS" starttime="20241130 23:31:01.580" endtime="20241130 23:31:02.332"/>
</kw>
<kw name="Sleep" library="BuiltIn">
<arg>2s</arg>
<doc>Pauses the test executed for the given time.</doc>
<msg timestamp="20241130 23:31:04.333" level="INFO">Slept 2 seconds</msg>
<status status="PASS" starttime="20241130 23:31:02.333" endtime="20241130 23:31:04.333"/>
</kw>
<kw name="Click Element" library="SeleniumLibrary">
<arg>//*[@id="regnavbtn"]</arg>
<doc>Click the element identified by ``locator``.</doc>
<msg timestamp="20241130 23:31:04.334" level="INFO">Clicking element '//*[@id="regnavbtn"]'.</msg>
<status status="PASS" starttime="20241130 23:31:04.334" endtime="20241130 23:31:04.957"/>
</kw>
<kw name="Sleep" library="BuiltIn">
<arg>2s</arg>
<doc>Pauses the test executed for the given time.</doc>
<msg timestamp="20241130 23:31:06.960" level="INFO">Slept 2 seconds</msg>
<status status="PASS" starttime="20241130 23:31:04.959" endtime="20241130 23:31:06.960"/>
</kw>
<kw name="Click Element" library="SeleniumLibrary">
<arg>//*[@id="tologinnav"]</arg>
<doc>Click the element identified by ``locator``.</doc>
<msg timestamp="20241130 23:31:06.960" level="INFO">Clicking element '//*[@id="tologinnav"]'.</msg>
<status status="PASS" starttime="20241130 23:31:06.960" endtime="20241130 23:31:07.605"/>
</kw>
<kw name="Sleep" library="BuiltIn">
<arg>2s</arg>
<doc>Pauses the test executed for the given time.</doc>
<msg timestamp="20241130 23:31:09.607" level="INFO">Slept 2 seconds</msg>
<status status="PASS" starttime="20241130 23:31:07.606" endtime="20241130 23:31:09.607"/>
</kw>
<kw name="Click Element" library="SeleniumLibrary">
<arg>//*[@id="tofpassnav"]</arg>
<doc>Click the element identified by ``locator``.</doc>
<msg timestamp="20241130 23:31:09.607" level="INFO">Clicking element '//*[@id="tofpassnav"]'.</msg>
<status status="PASS" starttime="20241130 23:31:09.607" endtime="20241130 23:31:10.236"/>
</kw>
<kw name="Sleep" library="BuiltIn">
<arg>2s</arg>
<doc>Pauses the test executed for the given time.</doc>
<msg timestamp="20241130 23:31:12.242" level="INFO">Slept 2 seconds</msg>
<status status="PASS" starttime="20241130 23:31:10.241" endtime="20241130 23:31:12.242"/>
</kw>
<kw name="Click Element" library="SeleniumLibrary">
<arg>//*[@id="goBack"]</arg>
<doc>Click the element identified by ``locator``.</doc>
<msg timestamp="20241130 23:31:12.244" level="INFO">Clicking element '//*[@id="goBack"]'.</msg>
<status status="PASS" starttime="20241130 23:31:12.243" endtime="20241130 23:31:12.867"/>
</kw>
<kw name="Sleep" library="BuiltIn">
<arg>2s</arg>
<doc>Pauses the test executed for the given time.</doc>
<msg timestamp="20241130 23:31:14.870" level="INFO">Slept 2 seconds</msg>
<status status="PASS" starttime="20241130 23:31:12.869" endtime="20241130 23:31:14.870"/>
</kw>
<doc>Test navigation and browser responsiveness</doc>
<status status="PASS" starttime="20241130 23:30:59.573" endtime="20241130 23:31:14.870"/>
</test>
<test id="s1-t2" name="Test Case 2 EXTR Login" line="54">
<kw name="Input Text" library="SeleniumLibrary">
<arg>//*[@id="usernameInput"]</arg>
<arg>${username2}</arg>
<doc>Types the given ``text`` into the text field identified by ``locator``.</doc>
<msg timestamp="20241130 23:31:14.874" level="INFO">Typing text 'arya' into text field '//*[@id="usernameInput"]'.</msg>
<status status="PASS" starttime="20241130 23:31:14.873" endtime="20241130 23:31:14.983"/>
</kw>
<kw name="Input Text" library="SeleniumLibrary">
<arg>//*[@id="passwordInput"]</arg>
<arg>${password1}</arg>
<doc>Types the given ``text`` into the text field identified by ``locator``.</doc>
<msg timestamp="20241130 23:31:14.984" level="INFO">Typing text 'asdasdasd' into text field '//*[@id="passwordInput"]'.</msg>
<status status="PASS" starttime="20241130 23:31:14.983" endtime="20241130 23:31:15.072"/>
</kw>
<kw name="Sleep" library="BuiltIn">
<arg>2s</arg>
<doc>Pauses the test executed for the given time.</doc>
<msg timestamp="20241130 23:31:17.074" level="INFO">Slept 2 seconds</msg>
<status status="PASS" starttime="20241130 23:31:15.073" endtime="20241130 23:31:17.074"/>
</kw>
<kw name="Click Element" library="SeleniumLibrary">
<arg>//*[@id="loginBtn"]</arg>
<doc>Click the element identified by ``locator``.</doc>
<msg timestamp="20241130 23:31:17.074" level="INFO">Clicking element '//*[@id="loginBtn"]'.</msg>
<status status="PASS" starttime="20241130 23:31:17.074" endtime="20241130 23:31:17.200"/>
</kw>
<kw name="Sleep" library="BuiltIn">
<arg>2s</arg>
<doc>Pauses the test executed for the given time.</doc>
<msg timestamp="20241130 23:31:19.202" level="INFO">Slept 2 seconds</msg>
<status status="PASS" starttime="20241130 23:31:17.201" endtime="20241130 23:31:19.202"/>
</kw>
<kw name="Input Text" library="SeleniumLibrary">
<arg>//*[@id="usernameInput"]</arg>
<arg>${username1}</arg>
<doc>Types the given ``text`` into the text field identified by ``locator``.</doc>
<msg timestamp="20241130 23:31:19.203" level="INFO">Typing text 'whyiamhated' into text field '//*[@id="usernameInput"]'.</msg>
<status status="PASS" starttime="20241130 23:31:19.202" endtime="20241130 23:31:19.342"/>
</kw>
<kw name="Input Text" library="SeleniumLibrary">
<arg>//*[@id="passwordInput"]</arg>
<arg>${password3}</arg>
<doc>Types the given ``text`` into the text field identified by ``locator``.</doc>
<msg timestamp="20241130 23:31:19.343" level="INFO">Typing text '12121212' into text field '//*[@id="passwordInput"]'.</msg>
<status status="PASS" starttime="20241130 23:31:19.343" endtime="20241130 23:31:19.433"/>
</kw>
<kw name="Sleep" library="BuiltIn">
<arg>2s</arg>
<doc>Pauses the test executed for the given time.</doc>
<msg timestamp="20241130 23:31:21.436" level="INFO">Slept 2 seconds</msg>
<status status="PASS" starttime="20241130 23:31:19.435" endtime="20241130 23:31:21.436"/>
</kw>
<kw name="Click Element" library="SeleniumLibrary">
<arg>//*[@id="loginBtn"]</arg>
<doc>Click the element identified by ``locator``.</doc>
<msg timestamp="20241130 23:31:21.436" level="INFO">Clicking element '//*[@id="loginBtn"]'.</msg>
<status status="PASS" starttime="20241130 23:31:21.436" endtime="20241130 23:31:21.559"/>
</kw>
<kw name="Sleep" library="BuiltIn">
<arg>2s</arg>
<doc>Pauses the test executed for the given time.</doc>
<msg timestamp="20241130 23:31:23.561" level="INFO">Slept 2 seconds</msg>
<status status="PASS" starttime="20241130 23:31:21.561" endtime="20241130 23:31:23.561"/>
</kw>
<kw name="Input Text" library="SeleniumLibrary">
<arg>//*[@id="usernameInput"]</arg>
<arg>${username3}</arg>
<doc>Types the given ``text`` into the text field identified by ``locator``.</doc>
<msg timestamp="20241130 23:31:23.563" level="INFO">Typing text 'aiahtot' into text field '//*[@id="usernameInput"]'.</msg>
<status status="PASS" starttime="20241130 23:31:23.562" endtime="20241130 23:31:23.658"/>
</kw>
<kw name="Input Text" library="SeleniumLibrary">
<arg>//*[@id="passwordInput"]</arg>
<arg>${password2}</arg>
<doc>Types the given ``text`` into the text field identified by ``locator``.</doc>
<msg timestamp="20241130 23:31:23.659" level="INFO">Typing text '123456' into text field '//*[@id="passwordInput"]'.</msg>
<status status="PASS" starttime="20241130 23:31:23.658" endtime="20241130 23:31:23.744"/>
</kw>
<kw name="Sleep" library="BuiltIn">
<arg>2s</arg>
<doc>Pauses the test executed for the given time.</doc>
<msg timestamp="20241130 23:31:25.744" level="INFO">Slept 2 seconds</msg>
<status status="PASS" starttime="20241130 23:31:23.744" endtime="20241130 23:31:25.744"/>
</kw>
<kw name="Click Element" library="SeleniumLibrary">
<arg>//*[@id="loginBtn"]</arg>
<doc>Click the element identified by ``locator``.</doc>
<msg timestamp="20241130 23:31:25.745" level="INFO">Clicking element '//*[@id="loginBtn"]'.</msg>
<status status="PASS" starttime="20241130 23:31:25.744" endtime="20241130 23:31:25.879"/>
</kw>
<kw name="Sleep" library="BuiltIn">
<arg>2s</arg>
<doc>Pauses the test executed for the given time.</doc>
<msg timestamp="20241130 23:31:27.882" level="INFO">Slept 2 seconds</msg>
<status status="PASS" starttime="20241130 23:31:25.881" endtime="20241130 23:31:27.882"/>
</kw>
<kw name="Input Text" library="SeleniumLibrary">
<arg>//*[@id="usernameInput"]</arg>
<arg>${username2}</arg>
<doc>Types the given ``text`` into the text field identified by ``locator``.</doc>
<msg timestamp="20241130 23:31:27.882" level="INFO">Typing text 'arya' into text field '//*[@id="usernameInput"]'.</msg>
<status status="PASS" starttime="20241130 23:31:27.882" endtime="20241130 23:31:27.953"/>
</kw>
<kw name="Input Text" library="SeleniumLibrary">
<arg>//*[@id="passwordInput"]</arg>
<arg>${password2}</arg>
<doc>Types the given ``text`` into the text field identified by ``locator``.</doc>
<msg timestamp="20241130 23:31:27.954" level="INFO">Typing text '123456' into text field '//*[@id="passwordInput"]'.</msg>
<status status="PASS" starttime="20241130 23:31:27.953" endtime="20241130 23:31:28.041"/>
</kw>
<kw name="Sleep" library="BuiltIn">
<arg>2s</arg>
<doc>Pauses the test executed for the given time.</doc>
<msg timestamp="20241130 23:31:30.043" level="INFO">Slept 2 seconds</msg>
<status status="PASS" starttime="20241130 23:31:28.042" endtime="20241130 23:31:30.043"/>
</kw>
<kw name="Click Element" library="SeleniumLibrary">
<arg>//*[@id="loginBtn"]</arg>
<doc>Click the element identified by ``locator``.</doc>
<msg timestamp="20241130 23:31:30.044" level="INFO">Clicking element '//*[@id="loginBtn"]'.</msg>
<status status="PASS" starttime="20241130 23:31:30.044" endtime="20241130 23:31:30.271"/>
</kw>
<kw name="Sleep" library="BuiltIn">
<arg>2s</arg>
<doc>Pauses the test executed for the given time.</doc>
<msg timestamp="20241130 23:31:32.273" level="INFO">Slept 2 seconds</msg>
<status status="PASS" starttime="20241130 23:31:30.271" endtime="20241130 23:31:32.273"/>
</kw>
<status status="PASS" starttime="20241130 23:31:14.871" endtime="20241130 23:31:32.274"/>
</test>
<test id="s1-t3" name="Test Case 3 Dashboard Navigation" line="76">
<kw name="Click Element" library="SeleniumLibrary">
<arg>//*[@id="sumanalytics"]</arg>
<doc>Click the element identified by ``locator``.</doc>
<msg timestamp="20241130 23:31:32.277" level="INFO">Clicking element '//*[@id="sumanalytics"]'.</msg>
<status status="PASS" starttime="20241130 23:31:32.277" endtime="20241130 23:31:33.032"/>
</kw>
<kw name="Sleep" library="BuiltIn">
<arg>2s</arg>
<doc>Pauses the test executed for the given time.</doc>
<msg timestamp="20241130 23:31:35.034" level="INFO">Slept 2 seconds</msg>
<status status="PASS" starttime="20241130 23:31:33.033" endtime="20241130 23:31:35.034"/>
</kw>
<kw name="Click Element" library="SeleniumLibrary">
<arg>//*[@id="catdetails"]</arg>
<doc>Click the element identified by ``locator``.</doc>
<msg timestamp="20241130 23:31:35.034" level="INFO">Clicking element '//*[@id="catdetails"]'.</msg>
<status status="PASS" starttime="20241130 23:31:35.034" endtime="20241130 23:31:36.195"/>
</kw>
<kw name="Sleep" library="BuiltIn">
<arg>2s</arg>
<doc>Pauses the test executed for the given time.</doc>
<msg timestamp="20241130 23:31:38.196" level="INFO">Slept 2 seconds</msg>
<status status="PASS" starttime="20241130 23:31:36.195" endtime="20241130 23:31:38.196"/>
</kw>
<kw name="Click Element" library="SeleniumLibrary">
<arg>//*[@id="expdetails"]</arg>
<doc>Click the element identified by ``locator``.</doc>
<msg timestamp="20241130 23:31:38.197" level="INFO">Clicking element '//*[@id="expdetails"]'.</msg>
<status status="PASS" starttime="20241130 23:31:38.196" endtime="20241130 23:31:38.844"/>
</kw>
<kw name="Sleep" library="BuiltIn">
<arg>2s</arg>
<doc>Pauses the test executed for the given time.</doc>
<msg timestamp="20241130 23:31:40.845" level="INFO">Slept 2 seconds</msg>
<status status="PASS" starttime="20241130 23:31:38.844" endtime="20241130 23:31:40.845"/>
</kw>
<kw name="Click Element" library="SeleniumLibrary">
<arg>//*[@id="settings"]</arg>
<doc>Click the element identified by ``locator``.</doc>
<msg timestamp="20241130 23:31:40.846" level="INFO">Clicking element '//*[@id="settings"]'.</msg>
<status status="PASS" starttime="20241130 23:31:40.846" endtime="20241130 23:31:41.495"/>
</kw>
<kw name="Sleep" library="BuiltIn">
<arg>2s</arg>
<doc>Pauses the test executed for the given time.</doc>
<msg timestamp="20241130 23:31:43.496" level="INFO">Slept 2 seconds</msg>
<status status="PASS" starttime="20241130 23:31:41.496" endtime="20241130 23:31:43.496"/>
</kw>
<kw name="Click Element" library="SeleniumLibrary">
<arg>//*[@id="catdetails"]</arg>
<doc>Click the element identified by ``locator``.</doc>
<msg timestamp="20241130 23:31:43.500" level="INFO">Clicking element '//*[@id="catdetails"]'.</msg>
<status status="PASS" starttime="20241130 23:31:43.498" endtime="20241130 23:31:44.161"/>
</kw>
<kw name="Sleep" library="BuiltIn">
<arg>2s</arg>
<doc>Pauses the test executed for the given time.</doc>
<msg timestamp="20241130 23:31:46.163" level="INFO">Slept 2 seconds</msg>
<status status="PASS" starttime="20241130 23:31:44.162" endtime="20241130 23:31:46.163"/>
</kw>
<status status="PASS" starttime="20241130 23:31:32.276" endtime="20241130 23:31:46.164"/>
</test>
<test id="s1-t4" name="Test Cases 4 Add Category, Field Validation and Duplicate Check" line="88">
<kw name="Input Text" library="SeleniumLibrary">
<arg>//*[@id="category-input"]</arg>
<arg>${categoryTitle}</arg>
<doc>Types the given ``text`` into the text field identified by ``locator``.</doc>
<msg timestamp="20241130 23:31:46.169" level="INFO">Typing text 'Food Expense' into text field '//*[@id="category-input"]'.</msg>
<status status="PASS" starttime="20241130 23:31:46.167" endtime="20241130 23:31:46.268"/>
</kw>
<kw name="Click Button" library="SeleniumLibrary">
<arg>//*[@id="addCategory"]</arg>
<doc>Clicks the button identified by ``locator``.</doc>
<msg timestamp="20241130 23:31:46.269" level="INFO">Clicking button '//*[@id="addCategory"]'.</msg>
<status status="PASS" starttime="20241130 23:31:46.268" endtime="20241130 23:31:46.494"/>
</kw>
<kw name="Wait Until Element Is Visible" library="SeleniumLibrary">
<arg>${TOAST_XPATH}</arg>
<arg>timeout=5s</arg>
<doc>Waits until the element ``locator`` is visible.</doc>
<status status="PASS" starttime="20241130 23:31:46.499" endtime="20241130 23:31:47.258"/>
</kw>
<kw name="Get Text" library="SeleniumLibrary">
<var>${toast_message}</var>
<arg>${TOAST_XPATH}</arg>
<doc>Returns the text value of the element identified by ``locator``.</doc>
<msg timestamp="20241130 23:31:47.281" level="INFO">${toast_message} = Category added successfully!</msg>
<status status="PASS" starttime="20241130 23:31:47.258" endtime="20241130 23:31:47.281"/>
</kw>
<kw name="Should Be Equal" library="BuiltIn">
<arg>${toast_message}</arg>
<arg>${catSuccessMsg}</arg>
<doc>Fails if the given objects are unequal.</doc>
<status status="PASS" starttime="20241130 23:31:47.282" endtime="20241130 23:31:47.282"/>
</kw>
<kw name="Sleep" library="BuiltIn">
<arg>2s</arg>
<doc>Pauses the test executed for the given time.</doc>
<msg timestamp="20241130 23:31:49.284" level="INFO">Slept 2 seconds</msg>
<status status="PASS" starttime="20241130 23:31:47.283" endtime="20241130 23:31:49.284"/>
</kw>
<kw name="Click Button" library="SeleniumLibrary">
<arg>//*[@id="addCategory"]</arg>
<doc>Clicks the button identified by ``locator``.</doc>
<msg timestamp="20241130 23:31:49.285" level="INFO">Clicking button '//*[@id="addCategory"]'.</msg>
<status status="PASS" starttime="20241130 23:31:49.285" endtime="20241130 23:31:49.369"/>
</kw>
<kw name="Page Should Contain" library="SeleniumLibrary">
<arg>${catFldRequired}</arg>
<doc>Verifies that current page contains ``text``.</doc>
<msg timestamp="20241130 23:31:49.386" level="INFO">Current page contains text 'Category title is required.'.</msg>
<status status="PASS" starttime="20241130 23:31:49.371" endtime="20241130 23:31:49.386"/>
</kw>
<kw name="Sleep" library="BuiltIn">
<arg>2s</arg>
<doc>Pauses the test executed for the given time.</doc>
<msg timestamp="20241130 23:31:51.388" level="INFO">Slept 2 seconds</msg>
<status status="PASS" starttime="20241130 23:31:49.387" endtime="20241130 23:31:51.388"/>
</kw>
<kw name="Input Text" library="SeleniumLibrary">
<arg>//*[@id="category-input"]</arg>
<arg>${dupeCategoryTitle}</arg>
<doc>Types the given ``text`` into the text field identified by ``locator``.</doc>
<msg timestamp="20241130 23:31:51.389" level="INFO">Typing text 'Transportation' into text field '//*[@id="category-input"]'.</msg>
<status status="PASS" starttime="20241130 23:31:51.388" endtime="20241130 23:31:51.460"/>
</kw>
<kw name="Click Button" library="SeleniumLibrary">
<arg>//*[@id="addCategory"]</arg>
<doc>Clicks the button identified by ``locator``.</doc>
<msg timestamp="20241130 23:31:51.461" level="INFO">Clicking button '//*[@id="addCategory"]'.</msg>
<status status="PASS" starttime="20241130 23:31:51.460" endtime="20241130 23:31:51.647"/>
</kw>
<kw name="Wait Until Element Is Visible" library="SeleniumLibrary">
<arg>${TOAST_XPATH}</arg>
<arg>timeout=5s</arg>
<doc>Waits until the element ``locator`` is visible.</doc>
<status status="PASS" starttime="20241130 23:31:51.648" endtime="20241130 23:31:52.433"/>
</kw>
<kw name="Get Text" library="SeleniumLibrary">
<var>${toast_message}</var>
<arg>${TOAST_XPATH}</arg>
<doc>Returns the text value of the element identified by ``locator``.</doc>
<msg timestamp="20241130 23:31:52.449" level="INFO">${toast_message} = A category with this title already exists.</msg>
<status status="PASS" starttime="20241130 23:31:52.434" endtime="20241130 23:31:52.449"/>
</kw>
<kw name="Should Be Equal" library="BuiltIn">
<arg>${toast_message}</arg>
<arg>${dupeCatMsg}</arg>
<doc>Fails if the given objects are unequal.</doc>
<status status="PASS" starttime="20241130 23:31:52.450" endtime="20241130 23:31:52.450"/>
</kw>
<kw name="Sleep" library="BuiltIn">
<arg>2s</arg>
<doc>Pauses the test executed for the given time.</doc>
<msg timestamp="20241130 23:31:54.450" level="INFO">Slept 2 seconds</msg>
<status status="PASS" starttime="20241130 23:31:52.450" endtime="20241130 23:31:54.450"/>
</kw>
<status status="PASS" starttime="20241130 23:31:46.166" endtime="20241130 23:31:54.451"/>
</test>
<test id="s1-t5" name="Test Case 5 Edit and Delete Category" line="111">
<kw name="Click Button" library="SeleniumLibrary">
<arg>${dupeCategoryTitle}</arg>
<doc>Clicks the button identified by ``locator``.</doc>
<msg timestamp="20241130 23:31:54.455" level="INFO">Clicking button 'Transportation'.</msg>
<status status="PASS" starttime="20241130 23:31:54.454" endtime="20241130 23:31:54.576"/>
</kw>
<kw name="Input Text" library="SeleniumLibrary">
<arg>//*[@id="editCategoryTitle"]</arg>
<arg>${newCategoryTitle}</arg>
<doc>Types the given ``text`` into the text field identified by ``locator``.</doc>
<msg timestamp="20241130 23:31:54.577" level="INFO">Typing text 'Transpo' into text field '//*[@id="editCategoryTitle"]'.</msg>
<status status="PASS" starttime="20241130 23:31:54.576" endtime="20241130 23:31:54.690"/>
</kw>
<kw name="Click Button" library="SeleniumLibrary">
<arg>Save Changes</arg>
<doc>Clicks the button identified by ``locator``.</doc>
<msg timestamp="20241130 23:31:54.691" level="INFO">Clicking button 'Save Changes'.</msg>
<status status="PASS" starttime="20241130 23:31:54.690" endtime="20241130 23:31:55.006"/>
</kw>
<kw name="Wait Until Element Is Visible" library="SeleniumLibrary">
<arg>${TOAST_XPATH}</arg>
<arg>timeout=5s</arg>
<doc>Waits until the element ``locator`` is visible.</doc>
<status status="PASS" starttime="20241130 23:31:55.007" endtime="20241130 23:31:55.771"/>
</kw>
<kw name="Get Text" library="SeleniumLibrary">
<var>${toast_message}</var>
<arg>${TOAST_XPATH}</arg>
<doc>Returns the text value of the element identified by ``locator``.</doc>
<msg timestamp="20241130 23:31:55.790" level="INFO">${toast_message} = Category updated successfully!</msg>
<status status="PASS" starttime="20241130 23:31:55.772" endtime="20241130 23:31:55.790"/>
</kw>
<kw name="Should Be Equal" library="BuiltIn">
<arg>${toast_message}</arg>
<arg>Category updated successfully!</arg>
<doc>Fails if the given objects are unequal.</doc>
<status status="PASS" starttime="20241130 23:31:55.794" endtime="20241130 23:31:55.794"/>
</kw>
<kw name="Sleep" library="BuiltIn">
<arg>2s</arg>
<doc>Pauses the test executed for the given time.</doc>
<msg timestamp="20241130 23:31:57.795" level="INFO">Slept 2 seconds</msg>
<status status="PASS" starttime="20241130 23:31:55.795" endtime="20241130 23:31:57.795"/>
</kw>
<kw name="Click Button" library="SeleniumLibrary">
<arg>${newCategoryTitle}</arg>
<doc>Clicks the button identified by ``locator``.</doc>
<msg timestamp="20241130 23:31:57.799" level="INFO">Clicking button 'Transpo'.</msg>
<status status="PASS" starttime="20241130 23:31:57.796" endtime="20241130 23:31:57.887"/>
</kw>
<kw name="Click Button" library="SeleniumLibrary">
<arg>Delete</arg>
<doc>Clicks the button identified by ``locator``.</doc>
<msg timestamp="20241130 23:31:57.888" level="INFO">Clicking button 'Delete'.</msg>
<status status="PASS" starttime="20241130 23:31:57.888" endtime="20241130 23:31:57.993"/>
</kw>
<kw name="Click Button" library="SeleniumLibrary">
<arg>Yes, delete it!</arg>
<doc>Clicks the button identified by ``locator``.</doc>
<msg timestamp="20241130 23:31:57.994" level="INFO">Clicking button 'Yes, delete it!'.</msg>
<status status="PASS" starttime="20241130 23:31:57.993" endtime="20241130 23:31:58.265"/>
</kw>
<kw name="Wait Until Element Is Visible" library="SeleniumLibrary">
<arg>${TOAST_XPATH}</arg>
<arg>timeout=5s</arg>
<doc>Waits until the element ``locator`` is visible.</doc>
<status status="PASS" starttime="20241130 23:31:58.266" endtime="20241130 23:31:59.013"/>
</kw>
<kw name="Get Text" library="SeleniumLibrary">
<var>${toast_message}</var>
<arg>${TOAST_XPATH}</arg>
<doc>Returns the text value of the element identified by ``locator``.</doc>
<msg timestamp="20241130 23:31:59.031" level="INFO">${toast_message} = Category deleted successfully.</msg>
<status status="PASS" starttime="20241130 23:31:59.014" endtime="20241130 23:31:59.033"/>
</kw>
<kw name="Should Be Equal" library="BuiltIn">
<arg>${toast_message}</arg>
<arg>Category deleted successfully.</arg>
<doc>Fails if the given objects are unequal.</doc>
<status status="PASS" starttime="20241130 23:31:59.033" endtime="20241130 23:31:59.033"/>
</kw>
<kw name="Sleep" library="BuiltIn">
<arg>2s</arg>
<doc>Pauses the test executed for the given time.</doc>
<msg timestamp="20241130 23:32:01.034" level="INFO">Slept 2 seconds</msg>
<status status="PASS" starttime="20241130 23:31:59.034" endtime="20241130 23:32:01.034"/>
</kw>
<status status="PASS" starttime="20241130 23:31:54.453" endtime="20241130 23:32:01.034"/>
</test>
<test id="s1-t6" name="Test Case X Responsive check" line="129">
<kw name="Set Window Size" library="SeleniumLibrary">
<arg>768</arg>
<arg>1024</arg>
<doc>Sets current windows size to given ``width`` and ``height``.</doc>
<status status="PASS" starttime="20241130 23:32:01.034" endtime="20241130 23:32:01.443"/>
</kw>
<kw name="Sleep" library="BuiltIn">
<arg>2s</arg>
<doc>Pauses the test executed for the given time.</doc>
<msg timestamp="20241130 23:32:03.443" level="INFO">Slept 2 seconds</msg>
<status status="PASS" starttime="20241130 23:32:01.443" endtime="20241130 23:32:03.443"/>
</kw>
<kw name="Page Should Contain Element" library="SeleniumLibrary">
<arg>//*[@id="loginnavbtn"]</arg>
<doc>Verifies that element ``locator`` is found on the current page.</doc>
<msg timestamp="20241130 23:32:03.533" level="INFO" html="true">&lt;/td&gt;&lt;/tr&gt;&lt;tr&gt;&lt;td colspan="3"&gt;&lt;a href="selenium-screenshot-23.png"&gt;&lt;img src="selenium-screenshot-23.png" width="800px"&gt;&lt;/a&gt;</msg>
<msg timestamp="20241130 23:32:03.534" level="FAIL">Page should have contained element '//*[@id="loginnavbtn"]' but did not.</msg>
<status status="FAIL" starttime="20241130 23:32:03.444" endtime="20241130 23:32:03.537"/>
</kw>
<kw name="Page Should Contain Element" library="SeleniumLibrary">
<arg>//*[@id="regnavbtn"]</arg>
<doc>Verifies that element ``locator`` is found on the current page.</doc>
<status status="NOT RUN" starttime="20241130 23:32:03.538" endtime="20241130 23:32:03.538"/>
</kw>
<kw name="Sleep" library="BuiltIn">
<arg>2s</arg>
<doc>Pauses the test executed for the given time.</doc>
<status status="NOT RUN" starttime="20241130 23:32:03.538" endtime="20241130 23:32:03.538"/>
</kw>
<kw name="Set Window Size" library="SeleniumLibrary">
<arg>375</arg>
<arg>667</arg>
<doc>Sets current windows size to given ``width`` and ``height``.</doc>
<status status="NOT RUN" starttime="20241130 23:32:03.538" endtime="20241130 23:32:03.538"/>
</kw>
<kw name="Sleep" library="BuiltIn">
<arg>2s</arg>
<doc>Pauses the test executed for the given time.</doc>
<status status="NOT RUN" starttime="20241130 23:32:03.539" endtime="20241130 23:32:03.539"/>
</kw>
<kw name="Page Should Contain Element" library="SeleniumLibrary">
<arg>//*[@id="loginnavbtn"]</arg>
<doc>Verifies that element ``locator`` is found on the current page.</doc>
<status status="NOT RUN" starttime="20241130 23:32:03.539" endtime="20241130 23:32:03.539"/>
</kw>
<kw name="Page Should Contain Element" library="SeleniumLibrary">
<arg>//*[@id="regnavbtn"]</arg>
<doc>Verifies that element ``locator`` is found on the current page.</doc>
<status status="NOT RUN" starttime="20241130 23:32:03.540" endtime="20241130 23:32:03.540"/>
</kw>
<kw name="Sleep" library="BuiltIn">
<arg>2s</arg>
<doc>Pauses the test executed for the given time.</doc>
<status status="NOT RUN" starttime="20241130 23:32:03.540" endtime="20241130 23:32:03.540"/>
</kw>
<kw name="Maximize Browser Window" library="SeleniumLibrary">
<doc>Maximizes current browser window.</doc>
<status status="NOT RUN" starttime="20241130 23:32:03.541" endtime="20241130 23:32:03.541"/>
</kw>
<kw name="Sleep" library="BuiltIn">
<arg>2s</arg>
<doc>Pauses the test executed for the given time.</doc>
<status status="NOT RUN" starttime="20241130 23:32:03.541" endtime="20241130 23:32:03.541"/>
</kw>
<status status="FAIL" starttime="20241130 23:32:01.034" endtime="20241130 23:32:03.541">Page should have contained element '//*[@id="loginnavbtn"]' but did not.</status>
</test>
<kw name="Close Browser Session" type="TEARDOWN">
<kw name="Close Browser" library="SeleniumLibrary">
<doc>Closes the current browser.</doc>
<status status="PASS" starttime="20241130 23:32:03.542" endtime="20241130 23:32:05.764"/>
</kw>
<status status="PASS" starttime="20241130 23:32:03.542" endtime="20241130 23:32:05.764"/>
</kw>
<status status="FAIL" starttime="20241130 23:30:54.517" endtime="20241130 23:32:05.764"/>
</suite>
<statistics>
<total>
<stat pass="5" fail="1" skip="0">All Tests</stat>
</total>
<tag>
</tag>
<suite>
<stat pass="5" fail="1" skip="0" id="s1" name="Extr Automation">Extr Automation</stat>
</suite>
</statistics>
<errors>
</errors>
</robot>
