<?xml version="1.0" encoding="UTF-8"?>
<robot generator="Robot 6.1.1 (Python 3.12.0 on win32)" generated="20241130 00:01:42.384" rpa="false" schemaversion="4">
<suite id="s1" name="Extr Automation" source="C:\py-workspace\ASIJumpStart2024-Group1_ASIBasecodeCSharp2024-AutomationTesting\venv\extr_automation.robot">
<kw name="Open Browser Session" type="SETUP">
<kw name="Open Browser" library="SeleniumLibrary">
<arg>${URL}</arg>
<arg>${BROWSER}</arg>
<doc>Opens a new browser instance to the optional ``url``.</doc>
<msg timestamp="20241130 00:01:42.596" level="INFO">Opening browser 'Edge' to base url 'https://localhost:60648/'.</msg>
<status status="PASS" starttime="20241130 00:01:42.595" endtime="20241130 00:01:44.760"/>
</kw>
<kw name="Maximize Browser Window" library="SeleniumLibrary">
<doc>Maximizes current browser window.</doc>
<status status="PASS" starttime="20241130 00:01:44.760" endtime="20241130 00:01:46.131"/>
</kw>
<kw name="Sleep" library="BuiltIn">
<arg>2s</arg>
<doc>Pauses the test executed for the given time.</doc>
<msg timestamp="20241130 00:01:48.131" level="INFO">Slept 2 seconds</msg>
<status status="PASS" starttime="20241130 00:01:46.131" endtime="20241130 00:01:48.131"/>
</kw>
<status status="PASS" starttime="20241130 00:01:42.595" endtime="20241130 00:01:48.131"/>
</kw>
<test id="s1-t1" name="Test Case 1 EXTR Navigation" line="28">
<kw name="Sleep" library="BuiltIn">
<arg>2s</arg>
<doc>Pauses the test executed for the given time.</doc>
<msg timestamp="20241130 00:01:50.134" level="INFO">Slept 2 seconds</msg>
<status status="PASS" starttime="20241130 00:01:48.133" endtime="20241130 00:01:50.134"/>
</kw>
<kw name="Click Element" library="SeleniumLibrary">
<arg>//*[@id="loginnavbtn"]</arg>
<doc>Click the element identified by ``locator``.</doc>
<msg timestamp="20241130 00:01:50.135" level="INFO">Clicking element '//*[@id="loginnavbtn"]'.</msg>
<status status="PASS" starttime="20241130 00:01:50.134" endtime="20241130 00:01:51.321"/>
</kw>
<kw name="Sleep" library="BuiltIn">
<arg>2s</arg>
<doc>Pauses the test executed for the given time.</doc>
<msg timestamp="20241130 00:01:53.322" level="INFO">Slept 2 seconds</msg>
<status status="PASS" starttime="20241130 00:01:51.322" endtime="20241130 00:01:53.322"/>
</kw>
<kw name="Click Element" library="SeleniumLibrary">
<arg>//*[@id="regnavbtn"]</arg>
<doc>Click the element identified by ``locator``.</doc>
<msg timestamp="20241130 00:01:53.322" level="INFO">Clicking element '//*[@id="regnavbtn"]'.</msg>
<status status="PASS" starttime="20241130 00:01:53.322" endtime="20241130 00:01:53.913"/>
</kw>
<kw name="Sleep" library="BuiltIn">
<arg>2s</arg>
<doc>Pauses the test executed for the given time.</doc>
<msg timestamp="20241130 00:01:55.914" level="INFO">Slept 2 seconds</msg>
<status status="PASS" starttime="20241130 00:01:53.913" endtime="20241130 00:01:55.914"/>
</kw>
<kw name="Click Element" library="SeleniumLibrary">
<arg>//*[@id="tologinnav"]</arg>
<doc>Click the element identified by ``locator``.</doc>
<msg timestamp="20241130 00:01:55.916" level="INFO">Clicking element '//*[@id="tologinnav"]'.</msg>
<status status="PASS" starttime="20241130 00:01:55.915" endtime="20241130 00:01:56.555"/>
</kw>
<kw name="Sleep" library="BuiltIn">
<arg>2s</arg>
<doc>Pauses the test executed for the given time.</doc>
<msg timestamp="20241130 00:01:58.557" level="INFO">Slept 2 seconds</msg>
<status status="PASS" starttime="20241130 00:01:56.555" endtime="20241130 00:01:58.557"/>
</kw>
<kw name="Click Element" library="SeleniumLibrary">
<arg>//*[@id="tofpassnav"]</arg>
<doc>Click the element identified by ``locator``.</doc>
<msg timestamp="20241130 00:01:58.558" level="INFO">Clicking element '//*[@id="tofpassnav"]'.</msg>
<status status="PASS" starttime="20241130 00:01:58.557" endtime="20241130 00:01:59.167"/>
</kw>
<kw name="Sleep" library="BuiltIn">
<arg>2s</arg>
<doc>Pauses the test executed for the given time.</doc>
<msg timestamp="20241130 00:02:01.179" level="INFO">Slept 2 seconds</msg>
<status status="PASS" starttime="20241130 00:01:59.179" endtime="20241130 00:02:01.179"/>
</kw>
<kw name="Click Element" library="SeleniumLibrary">
<arg>//*[@id="goBack"]</arg>
<doc>Click the element identified by ``locator``.</doc>
<msg timestamp="20241130 00:02:01.180" level="INFO">Clicking element '//*[@id="goBack"]'.</msg>
<status status="PASS" starttime="20241130 00:02:01.179" endtime="20241130 00:02:01.793"/>
</kw>
<kw name="Sleep" library="BuiltIn">
<arg>2s</arg>
<doc>Pauses the test executed for the given time.</doc>
<msg timestamp="20241130 00:02:03.795" level="INFO">Slept 2 seconds</msg>
<status status="PASS" starttime="20241130 00:02:01.794" endtime="20241130 00:02:03.795"/>
</kw>
<status status="PASS" starttime="20241130 00:01:48.132" endtime="20241130 00:02:03.796"/>
</test>
<test id="s1-t2" name="Test Case 2 EXTR Login" line="41">
<kw name="Input Text" library="SeleniumLibrary">
<arg>//*[@id="usernameInput"]</arg>
<arg>${username2}</arg>
<doc>Types the given ``text`` into the text field identified by ``locator``.</doc>
<msg timestamp="20241130 00:02:03.802" level="INFO">Typing text 'arya' into text field '//*[@id="usernameInput"]'.</msg>
<status status="PASS" starttime="20241130 00:02:03.801" endtime="20241130 00:02:03.927"/>
</kw>
<kw name="Input Text" library="SeleniumLibrary">
<arg>//*[@id="passwordInput"]</arg>
<arg>${password1}</arg>
<doc>Types the given ``text`` into the text field identified by ``locator``.</doc>
<msg timestamp="20241130 00:02:03.928" level="INFO">Typing text 'asdasdasd' into text field '//*[@id="passwordInput"]'.</msg>
<status status="PASS" starttime="20241130 00:02:03.927" endtime="20241130 00:02:04.046"/>
</kw>
<kw name="Sleep" library="BuiltIn">
<arg>2s</arg>
<doc>Pauses the test executed for the given time.</doc>
<msg timestamp="20241130 00:02:06.048" level="INFO">Slept 2 seconds</msg>
<status status="PASS" starttime="20241130 00:02:04.048" endtime="20241130 00:02:06.049"/>
</kw>
<kw name="Click Element" library="SeleniumLibrary">
<arg>//*[@id="loginBtn"]</arg>
<doc>Click the element identified by ``locator``.</doc>
<msg timestamp="20241130 00:02:06.051" level="INFO">Clicking element '//*[@id="loginBtn"]'.</msg>
<status status="PASS" starttime="20241130 00:02:06.050" endtime="20241130 00:02:06.711"/>
</kw>
<kw name="Sleep" library="BuiltIn">
<arg>2s</arg>
<doc>Pauses the test executed for the given time.</doc>
<msg timestamp="20241130 00:02:08.713" level="INFO">Slept 2 seconds</msg>
<status status="PASS" starttime="20241130 00:02:06.713" endtime="20241130 00:02:08.714"/>
</kw>
<kw name="Input Text" library="SeleniumLibrary">
<arg>//*[@id="usernameInput"]</arg>
<arg>${username1}</arg>
<doc>Types the given ``text`` into the text field identified by ``locator``.</doc>
<msg timestamp="20241130 00:02:08.717" level="INFO">Typing text 'whyiamhated' into text field '//*[@id="usernameInput"]'.</msg>
<status status="PASS" starttime="20241130 00:02:08.716" endtime="20241130 00:02:08.829"/>
</kw>
<kw name="Input Text" library="SeleniumLibrary">
<arg>//*[@id="passwordInput"]</arg>
<arg>${password3}</arg>
<doc>Types the given ``text`` into the text field identified by ``locator``.</doc>
<msg timestamp="20241130 00:02:08.830" level="INFO">Typing text '12121212' into text field '//*[@id="passwordInput"]'.</msg>
<status status="PASS" starttime="20241130 00:02:08.830" endtime="20241130 00:02:08.922"/>
</kw>
<kw name="Sleep" library="BuiltIn">
<arg>2s</arg>
<doc>Pauses the test executed for the given time.</doc>
<msg timestamp="20241130 00:02:10.923" level="INFO">Slept 2 seconds</msg>
<status status="PASS" starttime="20241130 00:02:08.922" endtime="20241130 00:02:10.923"/>
</kw>
<kw name="Click Element" library="SeleniumLibrary">
<arg>//*[@id="loginBtn"]</arg>
<doc>Click the element identified by ``locator``.</doc>
<msg timestamp="20241130 00:02:10.925" level="INFO">Clicking element '//*[@id="loginBtn"]'.</msg>
<status status="PASS" starttime="20241130 00:02:10.924" endtime="20241130 00:02:11.058"/>
</kw>
<kw name="Sleep" library="BuiltIn">
<arg>2s</arg>
<doc>Pauses the test executed for the given time.</doc>
<msg timestamp="20241130 00:02:13.063" level="INFO">Slept 2 seconds</msg>
<status status="PASS" starttime="20241130 00:02:11.062" endtime="20241130 00:02:13.063"/>
</kw>
<kw name="Input Text" library="SeleniumLibrary">
<arg>//*[@id="usernameInput"]</arg>
<arg>${username3}</arg>
<doc>Types the given ``text`` into the text field identified by ``locator``.</doc>
<msg timestamp="20241130 00:02:13.067" level="INFO">Typing text 'aiahtot' into text field '//*[@id="usernameInput"]'.</msg>
<status status="PASS" starttime="20241130 00:02:13.064" endtime="20241130 00:02:13.194"/>
</kw>
<kw name="Input Text" library="SeleniumLibrary">
<arg>//*[@id="passwordInput"]</arg>
<arg>${password2}</arg>
<doc>Types the given ``text`` into the text field identified by ``locator``.</doc>
<msg timestamp="20241130 00:02:13.195" level="INFO">Typing text '123456' into text field '//*[@id="passwordInput"]'.</msg>
<status status="PASS" starttime="20241130 00:02:13.194" endtime="20241130 00:02:13.276"/>
</kw>
<kw name="Sleep" library="BuiltIn">
<arg>2s</arg>
<doc>Pauses the test executed for the given time.</doc>
<msg timestamp="20241130 00:02:15.277" level="INFO">Slept 2 seconds</msg>
<status status="PASS" starttime="20241130 00:02:13.277" endtime="20241130 00:02:15.277"/>
</kw>
<kw name="Click Element" library="SeleniumLibrary">
<arg>//*[@id="loginBtn"]</arg>
<doc>Click the element identified by ``locator``.</doc>
<msg timestamp="20241130 00:02:15.277" level="INFO">Clicking element '//*[@id="loginBtn"]'.</msg>
<status status="PASS" starttime="20241130 00:02:15.277" endtime="20241130 00:02:15.427"/>
</kw>
<kw name="Sleep" library="BuiltIn">
<arg>2s</arg>
<doc>Pauses the test executed for the given time.</doc>
<msg timestamp="20241130 00:02:17.430" level="INFO">Slept 2 seconds</msg>
<status status="PASS" starttime="20241130 00:02:15.430" endtime="20241130 00:02:17.430"/>
</kw>
<kw name="Input Text" library="SeleniumLibrary">
<arg>//*[@id="usernameInput"]</arg>
<arg>${username2}</arg>
<doc>Types the given ``text`` into the text field identified by ``locator``.</doc>
<msg timestamp="20241130 00:02:17.433" level="INFO">Typing text 'arya' into text field '//*[@id="usernameInput"]'.</msg>
<status status="PASS" starttime="20241130 00:02:17.431" endtime="20241130 00:02:17.516"/>
</kw>
<kw name="Input Text" library="SeleniumLibrary">
<arg>//*[@id="passwordInput"]</arg>
<arg>${password2}</arg>
<doc>Types the given ``text`` into the text field identified by ``locator``.</doc>
<msg timestamp="20241130 00:02:17.517" level="INFO">Typing text '123456' into text field '//*[@id="passwordInput"]'.</msg>
<status status="PASS" starttime="20241130 00:02:17.517" endtime="20241130 00:02:17.606"/>
</kw>
<kw name="Sleep" library="BuiltIn">
<arg>2s</arg>
<doc>Pauses the test executed for the given time.</doc>
<msg timestamp="20241130 00:02:19.607" level="INFO">Slept 2 seconds</msg>
<status status="PASS" starttime="20241130 00:02:17.607" endtime="20241130 00:02:19.607"/>
</kw>
<kw name="Click Element" library="SeleniumLibrary">
<arg>//*[@id="loginBtn"]</arg>
<doc>Click the element identified by ``locator``.</doc>
<msg timestamp="20241130 00:02:19.610" level="INFO">Clicking element '//*[@id="loginBtn"]'.</msg>
<status status="PASS" starttime="20241130 00:02:19.609" endtime="20241130 00:02:23.791"/>
</kw>
<kw name="Sleep" library="BuiltIn">
<arg>2s</arg>
<doc>Pauses the test executed for the given time.</doc>
<msg timestamp="20241130 00:02:25.810" level="INFO">Slept 2 seconds</msg>
<status status="PASS" starttime="20241130 00:02:23.809" endtime="20241130 00:02:25.810"/>
</kw>
<status status="PASS" starttime="20241130 00:02:03.800" endtime="20241130 00:02:25.811"/>
</test>
<kw name="Close Browser Session" type="TEARDOWN">
<kw name="Close Browser" library="SeleniumLibrary">
<doc>Closes the current browser.</doc>
<status status="PASS" starttime="20241130 00:02:25.813" endtime="20241130 00:02:28.125"/>
</kw>
<status status="PASS" starttime="20241130 00:02:25.813" endtime="20241130 00:02:28.125"/>
</kw>
<status status="PASS" starttime="20241130 00:01:42.386" endtime="20241130 00:02:28.125"/>
</suite>
<statistics>
<total>
<stat pass="2" fail="0" skip="0">All Tests</stat>
</total>
<tag>
</tag>
<suite>
<stat pass="2" fail="0" skip="0" id="s1" name="Extr Automation">Extr Automation</stat>
</suite>
</statistics>
<errors>
</errors>
</robot>
