<?xml version="1.0" encoding="UTF-8"?>
<robot generator="Robot 6.1.1 (Python 3.12.0 on win32)" generated="20241130 13:43:54.031" rpa="false" schemaversion="4">
<suite id="s1" name="Extr Automation" source="C:\py-workspace\ASIJumpStart2024-Group1_ASIBasecodeCSharp2024-AutomationTesting\venv\extr_automation.robot">
<kw name="Open Browser Session" type="SETUP">
<kw name="Open Browser" library="SeleniumLibrary">
<arg>${URL}</arg>
<arg>${BROWSER}</arg>
<doc>Opens a new browser instance to the optional ``url``.</doc>
<msg timestamp="20241130 13:43:54.202" level="INFO">Opening browser 'Edge' to base url 'https://localhost:60648/'.</msg>
<status status="PASS" starttime="20241130 13:43:54.202" endtime="20241130 13:43:56.162"/>
</kw>
<kw name="Maximize Browser Window" library="SeleniumLibrary">
<doc>Maximizes current browser window.</doc>
<status status="PASS" starttime="20241130 13:43:56.163" endtime="20241130 13:43:56.806"/>
</kw>
<kw name="Sleep" library="BuiltIn">
<arg>2s</arg>
<doc>Pauses the test executed for the given time.</doc>
<msg timestamp="20241130 13:43:58.806" level="INFO">Slept 2 seconds</msg>
<status status="PASS" starttime="20241130 13:43:56.806" endtime="20241130 13:43:58.806"/>
</kw>
<status status="PASS" starttime="20241130 13:43:54.202" endtime="20241130 13:43:58.806"/>
</kw>
<test id="s1-t1" name="Test Case 1 EXTR Navigation" line="38">
<kw name="Sleep" library="BuiltIn">
<arg>2s</arg>
<doc>Pauses the test executed for the given time.</doc>
<msg timestamp="20241130 13:44:00.809" level="INFO">Slept 2 seconds</msg>
<status status="PASS" starttime="20241130 13:43:58.808" endtime="20241130 13:44:00.809"/>
</kw>
<kw name="Click Element" library="SeleniumLibrary">
<arg>//*[@id="loginnavbtn"]</arg>
<doc>Click the element identified by ``locator``.</doc>
<msg timestamp="20241130 13:44:00.810" level="INFO">Clicking element '//*[@id="loginnavbtn"]'.</msg>
<status status="PASS" starttime="20241130 13:44:00.810" endtime="20241130 13:44:01.479"/>
</kw>
<kw name="Sleep" library="BuiltIn">
<arg>2s</arg>
<doc>Pauses the test executed for the given time.</doc>
<msg timestamp="20241130 13:44:03.481" level="INFO">Slept 2 seconds</msg>
<status status="PASS" starttime="20241130 13:44:01.479" endtime="20241130 13:44:03.481"/>
</kw>
<kw name="Click Element" library="SeleniumLibrary">
<arg>//*[@id="regnavbtn"]</arg>
<doc>Click the element identified by ``locator``.</doc>
<msg timestamp="20241130 13:44:03.483" level="INFO">Clicking element '//*[@id="regnavbtn"]'.</msg>
<status status="PASS" starttime="20241130 13:44:03.482" endtime="20241130 13:44:04.119"/>
</kw>
<kw name="Sleep" library="BuiltIn">
<arg>2s</arg>
<doc>Pauses the test executed for the given time.</doc>
<msg timestamp="20241130 13:44:06.121" level="INFO">Slept 2 seconds</msg>
<status status="PASS" starttime="20241130 13:44:04.121" endtime="20241130 13:44:06.121"/>
</kw>
<kw name="Click Element" library="SeleniumLibrary">
<arg>//*[@id="tologinnav"]</arg>
<doc>Click the element identified by ``locator``.</doc>
<msg timestamp="20241130 13:44:06.122" level="INFO">Clicking element '//*[@id="tologinnav"]'.</msg>
<status status="PASS" starttime="20241130 13:44:06.122" endtime="20241130 13:44:06.737"/>
</kw>
<kw name="Sleep" library="BuiltIn">
<arg>2s</arg>
<doc>Pauses the test executed for the given time.</doc>
<msg timestamp="20241130 13:44:08.740" level="INFO">Slept 2 seconds</msg>
<status status="PASS" starttime="20241130 13:44:06.739" endtime="20241130 13:44:08.740"/>
</kw>
<kw name="Click Element" library="SeleniumLibrary">
<arg>//*[@id="tofpassnav"]</arg>
<doc>Click the element identified by ``locator``.</doc>
<msg timestamp="20241130 13:44:08.742" level="INFO">Clicking element '//*[@id="tofpassnav"]'.</msg>
<status status="PASS" starttime="20241130 13:44:08.741" endtime="20241130 13:44:09.330"/>
</kw>
<kw name="Sleep" library="BuiltIn">
<arg>2s</arg>
<doc>Pauses the test executed for the given time.</doc>
<msg timestamp="20241130 13:44:11.335" level="INFO">Slept 2 seconds</msg>
<status status="PASS" starttime="20241130 13:44:09.333" endtime="20241130 13:44:11.335"/>
</kw>
<kw name="Click Element" library="SeleniumLibrary">
<arg>//*[@id="goBack"]</arg>
<doc>Click the element identified by ``locator``.</doc>
<msg timestamp="20241130 13:44:11.337" level="INFO">Clicking element '//*[@id="goBack"]'.</msg>
<status status="PASS" starttime="20241130 13:44:11.336" endtime="20241130 13:44:11.952"/>
</kw>
<kw name="Sleep" library="BuiltIn">
<arg>2s</arg>
<doc>Pauses the test executed for the given time.</doc>
<msg timestamp="20241130 13:44:13.953" level="INFO">Slept 2 seconds</msg>
<status status="PASS" starttime="20241130 13:44:11.952" endtime="20241130 13:44:13.953"/>
</kw>
<status status="PASS" starttime="20241130 13:43:58.807" endtime="20241130 13:44:13.954"/>
</test>
<test id="s1-t2" name="Test Case 2 EXTR Login" line="51">
<kw name="Input Text" library="SeleniumLibrary">
<arg>//*[@id="usernameInput"]</arg>
<arg>${username2}</arg>
<doc>Types the given ``text`` into the text field identified by ``locator``.</doc>
<msg timestamp="20241130 13:44:13.958" level="INFO">Typing text 'arya' into text field '//*[@id="usernameInput"]'.</msg>
<status status="PASS" starttime="20241130 13:44:13.957" endtime="20241130 13:44:14.062"/>
</kw>
<kw name="Input Text" library="SeleniumLibrary">
<arg>//*[@id="passwordInput"]</arg>
<arg>${password1}</arg>
<doc>Types the given ``text`` into the text field identified by ``locator``.</doc>
<msg timestamp="20241130 13:44:14.064" level="INFO">Typing text 'asdasdasd' into text field '//*[@id="passwordInput"]'.</msg>
<status status="PASS" starttime="20241130 13:44:14.062" endtime="20241130 13:44:14.152"/>
</kw>
<kw name="Sleep" library="BuiltIn">
<arg>2s</arg>
<doc>Pauses the test executed for the given time.</doc>
<msg timestamp="20241130 13:44:16.153" level="INFO">Slept 2 seconds</msg>
<status status="PASS" starttime="20241130 13:44:14.152" endtime="20241130 13:44:16.153"/>
</kw>
<kw name="Click Element" library="SeleniumLibrary">
<arg>//*[@id="loginBtn"]</arg>
<doc>Click the element identified by ``locator``.</doc>
<msg timestamp="20241130 13:44:16.155" level="INFO">Clicking element '//*[@id="loginBtn"]'.</msg>
<status status="PASS" starttime="20241130 13:44:16.154" endtime="20241130 13:44:16.291"/>
</kw>
<kw name="Sleep" library="BuiltIn">
<arg>2s</arg>
<doc>Pauses the test executed for the given time.</doc>
<msg timestamp="20241130 13:44:18.291" level="INFO">Slept 2 seconds</msg>
<status status="PASS" starttime="20241130 13:44:16.291" endtime="20241130 13:44:18.291"/>
</kw>
<kw name="Input Text" library="SeleniumLibrary">
<arg>//*[@id="usernameInput"]</arg>
<arg>${username1}</arg>
<doc>Types the given ``text`` into the text field identified by ``locator``.</doc>
<msg timestamp="20241130 13:44:18.293" level="INFO">Typing text 'whyiamhated' into text field '//*[@id="usernameInput"]'.</msg>
<status status="PASS" starttime="20241130 13:44:18.292" endtime="20241130 13:44:18.440"/>
</kw>
<kw name="Input Text" library="SeleniumLibrary">
<arg>//*[@id="passwordInput"]</arg>
<arg>${password3}</arg>
<doc>Types the given ``text`` into the text field identified by ``locator``.</doc>
<msg timestamp="20241130 13:44:18.441" level="INFO">Typing text '12121212' into text field '//*[@id="passwordInput"]'.</msg>
<status status="PASS" starttime="20241130 13:44:18.440" endtime="20241130 13:44:18.529"/>
</kw>
<kw name="Sleep" library="BuiltIn">
<arg>2s</arg>
<doc>Pauses the test executed for the given time.</doc>
<msg timestamp="20241130 13:44:20.530" level="INFO">Slept 2 seconds</msg>
<status status="PASS" starttime="20241130 13:44:18.529" endtime="20241130 13:44:20.530"/>
</kw>
<kw name="Click Element" library="SeleniumLibrary">
<arg>//*[@id="loginBtn"]</arg>
<doc>Click the element identified by ``locator``.</doc>
<msg timestamp="20241130 13:44:20.531" level="INFO">Clicking element '//*[@id="loginBtn"]'.</msg>
<status status="PASS" starttime="20241130 13:44:20.530" endtime="20241130 13:44:20.677"/>
</kw>
<kw name="Sleep" library="BuiltIn">
<arg>2s</arg>
<doc>Pauses the test executed for the given time.</doc>
<msg timestamp="20241130 13:44:22.679" level="INFO">Slept 2 seconds</msg>
<status status="PASS" starttime="20241130 13:44:20.678" endtime="20241130 13:44:22.679"/>
</kw>
<kw name="Input Text" library="SeleniumLibrary">
<arg>//*[@id="usernameInput"]</arg>
<arg>${username3}</arg>
<doc>Types the given ``text`` into the text field identified by ``locator``.</doc>
<msg timestamp="20241130 13:44:22.680" level="INFO">Typing text 'aiahtot' into text field '//*[@id="usernameInput"]'.</msg>
<status status="PASS" starttime="20241130 13:44:22.679" endtime="20241130 13:44:22.775"/>
</kw>
<kw name="Input Text" library="SeleniumLibrary">
<arg>//*[@id="passwordInput"]</arg>
<arg>${password2}</arg>
<doc>Types the given ``text`` into the text field identified by ``locator``.</doc>
<msg timestamp="20241130 13:44:22.776" level="INFO">Typing text '123456' into text field '//*[@id="passwordInput"]'.</msg>
<status status="PASS" starttime="20241130 13:44:22.775" endtime="20241130 13:44:22.853"/>
</kw>
<kw name="Sleep" library="BuiltIn">
<arg>2s</arg>
<doc>Pauses the test executed for the given time.</doc>
<msg timestamp="20241130 13:44:24.854" level="INFO">Slept 2 seconds</msg>
<status status="PASS" starttime="20241130 13:44:22.854" endtime="20241130 13:44:24.854"/>
</kw>
<kw name="Click Element" library="SeleniumLibrary">
<arg>//*[@id="loginBtn"]</arg>
<doc>Click the element identified by ``locator``.</doc>
<msg timestamp="20241130 13:44:24.857" level="INFO">Clicking element '//*[@id="loginBtn"]'.</msg>
<status status="PASS" starttime="20241130 13:44:24.855" endtime="20241130 13:44:25.530"/>
</kw>
<kw name="Sleep" library="BuiltIn">
<arg>2s</arg>
<doc>Pauses the test executed for the given time.</doc>
<msg timestamp="20241130 13:44:27.535" level="INFO">Slept 2 seconds</msg>
<status status="PASS" starttime="20241130 13:44:25.535" endtime="20241130 13:44:27.535"/>
</kw>
<kw name="Input Text" library="SeleniumLibrary">
<arg>//*[@id="usernameInput"]</arg>
<arg>${username2}</arg>
<doc>Types the given ``text`` into the text field identified by ``locator``.</doc>
<msg timestamp="20241130 13:44:27.537" level="INFO">Typing text 'arya' into text field '//*[@id="usernameInput"]'.</msg>
<status status="PASS" starttime="20241130 13:44:27.536" endtime="20241130 13:44:27.635"/>
</kw>
<kw name="Input Text" library="SeleniumLibrary">
<arg>//*[@id="passwordInput"]</arg>
<arg>${password2}</arg>
<doc>Types the given ``text`` into the text field identified by ``locator``.</doc>
<msg timestamp="20241130 13:44:27.637" level="INFO">Typing text '123456' into text field '//*[@id="passwordInput"]'.</msg>
<status status="PASS" starttime="20241130 13:44:27.636" endtime="20241130 13:44:27.723"/>
</kw>
<kw name="Sleep" library="BuiltIn">
<arg>2s</arg>
<doc>Pauses the test executed for the given time.</doc>
<msg timestamp="20241130 13:44:29.725" level="INFO">Slept 2 seconds</msg>
<status status="PASS" starttime="20241130 13:44:27.725" endtime="20241130 13:44:29.725"/>
</kw>
<kw name="Click Element" library="SeleniumLibrary">
<arg>//*[@id="loginBtn"]</arg>
<doc>Click the element identified by ``locator``.</doc>
<msg timestamp="20241130 13:44:29.727" level="INFO">Clicking element '//*[@id="loginBtn"]'.</msg>
<status status="PASS" starttime="20241130 13:44:29.726" endtime="20241130 13:44:29.957"/>
</kw>
<kw name="Sleep" library="BuiltIn">
<arg>2s</arg>
<doc>Pauses the test executed for the given time.</doc>
<msg timestamp="20241130 13:44:31.958" level="INFO">Slept 2 seconds</msg>
<status status="PASS" starttime="20241130 13:44:29.958" endtime="20241130 13:44:31.958"/>
</kw>
<status status="PASS" starttime="20241130 13:44:13.956" endtime="20241130 13:44:31.958"/>
</test>
<test id="s1-t3" name="Test Case 3 Dashboard Navigation" line="73">
<kw name="Click Element" library="SeleniumLibrary">
<arg>//*[@id="sumanalytics"]</arg>
<doc>Click the element identified by ``locator``.</doc>
<msg timestamp="20241130 13:44:31.960" level="INFO">Clicking element '//*[@id="sumanalytics"]'.</msg>
<status status="PASS" starttime="20241130 13:44:31.960" endtime="20241130 13:44:32.624"/>
</kw>
<kw name="Sleep" library="BuiltIn">
<arg>2s</arg>
<doc>Pauses the test executed for the given time.</doc>
<msg timestamp="20241130 13:44:34.625" level="INFO">Slept 2 seconds</msg>
<status status="PASS" starttime="20241130 13:44:32.624" endtime="20241130 13:44:34.625"/>
</kw>
<kw name="Click Element" library="SeleniumLibrary">
<arg>//*[@id="catdetails"]</arg>
<doc>Click the element identified by ``locator``.</doc>
<msg timestamp="20241130 13:44:34.626" level="INFO">Clicking element '//*[@id="catdetails"]'.</msg>
<status status="PASS" starttime="20241130 13:44:34.625" endtime="20241130 13:44:35.294"/>
</kw>
<kw name="Sleep" library="BuiltIn">
<arg>2s</arg>
<doc>Pauses the test executed for the given time.</doc>
<msg timestamp="20241130 13:44:37.296" level="INFO">Slept 2 seconds</msg>
<status status="PASS" starttime="20241130 13:44:35.295" endtime="20241130 13:44:37.296"/>
</kw>
<kw name="Click Element" library="SeleniumLibrary">
<arg>//*[@id="expdetails"]</arg>
<doc>Click the element identified by ``locator``.</doc>
<msg timestamp="20241130 13:44:37.296" level="INFO">Clicking element '//*[@id="expdetails"]'.</msg>
<status status="PASS" starttime="20241130 13:44:37.296" endtime="20241130 13:44:37.930"/>
</kw>
<kw name="Sleep" library="BuiltIn">
<arg>2s</arg>
<doc>Pauses the test executed for the given time.</doc>
<msg timestamp="20241130 13:44:39.932" level="INFO">Slept 2 seconds</msg>
<status status="PASS" starttime="20241130 13:44:37.931" endtime="20241130 13:44:39.932"/>
</kw>
<kw name="Click Element" library="SeleniumLibrary">
<arg>//*[@id="settings"]</arg>
<doc>Click the element identified by ``locator``.</doc>
<msg timestamp="20241130 13:44:39.933" level="INFO">Clicking element '//*[@id="settings"]'.</msg>
<status status="PASS" starttime="20241130 13:44:39.932" endtime="20241130 13:44:40.552"/>
</kw>
<kw name="Sleep" library="BuiltIn">
<arg>2s</arg>
<doc>Pauses the test executed for the given time.</doc>
<msg timestamp="20241130 13:44:42.554" level="INFO">Slept 2 seconds</msg>
<status status="PASS" starttime="20241130 13:44:40.553" endtime="20241130 13:44:42.555"/>
</kw>
<kw name="Click Element" library="SeleniumLibrary">
<arg>//*[@id="catdetails"]</arg>
<doc>Click the element identified by ``locator``.</doc>
<msg timestamp="20241130 13:44:42.558" level="INFO">Clicking element '//*[@id="catdetails"]'.</msg>
<status status="PASS" starttime="20241130 13:44:42.556" endtime="20241130 13:44:43.192"/>
</kw>
<kw name="Sleep" library="BuiltIn">
<arg>2s</arg>
<doc>Pauses the test executed for the given time.</doc>
<msg timestamp="20241130 13:44:45.196" level="INFO">Slept 2 seconds</msg>
<status status="PASS" starttime="20241130 13:44:43.196" endtime="20241130 13:44:45.197"/>
</kw>
<status status="PASS" starttime="20241130 13:44:31.958" endtime="20241130 13:44:45.198"/>
</test>
<test id="s1-t4" name="Test Cases 4 Add Category, Field Validation and Duplicate Check" line="85">
<kw name="Input Text" library="SeleniumLibrary">
<arg>//*[@id="category-input"]</arg>
<arg>${categoryTitle}</arg>
<doc>Types the given ``text`` into the text field identified by ``locator``.</doc>
<msg timestamp="20241130 13:44:45.203" level="INFO">Typing text 'Food Expense' into text field '//*[@id="category-input"]'.</msg>
<status status="PASS" starttime="20241130 13:44:45.202" endtime="20241130 13:44:45.296"/>
</kw>
<kw name="Click Button" library="SeleniumLibrary">
<arg>//*[@id="addCategory"]</arg>
<doc>Clicks the button identified by ``locator``.</doc>
<msg timestamp="20241130 13:44:45.297" level="INFO">Clicking button '//*[@id="addCategory"]'.</msg>
<status status="PASS" starttime="20241130 13:44:45.297" endtime="20241130 13:44:45.540"/>
</kw>
<kw name="Wait Until Element Is Visible" library="SeleniumLibrary">
<arg>${TOAST_XPATH}</arg>
<arg>timeout=5s</arg>
<doc>Waits until the element ``locator`` is visible.</doc>
<status status="PASS" starttime="20241130 13:44:45.540" endtime="20241130 13:44:46.301"/>
</kw>
<kw name="Get Text" library="SeleniumLibrary">
<var>${toast_message}</var>
<arg>${TOAST_XPATH}</arg>
<doc>Returns the text value of the element identified by ``locator``.</doc>
<msg timestamp="20241130 13:44:46.322" level="INFO">${toast_message} = Category added successfully!</msg>
<status status="PASS" starttime="20241130 13:44:46.301" endtime="20241130 13:44:46.322"/>
</kw>
<kw name="Should Be Equal" library="BuiltIn">
<arg>${toast_message}</arg>
<arg>${catSuccessMsg}</arg>
<doc>Fails if the given objects are unequal.</doc>
<status status="PASS" starttime="20241130 13:44:46.323" endtime="20241130 13:44:46.323"/>
</kw>
<kw name="Sleep" library="BuiltIn">
<arg>2s</arg>
<doc>Pauses the test executed for the given time.</doc>
<msg timestamp="20241130 13:44:48.325" level="INFO">Slept 2 seconds</msg>
<status status="PASS" starttime="20241130 13:44:46.323" endtime="20241130 13:44:48.325"/>
</kw>
<kw name="Click Button" library="SeleniumLibrary">
<arg>//*[@id="addCategory"]</arg>
<doc>Clicks the button identified by ``locator``.</doc>
<msg timestamp="20241130 13:44:48.327" level="INFO">Clicking button '//*[@id="addCategory"]'.</msg>
<status status="PASS" starttime="20241130 13:44:48.326" endtime="20241130 13:44:48.433"/>
</kw>
<kw name="Page Should Contain" library="SeleniumLibrary">
<arg>${catFldRequired}</arg>
<doc>Verifies that current page contains ``text``.</doc>
<msg timestamp="20241130 13:44:48.448" level="INFO">Current page contains text 'Category title is required.'.</msg>
<status status="PASS" starttime="20241130 13:44:48.434" endtime="20241130 13:44:48.448"/>
</kw>
<kw name="Sleep" library="BuiltIn">
<arg>2s</arg>
<doc>Pauses the test executed for the given time.</doc>
<msg timestamp="20241130 13:44:50.449" level="INFO">Slept 2 seconds</msg>
<status status="PASS" starttime="20241130 13:44:48.449" endtime="20241130 13:44:50.449"/>
</kw>
<kw name="Input Text" library="SeleniumLibrary">
<arg>//*[@id="category-input"]</arg>
<arg>${dupeCategoryTitle}</arg>
<doc>Types the given ``text`` into the text field identified by ``locator``.</doc>
<msg timestamp="20241130 13:44:50.451" level="INFO">Typing text 'Transportation' into text field '//*[@id="category-input"]'.</msg>
<status status="PASS" starttime="20241130 13:44:50.450" endtime="20241130 13:44:50.544"/>
</kw>
<kw name="Click Button" library="SeleniumLibrary">
<arg>//*[@id="addCategory"]</arg>
<doc>Clicks the button identified by ``locator``.</doc>
<msg timestamp="20241130 13:44:50.547" level="INFO">Clicking button '//*[@id="addCategory"]'.</msg>
<status status="PASS" starttime="20241130 13:44:50.546" endtime="20241130 13:44:50.776"/>
</kw>
<kw name="Wait Until Element Is Visible" library="SeleniumLibrary">
<arg>${TOAST_XPATH}</arg>
<arg>timeout=5s</arg>
<doc>Waits until the element ``locator`` is visible.</doc>
<status status="PASS" starttime="20241130 13:44:50.776" endtime="20241130 13:44:51.534"/>
</kw>
<kw name="Get Text" library="SeleniumLibrary">
<var>${toast_message}</var>
<arg>${TOAST_XPATH}</arg>
<doc>Returns the text value of the element identified by ``locator``.</doc>
<msg timestamp="20241130 13:44:51.551" level="INFO">${toast_message} = A category with this title already exists.</msg>
<status status="PASS" starttime="20241130 13:44:51.534" endtime="20241130 13:44:51.551"/>
</kw>
<kw name="Should Be Equal" library="BuiltIn">
<arg>${toast_message}</arg>
<arg>${dupeCatMsg}</arg>
<doc>Fails if the given objects are unequal.</doc>
<status status="PASS" starttime="20241130 13:44:51.552" endtime="20241130 13:44:51.552"/>
</kw>
<kw name="Sleep" library="BuiltIn">
<arg>2s</arg>
<doc>Pauses the test executed for the given time.</doc>
<msg timestamp="20241130 13:44:53.552" level="INFO">Slept 2 seconds</msg>
<status status="PASS" starttime="20241130 13:44:51.552" endtime="20241130 13:44:53.552"/>
</kw>
<status status="PASS" starttime="20241130 13:44:45.201" endtime="20241130 13:44:53.553"/>
</test>
<kw name="Close Browser Session" type="TEARDOWN">
<kw name="Close Browser" library="SeleniumLibrary">
<doc>Closes the current browser.</doc>
<status status="PASS" starttime="20241130 13:44:53.557" endtime="20241130 13:44:55.800"/>
</kw>
<status status="PASS" starttime="20241130 13:44:53.557" endtime="20241130 13:44:55.800"/>
</kw>
<status status="PASS" starttime="20241130 13:43:54.032" endtime="20241130 13:44:55.800"/>
</suite>
<statistics>
<total>
<stat pass="4" fail="0" skip="0">All Tests</stat>
</total>
<tag>
</tag>
<suite>
<stat pass="4" fail="0" skip="0" id="s1" name="Extr Automation">Extr Automation</stat>
</suite>
</statistics>
<errors>
</errors>
</robot>
