<?xml version="1.0" encoding="UTF-8"?>
<robot generator="Robot 6.1.1 (Python 3.12.0 on win32)" generated="20241204 19:40:16.628" rpa="false" schemaversion="4">
<suite id="s1" name="Extr Automation" source="C:\py-workspace\ASIJumpStart2024-Group1_ASIBasecodeCSharp2024-AutomationTesting\venv\extr_automation.robot">
<kw name="Open Browser Session" type="SETUP">
<kw name="Open Browser" library="SeleniumLibrary">
<arg>${URL}</arg>
<arg>${BROWSER}</arg>
<doc>Opens a new browser instance to the optional ``url``.</doc>
<msg timestamp="20241204 19:40:16.819" level="INFO">Opening browser 'Edge' to base url 'https://localhost:60648/'.</msg>
<status status="PASS" starttime="20241204 19:40:16.819" endtime="20241204 19:40:20.110"/>
</kw>
<kw name="Maximize Browser Window" library="SeleniumLibrary">
<doc>Maximizes current browser window.</doc>
<status status="PASS" starttime="20241204 19:40:20.110" endtime="20241204 19:40:20.213"/>
</kw>
<kw name="Sleep" library="BuiltIn">
<arg>2s</arg>
<doc>Pauses the test executed for the given time.</doc>
<msg timestamp="20241204 19:40:22.214" level="INFO">Slept 2 seconds</msg>
<status status="PASS" starttime="20241204 19:40:20.213" endtime="20241204 19:40:22.214"/>
</kw>
<status status="PASS" starttime="20241204 19:40:16.819" endtime="20241204 19:40:22.214"/>
</kw>
<test id="s1-t1" name="Test Case 1 EXTR Navigation" line="34">
<kw name="Sleep" library="BuiltIn">
<arg>2s</arg>
<doc>Pauses the test executed for the given time.</doc>
<msg timestamp="20241204 19:40:24.214" level="INFO">Slept 2 seconds</msg>
<status status="PASS" starttime="20241204 19:40:22.214" endtime="20241204 19:40:24.214"/>
</kw>
<kw name="Click Element" library="SeleniumLibrary">
<arg>//*[@id="loginnavbtn"]</arg>
<doc>Click the element identified by ``locator``.</doc>
<msg timestamp="20241204 19:40:24.214" level="INFO">Clicking element '//*[@id="loginnavbtn"]'.</msg>
<status status="PASS" starttime="20241204 19:40:24.214" endtime="20241204 19:40:24.479"/>
</kw>
<kw name="Sleep" library="BuiltIn">
<arg>2s</arg>
<doc>Pauses the test executed for the given time.</doc>
<msg timestamp="20241204 19:40:26.480" level="INFO">Slept 2 seconds</msg>
<status status="PASS" starttime="20241204 19:40:24.480" endtime="20241204 19:40:26.480"/>
</kw>
<kw name="Click Element" library="SeleniumLibrary">
<arg>//*[@id="regnavbtn"]</arg>
<doc>Click the element identified by ``locator``.</doc>
<msg timestamp="20241204 19:40:26.480" level="INFO">Clicking element '//*[@id="regnavbtn"]'.</msg>
<status status="PASS" starttime="20241204 19:40:26.480" endtime="20241204 19:40:27.153"/>
</kw>
<kw name="Sleep" library="BuiltIn">
<arg>2s</arg>
<doc>Pauses the test executed for the given time.</doc>
<msg timestamp="20241204 19:40:29.173" level="INFO">Slept 2 seconds</msg>
<status status="PASS" starttime="20241204 19:40:27.172" endtime="20241204 19:40:29.173"/>
</kw>
<kw name="Click Element" library="SeleniumLibrary">
<arg>//*[@id="tologinnav"]</arg>
<doc>Click the element identified by ``locator``.</doc>
<msg timestamp="20241204 19:40:29.173" level="INFO">Clicking element '//*[@id="tologinnav"]'.</msg>
<status status="PASS" starttime="20241204 19:40:29.173" endtime="20241204 19:40:29.346"/>
</kw>
<kw name="Sleep" library="BuiltIn">
<arg>2s</arg>
<doc>Pauses the test executed for the given time.</doc>
<msg timestamp="20241204 19:40:31.350" level="INFO">Slept 2 seconds</msg>
<status status="PASS" starttime="20241204 19:40:29.349" endtime="20241204 19:40:31.350"/>
</kw>
<kw name="Click Element" library="SeleniumLibrary">
<arg>//*[@id="tofpassnav"]</arg>
<doc>Click the element identified by ``locator``.</doc>
<msg timestamp="20241204 19:40:31.352" level="INFO">Clicking element '//*[@id="tofpassnav"]'.</msg>
<status status="PASS" starttime="20241204 19:40:31.351" endtime="20241204 19:40:31.773"/>
</kw>
<kw name="Sleep" library="BuiltIn">
<arg>2s</arg>
<doc>Pauses the test executed for the given time.</doc>
<msg timestamp="20241204 19:40:33.781" level="INFO">Slept 2 seconds</msg>
<status status="PASS" starttime="20241204 19:40:31.780" endtime="20241204 19:40:33.781"/>
</kw>
<kw name="Click Element" library="SeleniumLibrary">
<arg>//*[@id="goBack"]</arg>
<doc>Click the element identified by ``locator``.</doc>
<msg timestamp="20241204 19:40:33.784" level="INFO">Clicking element '//*[@id="goBack"]'.</msg>
<status status="PASS" starttime="20241204 19:40:33.782" endtime="20241204 19:40:33.954"/>
</kw>
<kw name="Sleep" library="BuiltIn">
<arg>2s</arg>
<doc>Pauses the test executed for the given time.</doc>
<msg timestamp="20241204 19:40:35.956" level="INFO">Slept 2 seconds</msg>
<status status="PASS" starttime="20241204 19:40:33.956" endtime="20241204 19:40:35.956"/>
</kw>
<doc>Test navigation and browser responsiveness</doc>
<status status="PASS" starttime="20241204 19:40:22.214" endtime="20241204 19:40:35.956"/>
</test>
<test id="s1-t2" name="Test Case 2 EXTR Login" line="48">
<kw name="Input Text" library="SeleniumLibrary">
<arg>//*[@id="usernameInput"]</arg>
<arg>${username2}</arg>
<doc>Types the given ``text`` into the text field identified by ``locator``.</doc>
<msg timestamp="20241204 19:40:35.962" level="INFO">Typing text 'arya' into text field '//*[@id="usernameInput"]'.</msg>
<status status="PASS" starttime="20241204 19:40:35.956" endtime="20241204 19:40:36.078"/>
</kw>
<kw name="Input Text" library="SeleniumLibrary">
<arg>//*[@id="passwordInput"]</arg>
<arg>${password1}</arg>
<doc>Types the given ``text`` into the text field identified by ``locator``.</doc>
<msg timestamp="20241204 19:40:36.083" level="INFO">Typing text 'asdasdasd' into text field '//*[@id="passwordInput"]'.</msg>
<status status="PASS" starttime="20241204 19:40:36.081" endtime="20241204 19:40:36.183"/>
</kw>
<kw name="Sleep" library="BuiltIn">
<arg>2s</arg>
<doc>Pauses the test executed for the given time.</doc>
<msg timestamp="20241204 19:40:38.185" level="INFO">Slept 2 seconds</msg>
<status status="PASS" starttime="20241204 19:40:36.184" endtime="20241204 19:40:38.185"/>
</kw>
<kw name="Click Element" library="SeleniumLibrary">
<arg>//*[@id="loginBtn"]</arg>
<doc>Click the element identified by ``locator``.</doc>
<msg timestamp="20241204 19:40:38.187" level="INFO">Clicking element '//*[@id="loginBtn"]'.</msg>
<status status="PASS" starttime="20241204 19:40:38.185" endtime="20241204 19:40:38.405"/>
</kw>
<kw name="Sleep" library="BuiltIn">
<arg>2s</arg>
<doc>Pauses the test executed for the given time.</doc>
<msg timestamp="20241204 19:40:40.408" level="INFO">Slept 2 seconds</msg>
<status status="PASS" starttime="20241204 19:40:38.407" endtime="20241204 19:40:40.408"/>
</kw>
<kw name="Input Text" library="SeleniumLibrary">
<arg>//*[@id="usernameInput"]</arg>
<arg>${username1}</arg>
<doc>Types the given ``text`` into the text field identified by ``locator``.</doc>
<msg timestamp="20241204 19:40:40.410" level="INFO">Typing text 'whyiamhated' into text field '//*[@id="usernameInput"]'.</msg>
<status status="PASS" starttime="20241204 19:40:40.408" endtime="20241204 19:40:40.522"/>
</kw>
<kw name="Input Text" library="SeleniumLibrary">
<arg>//*[@id="passwordInput"]</arg>
<arg>${password3}</arg>
<doc>Types the given ``text`` into the text field identified by ``locator``.</doc>
<msg timestamp="20241204 19:40:40.523" level="INFO">Typing text '12121212' into text field '//*[@id="passwordInput"]'.</msg>
<status status="PASS" starttime="20241204 19:40:40.523" endtime="20241204 19:40:40.608"/>
</kw>
<kw name="Sleep" library="BuiltIn">
<arg>2s</arg>
<doc>Pauses the test executed for the given time.</doc>
<msg timestamp="20241204 19:40:42.610" level="INFO">Slept 2 seconds</msg>
<status status="PASS" starttime="20241204 19:40:40.609" endtime="20241204 19:40:42.610"/>
</kw>
<kw name="Click Element" library="SeleniumLibrary">
<arg>//*[@id="loginBtn"]</arg>
<doc>Click the element identified by ``locator``.</doc>
<msg timestamp="20241204 19:40:42.610" level="INFO">Clicking element '//*[@id="loginBtn"]'.</msg>
<status status="PASS" starttime="20241204 19:40:42.610" endtime="20241204 19:40:42.773"/>
</kw>
<kw name="Sleep" library="BuiltIn">
<arg>2s</arg>
<doc>Pauses the test executed for the given time.</doc>
<msg timestamp="20241204 19:40:44.775" level="INFO">Slept 2 seconds</msg>
<status status="PASS" starttime="20241204 19:40:42.775" endtime="20241204 19:40:44.775"/>
</kw>
<kw name="Input Text" library="SeleniumLibrary">
<arg>//*[@id="usernameInput"]</arg>
<arg>${username3}</arg>
<doc>Types the given ``text`` into the text field identified by ``locator``.</doc>
<msg timestamp="20241204 19:40:44.777" level="INFO">Typing text 'aiahtot' into text field '//*[@id="usernameInput"]'.</msg>
<status status="PASS" starttime="20241204 19:40:44.776" endtime="20241204 19:40:44.888"/>
</kw>
<kw name="Input Text" library="SeleniumLibrary">
<arg>//*[@id="passwordInput"]</arg>
<arg>${password2}</arg>
<doc>Types the given ``text`` into the text field identified by ``locator``.</doc>
<msg timestamp="20241204 19:40:44.890" level="INFO">Typing text '123456' into text field '//*[@id="passwordInput"]'.</msg>
<status status="PASS" starttime="20241204 19:40:44.889" endtime="20241204 19:40:44.978"/>
</kw>
<kw name="Sleep" library="BuiltIn">
<arg>2s</arg>
<doc>Pauses the test executed for the given time.</doc>
<msg timestamp="20241204 19:40:46.980" level="INFO">Slept 2 seconds</msg>
<status status="PASS" starttime="20241204 19:40:44.979" endtime="20241204 19:40:46.980"/>
</kw>
<kw name="Click Element" library="SeleniumLibrary">
<arg>//*[@id="loginBtn"]</arg>
<doc>Click the element identified by ``locator``.</doc>
<msg timestamp="20241204 19:40:46.982" level="INFO">Clicking element '//*[@id="loginBtn"]'.</msg>
<status status="PASS" starttime="20241204 19:40:46.982" endtime="20241204 19:40:47.125"/>
</kw>
<kw name="Sleep" library="BuiltIn">
<arg>2s</arg>
<doc>Pauses the test executed for the given time.</doc>
<msg timestamp="20241204 19:40:49.125" level="INFO">Slept 2 seconds</msg>
<status status="PASS" starttime="20241204 19:40:47.125" endtime="20241204 19:40:49.125"/>
</kw>
<kw name="Input Text" library="SeleniumLibrary">
<arg>//*[@id="usernameInput"]</arg>
<arg>${username2}</arg>
<doc>Types the given ``text`` into the text field identified by ``locator``.</doc>
<msg timestamp="20241204 19:40:49.128" level="INFO">Typing text 'arya' into text field '//*[@id="usernameInput"]'.</msg>
<status status="PASS" starttime="20241204 19:40:49.126" endtime="20241204 19:40:49.249"/>
</kw>
<kw name="Input Text" library="SeleniumLibrary">
<arg>//*[@id="passwordInput"]</arg>
<arg>${password2}</arg>
<doc>Types the given ``text`` into the text field identified by ``locator``.</doc>
<msg timestamp="20241204 19:40:49.251" level="INFO">Typing text '123456' into text field '//*[@id="passwordInput"]'.</msg>
<status status="PASS" starttime="20241204 19:40:49.249" endtime="20241204 19:40:49.351"/>
</kw>
<kw name="Sleep" library="BuiltIn">
<arg>2s</arg>
<doc>Pauses the test executed for the given time.</doc>
<msg timestamp="20241204 19:40:51.351" level="INFO">Slept 2 seconds</msg>
<status status="PASS" starttime="20241204 19:40:49.351" endtime="20241204 19:40:51.351"/>
</kw>
<kw name="Click Element" library="SeleniumLibrary">
<arg>//*[@id="loginBtn"]</arg>
<doc>Click the element identified by ``locator``.</doc>
<msg timestamp="20241204 19:40:51.351" level="INFO">Clicking element '//*[@id="loginBtn"]'.</msg>
<status status="PASS" starttime="20241204 19:40:51.351" endtime="20241204 19:40:51.621"/>
</kw>
<kw name="Sleep" library="BuiltIn">
<arg>2s</arg>
<doc>Pauses the test executed for the given time.</doc>
<msg timestamp="20241204 19:40:53.623" level="INFO">Slept 2 seconds</msg>
<status status="PASS" starttime="20241204 19:40:51.622" endtime="20241204 19:40:53.624"/>
</kw>
<status status="PASS" starttime="20241204 19:40:35.956" endtime="20241204 19:40:53.625"/>
</test>
<test id="s1-t3" name="Test Case 3 Dashboard Navigation" line="70">
<kw name="Click Element" library="SeleniumLibrary">
<arg>//*[@id="sumanalytics"]</arg>
<doc>Click the element identified by ``locator``.</doc>
<msg timestamp="20241204 19:40:53.628" level="INFO">Clicking element '//*[@id="sumanalytics"]'.</msg>
<status status="PASS" starttime="20241204 19:40:53.627" endtime="20241204 19:40:54.037"/>
</kw>
<kw name="Sleep" library="BuiltIn">
<arg>2s</arg>
<doc>Pauses the test executed for the given time.</doc>
<msg timestamp="20241204 19:40:56.040" level="INFO">Slept 2 seconds</msg>
<status status="PASS" starttime="20241204 19:40:54.039" endtime="20241204 19:40:56.040"/>
</kw>
<kw name="Click Element" library="SeleniumLibrary">
<arg>//*[@id="catdetails"]</arg>
<doc>Click the element identified by ``locator``.</doc>
<msg timestamp="20241204 19:40:56.040" level="INFO">Clicking element '//*[@id="catdetails"]'.</msg>
<status status="PASS" starttime="20241204 19:40:56.040" endtime="20241204 19:40:56.291"/>
</kw>
<kw name="Sleep" library="BuiltIn">
<arg>2s</arg>
<doc>Pauses the test executed for the given time.</doc>
<msg timestamp="20241204 19:40:58.292" level="INFO">Slept 2 seconds</msg>
<status status="PASS" starttime="20241204 19:40:56.291" endtime="20241204 19:40:58.292"/>
</kw>
<kw name="Click Element" library="SeleniumLibrary">
<arg>//*[@id="walletdetails"]</arg>
<doc>Click the element identified by ``locator``.</doc>
<msg timestamp="20241204 19:40:58.292" level="INFO">Clicking element '//*[@id="walletdetails"]'.</msg>
<status status="PASS" starttime="20241204 19:40:58.292" endtime="20241204 19:41:46.638"/>
</kw>
<kw name="Sleep" library="BuiltIn">
<arg>2s</arg>
<doc>Pauses the test executed for the given time.</doc>
<msg timestamp="20241204 19:41:48.641" level="INFO">Slept 2 seconds</msg>
<status status="PASS" starttime="20241204 19:41:46.641" endtime="20241204 19:41:48.641"/>
</kw>
<kw name="Click Element" library="SeleniumLibrary">
<arg>//*[@id="expdetails"]</arg>
<doc>Click the element identified by ``locator``.</doc>
<msg timestamp="20241204 19:41:48.641" level="INFO">Clicking element '//*[@id="expdetails"]'.</msg>
<msg timestamp="20241204 19:41:48.641" level="WARN">Keyword 'Capture Page Screenshot' could not be run on failure: Message: no such window: target window already closed
from unknown error: web view not found
  (Session info: MicrosoftEdge=131.0.2903.70)
Stacktrace:
	(No symbol) [0x00007FF6C18A6B15]
	Microsoft::Applications::Events::EventProperty::empty [0x00007FF6C1BCF4A4+1437348]
	sqlite3_dbdata_init [0x00007FF6C1C72DE6+643190]
	(No symbol) [0x00007FF6C1767657]
	(No symbol) [0x00007FF6C17F1CE5]
	(No symbol) [0x00007FF6C180670A]
	(No symbol) [0x00007FF6C17EBE03]
	(No symbol) [0x00007FF6C17C2984]
	(No symbol) [0x00007FF6C17C1E30]
	(No symbol) [0x00007FF6C17C2571]
	Microsoft::Applications::Events::EventProperty::empty [0x00007FF6C1B7BB34+1094964]
	(No symbol) [0x00007FF6C18E32C8]
	Microsoft::Applications::Events::EventProperty::empty [0x00007FF6C1B7AF73+1091955]
	Microsoft::Applications::Events::EventProperty::empty [0x00007FF6C1B7AAD9+1090777]
	Microsoft::Applications::Events::ILogConfiguration::operator* [0x00007FF6C1980CE1+461569]
	Microsoft::Applications::Events::ILogConfiguration::operator* [0x00007FF6C197CA04+444452]
	Microsoft::Applications::Events::ILogConfiguration::operator* [0x00007FF6C197CB49+444777]
	Microsoft::Applications::Events::ILogConfiguration::operator* [0x00007FF6C19721C6+401382]
	BaseThreadInitThunk [0x00007FFEB67C259D+29]
	RtlUserThreadStart [0x00007FFEB7DAAF38+40]
</msg>
<msg timestamp="20241204 19:41:48.641" level="FAIL">NoSuchWindowException: Message: no such window: target window already closed
from unknown error: web view not found
  (Session info: MicrosoftEdge=131.0.2903.70)
Stacktrace:
	(No symbol) [0x00007FF6C18A6B15]
	Microsoft::Applications::Events::EventProperty::empty [0x00007FF6C1BCF4A4+1437348]
	sqlite3_dbdata_init [0x00007FF6C1C72DE6+643190]
	(No symbol) [0x00007FF6C1767657]
	(No symbol) [0x00007FF6C17F1CE5]
	(No symbol) [0x00007FF6C180670A]
	(No symbol) [0x00007FF6C17EBE03]
	(No symbol) [0x00007FF6C17C2984]
	(No symbol) [0x00007FF6C17C1E30]
	(No symbol) [0x00007FF6C17C2571]
	Microsoft::Applications::Events::EventProperty::empty [0x00007FF6C1B7BB34+1094964]
	(No symbol) [0x00007FF6C18E32C8]
	Microsoft::Applications::Events::EventProperty::empty [0x00007FF6C1B7AF73+1091955]
	Microsoft::Applications::Events::EventProperty::empty [0x00007FF6C1B7AAD9+1090777]
	Microsoft::Applications::Events::ILogConfiguration::operator* [0x00007FF6C1980CE1+461569]
	Microsoft::Applications::Events::ILogConfiguration::operator* [0x00007FF6C197CA04+444452]
	Microsoft::Applications::Events::ILogConfiguration::operator* [0x00007FF6C197CB49+444777]
	Microsoft::Applications::Events::ILogConfiguration::operator* [0x00007FF6C19721C6+401382]
	BaseThreadInitThunk [0x00007FFEB67C259D+29]
	RtlUserThreadStart [0x00007FFEB7DAAF38+40]
</msg>
<status status="FAIL" starttime="20241204 19:41:48.641" endtime="20241204 19:41:48.756"/>
</kw>
<kw name="Sleep" library="BuiltIn">
<arg>2s</arg>
<doc>Pauses the test executed for the given time.</doc>
<status status="NOT RUN" starttime="20241204 19:41:48.756" endtime="20241204 19:41:48.756"/>
</kw>
<kw name="Click Element" library="SeleniumLibrary">
<arg>//*[@id="settings"]</arg>
<doc>Click the element identified by ``locator``.</doc>
<status status="NOT RUN" starttime="20241204 19:41:48.756" endtime="20241204 19:41:48.756"/>
</kw>
<kw name="Sleep" library="BuiltIn">
<arg>2s</arg>
<doc>Pauses the test executed for the given time.</doc>
<status status="NOT RUN" starttime="20241204 19:41:48.756" endtime="20241204 19:41:48.756"/>
</kw>
<kw name="Click Element" library="SeleniumLibrary">
<arg>//*[@id="catdetails"]</arg>
<doc>Click the element identified by ``locator``.</doc>
<status status="NOT RUN" starttime="20241204 19:41:48.756" endtime="20241204 19:41:48.756"/>
</kw>
<kw name="Sleep" library="BuiltIn">
<arg>2s</arg>
<doc>Pauses the test executed for the given time.</doc>
<status status="NOT RUN" starttime="20241204 19:41:48.756" endtime="20241204 19:41:48.756"/>
</kw>
<status status="FAIL" starttime="20241204 19:40:53.627" endtime="20241204 19:41:48.756">NoSuchWindowException: Message: no such window: target window already closed
from unknown error: web view not found
  (Session info: MicrosoftEdge=131.0.2903.70)
Stacktrace:
	(No symbol) [0x00007FF6C18A6B15]
	Microsoft::Applications::Events::EventProperty::empty [0x00007FF6C1BCF4A4+1437348]
	sqlite3_dbdata_init [0x00007FF6C1C72DE6+643190]
	(No symbol) [0x00007FF6C1767657]
	(No symbol) [0x00007FF6C17F1CE5]
	(No symbol) [0x00007FF6C180670A]
	(No symbol) [0x00007FF6C17EBE03]
	(No symbol) [0x00007FF6C17C2984]
	(No symbol) [0x00007FF6C17C1E30]
	(No symbol) [0x00007FF6C17C2571]
	Microsoft::Applications::Events::EventProperty::empty [0x00007FF6C1B7BB34+1094964]
	(No symbol) [0x00007FF6C18E32C8]
	Microsoft::Applications::Events::EventProperty::empty [0x00007FF6C1B7AF73+1091955]
	Microsoft::Applications::Events::EventProperty::empty [0x00007FF6C1B7AAD9+1090777]
	Microsoft::Applications::Events::ILogConfiguration::operator* [0x00007FF6C1980CE1+461569]
	Microsoft::Applications::Events::ILogConfiguration::operator* [0x00007FF6C197CA04+444452]
	Microsoft::Applications::Events::ILogConfiguration::operator* [0x00007FF6C197CB49+444777]
	Microsoft::Applications::Events::ILogConfiguration::operator* [0x00007FF6C19721C6+401382]
	BaseThreadInitThunk [0x00007FFEB67C259D+29]
	RtlUserThreadStart [0x00007FFEB7DAAF38+40]
</status>
</test>
<test id="s1-t4" name="Test Cases 4 Add Category, Field Validation and Duplicate Check" line="84">
<kw name="Input Text" library="SeleniumLibrary">
<arg>//*[@id="category-input"]</arg>
<arg>${categoryTitle}</arg>
<doc>Types the given ``text`` into the text field identified by ``locator``.</doc>
<msg timestamp="20241204 19:41:48.756" level="INFO">Typing text 'Food Expense' into text field '//*[@id="category-input"]'.</msg>
<msg timestamp="20241204 19:41:48.772" level="WARN">Keyword 'Capture Page Screenshot' could not be run on failure: Message: no such window: target window already closed
from unknown error: web view not found
  (Session info: MicrosoftEdge=131.0.2903.70)
Stacktrace:
	(No symbol) [0x00007FF6C18A6B15]
	Microsoft::Applications::Events::EventProperty::empty [0x00007FF6C1BCF4A4+1437348]
	sqlite3_dbdata_init [0x00007FF6C1C72DE6+643190]
	(No symbol) [0x00007FF6C1767657]
	(No symbol) [0x00007FF6C17F1CE5]
	(No symbol) [0x00007FF6C180670A]
	(No symbol) [0x00007FF6C17EBE03]
	(No symbol) [0x00007FF6C17C2984]
	(No symbol) [0x00007FF6C17C1E30]
	(No symbol) [0x00007FF6C17C2571]
	Microsoft::Applications::Events::EventProperty::empty [0x00007FF6C1B7BB34+1094964]
	(No symbol) [0x00007FF6C18E32C8]
	Microsoft::Applications::Events::EventProperty::empty [0x00007FF6C1B7AF73+1091955]
	Microsoft::Applications::Events::EventProperty::empty [0x00007FF6C1B7AAD9+1090777]
	Microsoft::Applications::Events::ILogConfiguration::operator* [0x00007FF6C1980CE1+461569]
	Microsoft::Applications::Events::ILogConfiguration::operator* [0x00007FF6C197CA04+444452]
	Microsoft::Applications::Events::ILogConfiguration::operator* [0x00007FF6C197CB49+444777]
	Microsoft::Applications::Events::ILogConfiguration::operator* [0x00007FF6C19721C6+401382]
	BaseThreadInitThunk [0x00007FFEB67C259D+29]
	RtlUserThreadStart [0x00007FFEB7DAAF38+40]
</msg>
<msg timestamp="20241204 19:41:48.772" level="FAIL">NoSuchWindowException: Message: no such window: target window already closed
from unknown error: web view not found
  (Session info: MicrosoftEdge=131.0.2903.70)
Stacktrace:
	(No symbol) [0x00007FF6C18A6B15]
	Microsoft::Applications::Events::EventProperty::empty [0x00007FF6C1BCF4A4+1437348]
	sqlite3_dbdata_init [0x00007FF6C1C72DE6+643190]
	(No symbol) [0x00007FF6C1767657]
	(No symbol) [0x00007FF6C17F1CE5]
	(No symbol) [0x00007FF6C180670A]
	(No symbol) [0x00007FF6C17EBE03]
	(No symbol) [0x00007FF6C17C2984]
	(No symbol) [0x00007FF6C17C1E30]
	(No symbol) [0x00007FF6C17C2571]
	Microsoft::Applications::Events::EventProperty::empty [0x00007FF6C1B7BB34+1094964]
	(No symbol) [0x00007FF6C18E32C8]
	Microsoft::Applications::Events::EventProperty::empty [0x00007FF6C1B7AF73+1091955]
	Microsoft::Applications::Events::EventProperty::empty [0x00007FF6C1B7AAD9+1090777]
	Microsoft::Applications::Events::ILogConfiguration::operator* [0x00007FF6C1980CE1+461569]
	Microsoft::Applications::Events::ILogConfiguration::operator* [0x00007FF6C197CA04+444452]
	Microsoft::Applications::Events::ILogConfiguration::operator* [0x00007FF6C197CB49+444777]
	Microsoft::Applications::Events::ILogConfiguration::operator* [0x00007FF6C19721C6+401382]
	BaseThreadInitThunk [0x00007FFEB67C259D+29]
	RtlUserThreadStart [0x00007FFEB7DAAF38+40]
</msg>
<status status="FAIL" starttime="20241204 19:41:48.756" endtime="20241204 19:41:48.772"/>
</kw>
<kw name="Sleep" library="BuiltIn">
<arg>1s</arg>
<doc>Pauses the test executed for the given time.</doc>
<status status="NOT RUN" starttime="20241204 19:41:48.772" endtime="20241204 19:41:48.772"/>
</kw>
<kw name="Click Button" library="SeleniumLibrary">
<arg>//*[@id="addCategory"]</arg>
<doc>Clicks the button identified by ``locator``.</doc>
<status status="NOT RUN" starttime="20241204 19:41:48.772" endtime="20241204 19:41:48.772"/>
</kw>
<kw name="Sleep" library="BuiltIn">
<arg>2s</arg>
<doc>Pauses the test executed for the given time.</doc>
<status status="NOT RUN" starttime="20241204 19:41:48.772" endtime="20241204 19:41:48.772"/>
</kw>
<kw name="Wait Until Element Is Visible" library="SeleniumLibrary">
<arg>${TOAST_XPATH}</arg>
<arg>timeout=5s</arg>
<doc>Waits until the element ``locator`` is visible.</doc>
<status status="NOT RUN" starttime="20241204 19:41:48.772" endtime="20241204 19:41:48.772"/>
</kw>
<kw name="Get Text" library="SeleniumLibrary">
<var>${toast_message}</var>
<arg>${TOAST_XPATH}</arg>
<doc>Returns the text value of the element identified by ``locator``.</doc>
<status status="NOT RUN" starttime="20241204 19:41:48.772" endtime="20241204 19:41:48.772"/>
</kw>
<kw name="Should Be Equal" library="BuiltIn">
<arg>${toast_message}</arg>
<arg>${catSuccessMsg}</arg>
<doc>Fails if the given objects are unequal.</doc>
<status status="NOT RUN" starttime="20241204 19:41:48.772" endtime="20241204 19:41:48.772"/>
</kw>
<kw name="Sleep" library="BuiltIn">
<arg>2s</arg>
<doc>Pauses the test executed for the given time.</doc>
<status status="NOT RUN" starttime="20241204 19:41:48.772" endtime="20241204 19:41:48.772"/>
</kw>
<kw name="Click Button" library="SeleniumLibrary">
<arg>//*[@id="addCategory"]</arg>
<doc>Clicks the button identified by ``locator``.</doc>
<status status="NOT RUN" starttime="20241204 19:41:48.772" endtime="20241204 19:41:48.772"/>
</kw>
<kw name="Page Should Contain" library="SeleniumLibrary">
<arg>${catFldRequired}</arg>
<doc>Verifies that current page contains ``text``.</doc>
<status status="NOT RUN" starttime="20241204 19:41:48.772" endtime="20241204 19:41:48.772"/>
</kw>
<kw name="Sleep" library="BuiltIn">
<arg>2s</arg>
<doc>Pauses the test executed for the given time.</doc>
<status status="NOT RUN" starttime="20241204 19:41:48.772" endtime="20241204 19:41:48.772"/>
</kw>
<kw name="Input Text" library="SeleniumLibrary">
<arg>//*[@id="category-input"]</arg>
<arg>${dupeCategoryTitle}</arg>
<doc>Types the given ``text`` into the text field identified by ``locator``.</doc>
<status status="NOT RUN" starttime="20241204 19:41:48.772" endtime="20241204 19:41:48.772"/>
</kw>
<kw name="Sleep" library="BuiltIn">
<arg>1s</arg>
<doc>Pauses the test executed for the given time.</doc>
<status status="NOT RUN" starttime="20241204 19:41:48.772" endtime="20241204 19:41:48.772"/>
</kw>
<kw name="Click Button" library="SeleniumLibrary">
<arg>//*[@id="addCategory"]</arg>
<doc>Clicks the button identified by ``locator``.</doc>
<status status="NOT RUN" starttime="20241204 19:41:48.772" endtime="20241204 19:41:48.772"/>
</kw>
<kw name="Sleep" library="BuiltIn">
<arg>2s</arg>
<doc>Pauses the test executed for the given time.</doc>
<status status="NOT RUN" starttime="20241204 19:41:48.772" endtime="20241204 19:41:48.772"/>
</kw>
<kw name="Wait Until Element Is Visible" library="SeleniumLibrary">
<arg>${TOAST_XPATH}</arg>
<arg>timeout=5s</arg>
<doc>Waits until the element ``locator`` is visible.</doc>
<status status="NOT RUN" starttime="20241204 19:41:48.772" endtime="20241204 19:41:48.772"/>
</kw>
<kw name="Get Text" library="SeleniumLibrary">
<var>${toast_message}</var>
<arg>${TOAST_XPATH}</arg>
<doc>Returns the text value of the element identified by ``locator``.</doc>
<status status="NOT RUN" starttime="20241204 19:41:48.772" endtime="20241204 19:41:48.772"/>
</kw>
<kw name="Should Be Equal" library="BuiltIn">
<arg>${toast_message}</arg>
<arg>${dupeCatMsg}</arg>
<doc>Fails if the given objects are unequal.</doc>
<status status="NOT RUN" starttime="20241204 19:41:48.787" endtime="20241204 19:41:48.787"/>
</kw>
<kw name="Sleep" library="BuiltIn">
<arg>2s</arg>
<doc>Pauses the test executed for the given time.</doc>
<status status="NOT RUN" starttime="20241204 19:41:48.787" endtime="20241204 19:41:48.787"/>
</kw>
<status status="FAIL" starttime="20241204 19:41:48.756" endtime="20241204 19:41:48.788">NoSuchWindowException: Message: no such window: target window already closed
from unknown error: web view not found
  (Session info: MicrosoftEdge=131.0.2903.70)
Stacktrace:
	(No symbol) [0x00007FF6C18A6B15]
	Microsoft::Applications::Events::EventProperty::empty [0x00007FF6C1BCF4A4+1437348]
	sqlite3_dbdata_init [0x00007FF6C1C72DE6+643190]
	(No symbol) [0x00007FF6C1767657]
	(No symbol) [0x00007FF6C17F1CE5]
	(No symbol) [0x00007FF6C180670A]
	(No symbol) [0x00007FF6C17EBE03]
	(No symbol) [0x00007FF6C17C2984]
	(No symbol) [0x00007FF6C17C1E30]
	(No symbol) [0x00007FF6C17C2571]
	Microsoft::Applications::Events::EventProperty::empty [0x00007FF6C1B7BB34+1094964]
	(No symbol) [0x00007FF6C18E32C8]
	Microsoft::Applications::Events::EventProperty::empty [0x00007FF6C1B7AF73+1091955]
	Microsoft::Applications::Events::EventProperty::empty [0x00007FF6C1B7AAD9+1090777]
	Microsoft::Applications::Events::ILogConfiguration::operator* [0x00007FF6C1980CE1+461569]
	Microsoft::Applications::Events::ILogConfiguration::operator* [0x00007FF6C197CA04+444452]
	Microsoft::Applications::Events::ILogConfiguration::operator* [0x00007FF6C197CB49+444777]
	Microsoft::Applications::Events::ILogConfiguration::operator* [0x00007FF6C19721C6+401382]
	BaseThreadInitThunk [0x00007FFEB67C259D+29]
	RtlUserThreadStart [0x00007FFEB7DAAF38+40]
</status>
</test>
<test id="s1-t5" name="Test Case 5 Edit and Delete Category" line="110">
<kw name="Click Button" library="SeleniumLibrary">
<arg>${dupeCategoryTitle}</arg>
<doc>Clicks the button identified by ``locator``.</doc>
<msg timestamp="20241204 19:41:48.788" level="INFO">Clicking button 'Transportation'.</msg>
<msg timestamp="20241204 19:41:48.788" level="WARN">Keyword 'Capture Page Screenshot' could not be run on failure: Message: no such window: target window already closed
from unknown error: web view not found
  (Session info: MicrosoftEdge=131.0.2903.70)
Stacktrace:
	(No symbol) [0x00007FF6C18A6B15]
	Microsoft::Applications::Events::EventProperty::empty [0x00007FF6C1BCF4A4+1437348]
	sqlite3_dbdata_init [0x00007FF6C1C72DE6+643190]
	(No symbol) [0x00007FF6C1767657]
	(No symbol) [0x00007FF6C17F1CE5]
	(No symbol) [0x00007FF6C180670A]
	(No symbol) [0x00007FF6C17EBE03]
	(No symbol) [0x00007FF6C17C2984]
	(No symbol) [0x00007FF6C17C1E30]
	(No symbol) [0x00007FF6C17C2571]
	Microsoft::Applications::Events::EventProperty::empty [0x00007FF6C1B7BB34+1094964]
	(No symbol) [0x00007FF6C18E32C8]
	Microsoft::Applications::Events::EventProperty::empty [0x00007FF6C1B7AF73+1091955]
	Microsoft::Applications::Events::EventProperty::empty [0x00007FF6C1B7AAD9+1090777]
	Microsoft::Applications::Events::ILogConfiguration::operator* [0x00007FF6C1980CE1+461569]
	Microsoft::Applications::Events::ILogConfiguration::operator* [0x00007FF6C197CA04+444452]
	Microsoft::Applications::Events::ILogConfiguration::operator* [0x00007FF6C197CB49+444777]
	Microsoft::Applications::Events::ILogConfiguration::operator* [0x00007FF6C19721C6+401382]
	BaseThreadInitThunk [0x00007FFEB67C259D+29]
	RtlUserThreadStart [0x00007FFEB7DAAF38+40]
</msg>
<msg timestamp="20241204 19:41:48.788" level="FAIL">NoSuchWindowException: Message: no such window: target window already closed
from unknown error: web view not found
  (Session info: MicrosoftEdge=131.0.2903.70)
Stacktrace:
	(No symbol) [0x00007FF6C18A6B15]
	Microsoft::Applications::Events::EventProperty::empty [0x00007FF6C1BCF4A4+1437348]
	sqlite3_dbdata_init [0x00007FF6C1C72DE6+643190]
	(No symbol) [0x00007FF6C1767657]
	(No symbol) [0x00007FF6C17F1CE5]
	(No symbol) [0x00007FF6C180670A]
	(No symbol) [0x00007FF6C17EBE03]
	(No symbol) [0x00007FF6C17C2984]
	(No symbol) [0x00007FF6C17C1E30]
	(No symbol) [0x00007FF6C17C2571]
	Microsoft::Applications::Events::EventProperty::empty [0x00007FF6C1B7BB34+1094964]
	(No symbol) [0x00007FF6C18E32C8]
	Microsoft::Applications::Events::EventProperty::empty [0x00007FF6C1B7AF73+1091955]
	Microsoft::Applications::Events::EventProperty::empty [0x00007FF6C1B7AAD9+1090777]
	Microsoft::Applications::Events::ILogConfiguration::operator* [0x00007FF6C1980CE1+461569]
	Microsoft::Applications::Events::ILogConfiguration::operator* [0x00007FF6C197CA04+444452]
	Microsoft::Applications::Events::ILogConfiguration::operator* [0x00007FF6C197CB49+444777]
	Microsoft::Applications::Events::ILogConfiguration::operator* [0x00007FF6C19721C6+401382]
	BaseThreadInitThunk [0x00007FFEB67C259D+29]
	RtlUserThreadStart [0x00007FFEB7DAAF38+40]
</msg>
<status status="FAIL" starttime="20241204 19:41:48.788" endtime="20241204 19:41:48.788"/>
</kw>
<kw name="Input Text" library="SeleniumLibrary">
<arg>//*[@id="editCategoryTitle"]</arg>
<arg>${newCategoryTitle}</arg>
<doc>Types the given ``text`` into the text field identified by ``locator``.</doc>
<status status="NOT RUN" starttime="20241204 19:41:48.788" endtime="20241204 19:41:48.788"/>
</kw>
<kw name="Click Button" library="SeleniumLibrary">
<arg>Save Changes</arg>
<doc>Clicks the button identified by ``locator``.</doc>
<status status="NOT RUN" starttime="20241204 19:41:48.788" endtime="20241204 19:41:48.788"/>
</kw>
<kw name="Wait Until Element Is Visible" library="SeleniumLibrary">
<arg>${TOAST_XPATH}</arg>
<arg>timeout=5s</arg>
<doc>Waits until the element ``locator`` is visible.</doc>
<status status="NOT RUN" starttime="20241204 19:41:48.788" endtime="20241204 19:41:48.788"/>
</kw>
<kw name="Get Text" library="SeleniumLibrary">
<var>${toast_message}</var>
<arg>${TOAST_XPATH}</arg>
<doc>Returns the text value of the element identified by ``locator``.</doc>
<status status="NOT RUN" starttime="20241204 19:41:48.788" endtime="20241204 19:41:48.788"/>
</kw>
<kw name="Should Be Equal" library="BuiltIn">
<arg>${toast_message}</arg>
<arg>Category updated successfully!</arg>
<doc>Fails if the given objects are unequal.</doc>
<status status="NOT RUN" starttime="20241204 19:41:48.788" endtime="20241204 19:41:48.788"/>
</kw>
<kw name="Sleep" library="BuiltIn">
<arg>2s</arg>
<doc>Pauses the test executed for the given time.</doc>
<status status="NOT RUN" starttime="20241204 19:41:48.788" endtime="20241204 19:41:48.788"/>
</kw>
<kw name="Click Button" library="SeleniumLibrary">
<arg>${newCategoryTitle}</arg>
<doc>Clicks the button identified by ``locator``.</doc>
<status status="NOT RUN" starttime="20241204 19:41:48.788" endtime="20241204 19:41:48.788"/>
</kw>
<kw name="Click Button" library="SeleniumLibrary">
<arg>Delete</arg>
<doc>Clicks the button identified by ``locator``.</doc>
<status status="NOT RUN" starttime="20241204 19:41:48.788" endtime="20241204 19:41:48.788"/>
</kw>
<kw name="Sleep" library="BuiltIn">
<arg>2s</arg>
<doc>Pauses the test executed for the given time.</doc>
<status status="NOT RUN" starttime="20241204 19:41:48.788" endtime="20241204 19:41:48.788"/>
</kw>
<kw name="Click Button" library="SeleniumLibrary">
<arg>Yes, delete it!</arg>
<doc>Clicks the button identified by ``locator``.</doc>
<status status="NOT RUN" starttime="20241204 19:41:48.788" endtime="20241204 19:41:48.788"/>
</kw>
<kw name="Sleep" library="BuiltIn">
<arg>2s</arg>
<doc>Pauses the test executed for the given time.</doc>
<status status="NOT RUN" starttime="20241204 19:41:48.788" endtime="20241204 19:41:48.788"/>
</kw>
<kw name="Wait Until Element Is Visible" library="SeleniumLibrary">
<arg>${TOAST_XPATH}</arg>
<arg>timeout=5s</arg>
<doc>Waits until the element ``locator`` is visible.</doc>
<status status="NOT RUN" starttime="20241204 19:41:48.788" endtime="20241204 19:41:48.788"/>
</kw>
<kw name="Get Text" library="SeleniumLibrary">
<var>${toast_message}</var>
<arg>${TOAST_XPATH}</arg>
<doc>Returns the text value of the element identified by ``locator``.</doc>
<status status="NOT RUN" starttime="20241204 19:41:48.788" endtime="20241204 19:41:48.788"/>
</kw>
<kw name="Should Be Equal" library="BuiltIn">
<arg>${toast_message}</arg>
<arg>Category deleted successfully.</arg>
<doc>Fails if the given objects are unequal.</doc>
<status status="NOT RUN" starttime="20241204 19:41:48.788" endtime="20241204 19:41:48.788"/>
</kw>
<kw name="Sleep" library="BuiltIn">
<arg>2s</arg>
<doc>Pauses the test executed for the given time.</doc>
<status status="NOT RUN" starttime="20241204 19:41:48.788" endtime="20241204 19:41:48.788"/>
</kw>
<status status="FAIL" starttime="20241204 19:41:48.788" endtime="20241204 19:41:48.788">NoSuchWindowException: Message: no such window: target window already closed
from unknown error: web view not found
  (Session info: MicrosoftEdge=131.0.2903.70)
Stacktrace:
	(No symbol) [0x00007FF6C18A6B15]
	Microsoft::Applications::Events::EventProperty::empty [0x00007FF6C1BCF4A4+1437348]
	sqlite3_dbdata_init [0x00007FF6C1C72DE6+643190]
	(No symbol) [0x00007FF6C1767657]
	(No symbol) [0x00007FF6C17F1CE5]
	(No symbol) [0x00007FF6C180670A]
	(No symbol) [0x00007FF6C17EBE03]
	(No symbol) [0x00007FF6C17C2984]
	(No symbol) [0x00007FF6C17C1E30]
	(No symbol) [0x00007FF6C17C2571]
	Microsoft::Applications::Events::EventProperty::empty [0x00007FF6C1B7BB34+1094964]
	(No symbol) [0x00007FF6C18E32C8]
	Microsoft::Applications::Events::EventProperty::empty [0x00007FF6C1B7AF73+1091955]
	Microsoft::Applications::Events::EventProperty::empty [0x00007FF6C1B7AAD9+1090777]
	Microsoft::Applications::Events::ILogConfiguration::operator* [0x00007FF6C1980CE1+461569]
	Microsoft::Applications::Events::ILogConfiguration::operator* [0x00007FF6C197CA04+444452]
	Microsoft::Applications::Events::ILogConfiguration::operator* [0x00007FF6C197CB49+444777]
	Microsoft::Applications::Events::ILogConfiguration::operator* [0x00007FF6C19721C6+401382]
	BaseThreadInitThunk [0x00007FFEB67C259D+29]
	RtlUserThreadStart [0x00007FFEB7DAAF38+40]
</status>
</test>
<test id="s1-t6" name="Test Case 6 Add, Validated input fields, and Wallet Validation" line="131">
<kw name="Click Element" library="SeleniumLibrary">
<arg>//*[@id="expdetails"]</arg>
<doc>Click the element identified by ``locator``.</doc>
<msg timestamp="20241204 19:41:48.788" level="INFO">Clicking element '//*[@id="expdetails"]'.</msg>
<msg timestamp="20241204 19:41:48.788" level="WARN">Keyword 'Capture Page Screenshot' could not be run on failure: Message: no such window: target window already closed
from unknown error: web view not found
  (Session info: MicrosoftEdge=131.0.2903.70)
Stacktrace:
	(No symbol) [0x00007FF6C18A6B15]
	Microsoft::Applications::Events::EventProperty::empty [0x00007FF6C1BCF4A4+1437348]
	sqlite3_dbdata_init [0x00007FF6C1C72DE6+643190]
	(No symbol) [0x00007FF6C1767657]
	(No symbol) [0x00007FF6C17F1CE5]
	(No symbol) [0x00007FF6C180670A]
	(No symbol) [0x00007FF6C17EBE03]
	(No symbol) [0x00007FF6C17C2984]
	(No symbol) [0x00007FF6C17C1E30]
	(No symbol) [0x00007FF6C17C2571]
	Microsoft::Applications::Events::EventProperty::empty [0x00007FF6C1B7BB34+1094964]
	(No symbol) [0x00007FF6C18E32C8]
	Microsoft::Applications::Events::EventProperty::empty [0x00007FF6C1B7AF73+1091955]
	Microsoft::Applications::Events::EventProperty::empty [0x00007FF6C1B7AAD9+1090777]
	Microsoft::Applications::Events::ILogConfiguration::operator* [0x00007FF6C1980CE1+461569]
	Microsoft::Applications::Events::ILogConfiguration::operator* [0x00007FF6C197CA04+444452]
	Microsoft::Applications::Events::ILogConfiguration::operator* [0x00007FF6C197CB49+444777]
	Microsoft::Applications::Events::ILogConfiguration::operator* [0x00007FF6C19721C6+401382]
	BaseThreadInitThunk [0x00007FFEB67C259D+29]
	RtlUserThreadStart [0x00007FFEB7DAAF38+40]
</msg>
<msg timestamp="20241204 19:41:48.788" level="FAIL">NoSuchWindowException: Message: no such window: target window already closed
from unknown error: web view not found
  (Session info: MicrosoftEdge=131.0.2903.70)
Stacktrace:
	(No symbol) [0x00007FF6C18A6B15]
	Microsoft::Applications::Events::EventProperty::empty [0x00007FF6C1BCF4A4+1437348]
	sqlite3_dbdata_init [0x00007FF6C1C72DE6+643190]
	(No symbol) [0x00007FF6C1767657]
	(No symbol) [0x00007FF6C17F1CE5]
	(No symbol) [0x00007FF6C180670A]
	(No symbol) [0x00007FF6C17EBE03]
	(No symbol) [0x00007FF6C17C2984]
	(No symbol) [0x00007FF6C17C1E30]
	(No symbol) [0x00007FF6C17C2571]
	Microsoft::Applications::Events::EventProperty::empty [0x00007FF6C1B7BB34+1094964]
	(No symbol) [0x00007FF6C18E32C8]
	Microsoft::Applications::Events::EventProperty::empty [0x00007FF6C1B7AF73+1091955]
	Microsoft::Applications::Events::EventProperty::empty [0x00007FF6C1B7AAD9+1090777]
	Microsoft::Applications::Events::ILogConfiguration::operator* [0x00007FF6C1980CE1+461569]
	Microsoft::Applications::Events::ILogConfiguration::operator* [0x00007FF6C197CA04+444452]
	Microsoft::Applications::Events::ILogConfiguration::operator* [0x00007FF6C197CB49+444777]
	Microsoft::Applications::Events::ILogConfiguration::operator* [0x00007FF6C19721C6+401382]
	BaseThreadInitThunk [0x00007FFEB67C259D+29]
	RtlUserThreadStart [0x00007FFEB7DAAF38+40]
</msg>
<status status="FAIL" starttime="20241204 19:41:48.788" endtime="20241204 19:41:48.788"/>
</kw>
<kw name="Title Should Be" library="SeleniumLibrary">
<arg>Expense</arg>
<doc>Verifies that the current page title equals ``title``.</doc>
<status status="NOT RUN" starttime="20241204 19:41:48.788" endtime="20241204 19:41:48.788"/>
</kw>
<kw name="Click Button" library="SeleniumLibrary">
<arg>//*[@id="submitBtn"]</arg>
<doc>Clicks the button identified by ``locator``.</doc>
<status status="NOT RUN" starttime="20241204 19:41:48.788" endtime="20241204 19:41:48.788"/>
</kw>
<kw name="Page Should Contain" library="SeleniumLibrary">
<arg>Expense Name is required.</arg>
<doc>Verifies that current page contains ``text``.</doc>
<status status="NOT RUN" starttime="20241204 19:41:48.788" endtime="20241204 19:41:48.788"/>
</kw>
<kw name="Page Should Contain" library="SeleniumLibrary">
<arg>Date is required.</arg>
<doc>Verifies that current page contains ``text``.</doc>
<status status="NOT RUN" starttime="20241204 19:41:48.788" endtime="20241204 19:41:48.788"/>
</kw>
<kw name="Sleep" library="BuiltIn">
<arg>2s</arg>
<doc>Pauses the test executed for the given time.</doc>
<status status="NOT RUN" starttime="20241204 19:41:48.788" endtime="20241204 19:41:48.788"/>
</kw>
<kw name="Select From List By Label" library="SeleniumLibrary">
<arg>//*[@id="categoryInput"]</arg>
<arg>Bills Expense</arg>
<doc>Selects options from selection list ``locator`` by ``labels``.</doc>
<status status="NOT RUN" starttime="20241204 19:41:48.788" endtime="20241204 19:41:48.788"/>
</kw>
<kw name="Sleep" library="BuiltIn">
<arg>1s</arg>
<doc>Pauses the test executed for the given time.</doc>
<status status="NOT RUN" starttime="20241204 19:41:48.788" endtime="20241204 19:41:48.788"/>
</kw>
<kw name="Input Text" library="SeleniumLibrary">
<arg>//*[@id="expenseInput"]</arg>
<arg>Internet</arg>
<doc>Types the given ``text`` into the text field identified by ``locator``.</doc>
<status status="NOT RUN" starttime="20241204 19:41:48.788" endtime="20241204 19:41:48.788"/>
</kw>
<kw name="Sleep" library="BuiltIn">
<arg>1s</arg>
<doc>Pauses the test executed for the given time.</doc>
<status status="NOT RUN" starttime="20241204 19:41:48.803" endtime="20241204 19:41:48.803"/>
</kw>
<kw name="Input Text" library="SeleniumLibrary">
<arg>//*[@id="amountInput"]</arg>
<arg>1500</arg>
<doc>Types the given ``text`` into the text field identified by ``locator``.</doc>
<status status="NOT RUN" starttime="20241204 19:41:48.803" endtime="20241204 19:41:48.803"/>
</kw>
<kw name="Sleep" library="BuiltIn">
<arg>1s</arg>
<doc>Pauses the test executed for the given time.</doc>
<status status="NOT RUN" starttime="20241204 19:41:48.803" endtime="20241204 19:41:48.803"/>
</kw>
<kw name="Input Text" library="SeleniumLibrary">
<arg>//*[@id="dateInput"]</arg>
<arg>11-30-2024</arg>
<doc>Types the given ``text`` into the text field identified by ``locator``.</doc>
<status status="NOT RUN" starttime="20241204 19:41:48.803" endtime="20241204 19:41:48.803"/>
</kw>
<kw name="Sleep" library="BuiltIn">
<arg>1s</arg>
<doc>Pauses the test executed for the given time.</doc>
<status status="NOT RUN" starttime="20241204 19:41:48.803" endtime="20241204 19:41:48.803"/>
</kw>
<kw name="Input Text" library="SeleniumLibrary">
<arg>//*[@id="descriptionInput"]</arg>
<arg>Billing for this month</arg>
<doc>Types the given ``text`` into the text field identified by ``locator``.</doc>
<status status="NOT RUN" starttime="20241204 19:41:48.803" endtime="20241204 19:41:48.803"/>
</kw>
<kw name="Sleep" library="BuiltIn">
<arg>1s</arg>
<doc>Pauses the test executed for the given time.</doc>
<status status="NOT RUN" starttime="20241204 19:41:48.803" endtime="20241204 19:41:48.803"/>
</kw>
<kw name="Click Button" library="SeleniumLibrary">
<arg>//*[@id="submitBtn"]</arg>
<doc>Clicks the button identified by ``locator``.</doc>
<status status="NOT RUN" starttime="20241204 19:41:48.803" endtime="20241204 19:41:48.803"/>
</kw>
<kw name="Wait Until Element Is Visible" library="SeleniumLibrary">
<arg>${TOAST_XPATH}</arg>
<arg>timeout=5s</arg>
<doc>Waits until the element ``locator`` is visible.</doc>
<status status="NOT RUN" starttime="20241204 19:41:48.803" endtime="20241204 19:41:48.803"/>
</kw>
<kw name="Get Text" library="SeleniumLibrary">
<var>${toast_message}</var>
<arg>${TOAST_XPATH}</arg>
<doc>Returns the text value of the element identified by ``locator``.</doc>
<status status="NOT RUN" starttime="20241204 19:41:48.803" endtime="20241204 19:41:48.803"/>
</kw>
<kw name="Should Be Equal" library="BuiltIn">
<arg>${toast_message}</arg>
<arg>Expense added successfully!</arg>
<doc>Fails if the given objects are unequal.</doc>
<status status="NOT RUN" starttime="20241204 19:41:48.803" endtime="20241204 19:41:48.803"/>
</kw>
<kw name="Sleep" library="BuiltIn">
<arg>2s</arg>
<doc>Pauses the test executed for the given time.</doc>
<status status="NOT RUN" starttime="20241204 19:41:48.803" endtime="20241204 19:41:48.803"/>
</kw>
<kw name="Click Element" library="SeleniumLibrary">
<arg>//*[@id="catdetails"]</arg>
<doc>Click the element identified by ``locator``.</doc>
<status status="NOT RUN" starttime="20241204 19:41:48.803" endtime="20241204 19:41:48.803"/>
</kw>
<kw name="Page Should Contain" library="SeleniumLibrary">
<arg>Internet</arg>
<doc>Verifies that current page contains ``text``.</doc>
<status status="NOT RUN" starttime="20241204 19:41:48.803" endtime="20241204 19:41:48.803"/>
</kw>
<kw name="Sleep" library="BuiltIn">
<arg>2s</arg>
<doc>Pauses the test executed for the given time.</doc>
<status status="NOT RUN" starttime="20241204 19:41:48.803" endtime="20241204 19:41:48.803"/>
</kw>
<kw name="Click Element" library="SeleniumLibrary">
<arg>//*[@id="expdetails"]</arg>
<doc>Click the element identified by ``locator``.</doc>
<status status="NOT RUN" starttime="20241204 19:41:48.803" endtime="20241204 19:41:48.803"/>
</kw>
<kw name="Sleep" library="BuiltIn">
<arg>1s</arg>
<doc>Pauses the test executed for the given time.</doc>
<status status="NOT RUN" starttime="20241204 19:41:48.803" endtime="20241204 19:41:48.803"/>
</kw>
<kw name="Select From List By Label" library="SeleniumLibrary">
<arg>//*[@id="categoryInput"]</arg>
<arg>Food Expense</arg>
<doc>Selects options from selection list ``locator`` by ``labels``.</doc>
<status status="NOT RUN" starttime="20241204 19:41:48.803" endtime="20241204 19:41:48.803"/>
</kw>
<kw name="Sleep" library="BuiltIn">
<arg>1s</arg>
<doc>Pauses the test executed for the given time.</doc>
<status status="NOT RUN" starttime="20241204 19:41:48.803" endtime="20241204 19:41:48.803"/>
</kw>
<kw name="Input Text" library="SeleniumLibrary">
<arg>//*[@id="expenseInput"]</arg>
<arg>Breakfast meal</arg>
<doc>Types the given ``text`` into the text field identified by ``locator``.</doc>
<status status="NOT RUN" starttime="20241204 19:41:48.803" endtime="20241204 19:41:48.803"/>
</kw>
<kw name="Sleep" library="BuiltIn">
<arg>1s</arg>
<doc>Pauses the test executed for the given time.</doc>
<status status="NOT RUN" starttime="20241204 19:41:48.803" endtime="20241204 19:41:48.803"/>
</kw>
<kw name="Input Text" library="SeleniumLibrary">
<arg>//*[@id="amountInput"]</arg>
<arg>150</arg>
<doc>Types the given ``text`` into the text field identified by ``locator``.</doc>
<status status="NOT RUN" starttime="20241204 19:41:48.803" endtime="20241204 19:41:48.803"/>
</kw>
<kw name="Sleep" library="BuiltIn">
<arg>1s</arg>
<doc>Pauses the test executed for the given time.</doc>
<status status="NOT RUN" starttime="20241204 19:41:48.803" endtime="20241204 19:41:48.803"/>
</kw>
<kw name="Input Text" library="SeleniumLibrary">
<arg>//*[@id="dateInput"]</arg>
<arg>11-30-2024</arg>
<doc>Types the given ``text`` into the text field identified by ``locator``.</doc>
<status status="NOT RUN" starttime="20241204 19:41:48.803" endtime="20241204 19:41:48.803"/>
</kw>
<kw name="Sleep" library="BuiltIn">
<arg>1s</arg>
<doc>Pauses the test executed for the given time.</doc>
<status status="NOT RUN" starttime="20241204 19:41:48.803" endtime="20241204 19:41:48.803"/>
</kw>
<kw name="Input Text" library="SeleniumLibrary">
<arg>//*[@id="descriptionInput"]</arg>
<arg>Food budget</arg>
<doc>Types the given ``text`` into the text field identified by ``locator``.</doc>
<status status="NOT RUN" starttime="20241204 19:41:48.803" endtime="20241204 19:41:48.803"/>
</kw>
<kw name="Sleep" library="BuiltIn">
<arg>1s</arg>
<doc>Pauses the test executed for the given time.</doc>
<status status="NOT RUN" starttime="20241204 19:41:48.803" endtime="20241204 19:41:48.803"/>
</kw>
<kw name="Click Button" library="SeleniumLibrary">
<arg>//*[@id="submitBtn"]</arg>
<doc>Clicks the button identified by ``locator``.</doc>
<status status="NOT RUN" starttime="20241204 19:41:48.803" endtime="20241204 19:41:48.803"/>
</kw>
<kw name="Sleep" library="BuiltIn">
<arg>2s</arg>
<doc>Pauses the test executed for the given time.</doc>
<status status="NOT RUN" starttime="20241204 19:41:48.803" endtime="20241204 19:41:48.803"/>
</kw>
<kw name="Wait Until Element Is Visible" library="SeleniumLibrary">
<arg>${TOAST_XPATH}</arg>
<arg>timeout=5s</arg>
<doc>Waits until the element ``locator`` is visible.</doc>
<status status="NOT RUN" starttime="20241204 19:41:48.803" endtime="20241204 19:41:48.803"/>
</kw>
<kw name="Get Text" library="SeleniumLibrary">
<var>${toast_message}</var>
<arg>${TOAST_XPATH}</arg>
<doc>Returns the text value of the element identified by ``locator``.</doc>
<status status="NOT RUN" starttime="20241204 19:41:48.803" endtime="20241204 19:41:48.803"/>
</kw>
<kw name="Should Be Equal" library="BuiltIn">
<arg>${toast_message}</arg>
<arg>An error occurred while adding the expense. Verify your wallet balance</arg>
<doc>Fails if the given objects are unequal.</doc>
<status status="NOT RUN" starttime="20241204 19:41:48.803" endtime="20241204 19:41:48.803"/>
</kw>
<kw name="Sleep" library="BuiltIn">
<arg>2s</arg>
<doc>Pauses the test executed for the given time.</doc>
<status status="NOT RUN" starttime="20241204 19:41:48.803" endtime="20241204 19:41:48.803"/>
</kw>
<kw name="Click Element" library="SeleniumLibrary">
<arg>//*[@id="catdetails"]</arg>
<doc>Click the element identified by ``locator``.</doc>
<status status="NOT RUN" starttime="20241204 19:41:48.803" endtime="20241204 19:41:48.803"/>
</kw>
<kw name="Sleep" library="BuiltIn">
<arg>2s</arg>
<doc>Pauses the test executed for the given time.</doc>
<status status="NOT RUN" starttime="20241204 19:41:48.803" endtime="20241204 19:41:48.803"/>
</kw>
<kw name="Click Element" library="SeleniumLibrary">
<arg>//*[@id="walletdetails"]</arg>
<doc>Click the element identified by ``locator``.</doc>
<status status="NOT RUN" starttime="20241204 19:41:48.803" endtime="20241204 19:41:48.803"/>
</kw>
<kw name="Sleep" library="BuiltIn">
<arg>1s</arg>
<doc>Pauses the test executed for the given time.</doc>
<status status="NOT RUN" starttime="20241204 19:41:48.803" endtime="20241204 19:41:48.803"/>
</kw>
<kw name="Page Should Contain" library="SeleniumLibrary">
<arg>Add Funds</arg>
<doc>Verifies that current page contains ``text``.</doc>
<status status="NOT RUN" starttime="20241204 19:41:48.803" endtime="20241204 19:41:48.803"/>
</kw>
<kw name="Click Button" library="SeleniumLibrary">
<arg>//*[@id="addFunds"]</arg>
<doc>Clicks the button identified by ``locator``.</doc>
<status status="NOT RUN" starttime="20241204 19:41:48.803" endtime="20241204 19:41:48.803"/>
</kw>
<kw name="Sleep" library="BuiltIn">
<arg>1s</arg>
<doc>Pauses the test executed for the given time.</doc>
<status status="NOT RUN" starttime="20241204 19:41:48.803" endtime="20241204 19:41:48.803"/>
</kw>
<kw name="Select From List By Label" library="SeleniumLibrary">
<arg>//*[@id="categorySelect"]</arg>
<arg>Food Expense</arg>
<doc>Selects options from selection list ``locator`` by ``labels``.</doc>
<status status="NOT RUN" starttime="20241204 19:41:48.803" endtime="20241204 19:41:48.803"/>
</kw>
<kw name="Sleep" library="BuiltIn">
<arg>1s</arg>
<doc>Pauses the test executed for the given time.</doc>
<status status="NOT RUN" starttime="20241204 19:41:48.803" endtime="20241204 19:41:48.803"/>
</kw>
<kw name="Input Text" library="SeleniumLibrary">
<arg>//*[@id="amountInput"]</arg>
<arg>1500</arg>
<doc>Types the given ``text`` into the text field identified by ``locator``.</doc>
<status status="NOT RUN" starttime="20241204 19:41:48.803" endtime="20241204 19:41:48.803"/>
</kw>
<kw name="Sleep" library="BuiltIn">
<arg>1s</arg>
<doc>Pauses the test executed for the given time.</doc>
<status status="NOT RUN" starttime="20241204 19:41:48.803" endtime="20241204 19:41:48.803"/>
</kw>
<kw name="Click Button" library="SeleniumLibrary">
<arg>Add Funds</arg>
<doc>Clicks the button identified by ``locator``.</doc>
<status status="NOT RUN" starttime="20241204 19:41:48.803" endtime="20241204 19:41:48.803"/>
</kw>
<kw name="Sleep" library="BuiltIn">
<arg>2s</arg>
<doc>Pauses the test executed for the given time.</doc>
<status status="NOT RUN" starttime="20241204 19:41:48.803" endtime="20241204 19:41:48.803"/>
</kw>
<kw name="Wait Until Element Is Visible" library="SeleniumLibrary">
<arg>${TOAST_XPATH}</arg>
<arg>timeout=5s</arg>
<doc>Waits until the element ``locator`` is visible.</doc>
<status status="NOT RUN" starttime="20241204 19:41:48.803" endtime="20241204 19:41:48.803"/>
</kw>
<kw name="Get Text" library="SeleniumLibrary">
<var>${toast_message}</var>
<arg>${TOAST_XPATH}</arg>
<doc>Returns the text value of the element identified by ``locator``.</doc>
<status status="NOT RUN" starttime="20241204 19:41:48.803" endtime="20241204 19:41:48.803"/>
</kw>
<kw name="Should Be Equal" library="BuiltIn">
<arg>${toast_message}</arg>
<arg>Successfully added 1,500.00 to budget</arg>
<doc>Fails if the given objects are unequal.</doc>
<status status="NOT RUN" starttime="20241204 19:41:48.803" endtime="20241204 19:41:48.803"/>
</kw>
<kw name="Sleep" library="BuiltIn">
<arg>2s</arg>
<doc>Pauses the test executed for the given time.</doc>
<status status="NOT RUN" starttime="20241204 19:41:48.803" endtime="20241204 19:41:48.803"/>
</kw>
<kw name="Click Element" library="SeleniumLibrary">
<arg>//*[@id="expdetails"]</arg>
<doc>Click the element identified by ``locator``.</doc>
<status status="NOT RUN" starttime="20241204 19:41:48.803" endtime="20241204 19:41:48.803"/>
</kw>
<kw name="Sleep" library="BuiltIn">
<arg>1s</arg>
<doc>Pauses the test executed for the given time.</doc>
<status status="NOT RUN" starttime="20241204 19:41:48.803" endtime="20241204 19:41:48.803"/>
</kw>
<kw name="Select From List By Label" library="SeleniumLibrary">
<arg>//*[@id="categoryInput"]</arg>
<arg>Food Expense</arg>
<doc>Selects options from selection list ``locator`` by ``labels``.</doc>
<status status="NOT RUN" starttime="20241204 19:41:48.803" endtime="20241204 19:41:48.803"/>
</kw>
<kw name="Sleep" library="BuiltIn">
<arg>1s</arg>
<doc>Pauses the test executed for the given time.</doc>
<status status="NOT RUN" starttime="20241204 19:41:48.803" endtime="20241204 19:41:48.803"/>
</kw>
<kw name="Input Text" library="SeleniumLibrary">
<arg>//*[@id="expenseInput"]</arg>
<arg>Breakfast meal</arg>
<doc>Types the given ``text`` into the text field identified by ``locator``.</doc>
<status status="NOT RUN" starttime="20241204 19:41:48.803" endtime="20241204 19:41:48.803"/>
</kw>
<kw name="Sleep" library="BuiltIn">
<arg>1s</arg>
<doc>Pauses the test executed for the given time.</doc>
<status status="NOT RUN" starttime="20241204 19:41:48.803" endtime="20241204 19:41:48.803"/>
</kw>
<kw name="Input Text" library="SeleniumLibrary">
<arg>//*[@id="amountInput"]</arg>
<arg>150</arg>
<doc>Types the given ``text`` into the text field identified by ``locator``.</doc>
<status status="NOT RUN" starttime="20241204 19:41:48.803" endtime="20241204 19:41:48.803"/>
</kw>
<kw name="Sleep" library="BuiltIn">
<arg>1s</arg>
<doc>Pauses the test executed for the given time.</doc>
<status status="NOT RUN" starttime="20241204 19:41:48.803" endtime="20241204 19:41:48.803"/>
</kw>
<kw name="Input Text" library="SeleniumLibrary">
<arg>//*[@id="dateInput"]</arg>
<arg>12-01-2024</arg>
<doc>Types the given ``text`` into the text field identified by ``locator``.</doc>
<status status="NOT RUN" starttime="20241204 19:41:48.803" endtime="20241204 19:41:48.803"/>
</kw>
<kw name="Sleep" library="BuiltIn">
<arg>1s</arg>
<doc>Pauses the test executed for the given time.</doc>
<status status="NOT RUN" starttime="20241204 19:41:48.803" endtime="20241204 19:41:48.803"/>
</kw>
<kw name="Input Text" library="SeleniumLibrary">
<arg>//*[@id="descriptionInput"]</arg>
<arg>Food budget</arg>
<doc>Types the given ``text`` into the text field identified by ``locator``.</doc>
<status status="NOT RUN" starttime="20241204 19:41:48.803" endtime="20241204 19:41:48.803"/>
</kw>
<kw name="Sleep" library="BuiltIn">
<arg>1s</arg>
<doc>Pauses the test executed for the given time.</doc>
<status status="NOT RUN" starttime="20241204 19:41:48.803" endtime="20241204 19:41:48.803"/>
</kw>
<kw name="Click Button" library="SeleniumLibrary">
<arg>//*[@id="submitBtn"]</arg>
<doc>Clicks the button identified by ``locator``.</doc>
<status status="NOT RUN" starttime="20241204 19:41:48.803" endtime="20241204 19:41:48.803"/>
</kw>
<kw name="Sleep" library="BuiltIn">
<arg>2s</arg>
<doc>Pauses the test executed for the given time.</doc>
<status status="NOT RUN" starttime="20241204 19:41:48.803" endtime="20241204 19:41:48.803"/>
</kw>
<kw name="Wait Until Element Is Visible" library="SeleniumLibrary">
<arg>${TOAST_XPATH}</arg>
<arg>timeout=5s</arg>
<doc>Waits until the element ``locator`` is visible.</doc>
<status status="NOT RUN" starttime="20241204 19:41:48.803" endtime="20241204 19:41:48.803"/>
</kw>
<kw name="Get Text" library="SeleniumLibrary">
<var>${toast_message}</var>
<arg>${TOAST_XPATH}</arg>
<doc>Returns the text value of the element identified by ``locator``.</doc>
<status status="NOT RUN" starttime="20241204 19:41:48.803" endtime="20241204 19:41:48.803"/>
</kw>
<kw name="Should Be Equal" library="BuiltIn">
<arg>${toast_message}</arg>
<arg>Expense added successfully!</arg>
<doc>Fails if the given objects are unequal.</doc>
<status status="NOT RUN" starttime="20241204 19:41:48.803" endtime="20241204 19:41:48.803"/>
</kw>
<kw name="Sleep" library="BuiltIn">
<arg>2s</arg>
<doc>Pauses the test executed for the given time.</doc>
<status status="NOT RUN" starttime="20241204 19:41:48.803" endtime="20241204 19:41:48.803"/>
</kw>
<kw name="Click Element" library="SeleniumLibrary">
<arg>//*[@id="catdetails"]</arg>
<doc>Click the element identified by ``locator``.</doc>
<status status="NOT RUN" starttime="20241204 19:41:48.803" endtime="20241204 19:41:48.803"/>
</kw>
<kw name="Sleep" library="BuiltIn">
<arg>2s</arg>
<doc>Pauses the test executed for the given time.</doc>
<status status="NOT RUN" starttime="20241204 19:41:48.803" endtime="20241204 19:41:48.803"/>
</kw>
<status status="FAIL" starttime="20241204 19:41:48.788" endtime="20241204 19:41:48.803">NoSuchWindowException: Message: no such window: target window already closed
from unknown error: web view not found
  (Session info: MicrosoftEdge=131.0.2903.70)
Stacktrace:
	(No symbol) [0x00007FF6C18A6B15]
	Microsoft::Applications::Events::EventProperty::empty [0x00007FF6C1BCF4A4+1437348]
	sqlite3_dbdata_init [0x00007FF6C1C72DE6+643190]
	(No symbol) [0x00007FF6C1767657]
	(No symbol) [0x00007FF6C17F1CE5]
	(No symbol) [0x00007FF6C180670A]
	(No symbol) [0x00007FF6C17EBE03]
	(No symbol) [0x00007FF6C17C2984]
	(No symbol) [0x00007FF6C17C1E30]
	(No symbol) [0x00007FF6C17C2571]
	Microsoft::Applications::Events::EventProperty::empty [0x00007FF6C1B7BB34+1094964]
	(No symbol) [0x00007FF6C18E32C8]
	Microsoft::Applications::Events::EventProperty::empty [0x00007FF6C1B7AF73+1091955]
	Microsoft::Applications::Events::EventProperty::empty [0x00007FF6C1B7AAD9+1090777]
	Microsoft::Applications::Events::ILogConfiguration::operator* [0x00007FF6C1980CE1+461569]
	Microsoft::Applications::Events::ILogConfiguration::operator* [0x00007FF6C197CA04+444452]
	Microsoft::Applications::Events::ILogConfiguration::operator* [0x00007FF6C197CB49+444777]
	Microsoft::Applications::Events::ILogConfiguration::operator* [0x00007FF6C19721C6+401382]
	BaseThreadInitThunk [0x00007FFEB67C259D+29]
	RtlUserThreadStart [0x00007FFEB7DAAF38+40]
</status>
</test>
<test id="s1-t7" name="Test Case 7 Edit and Delete of Expense" line="221">
<kw name="Page Should Contain" library="SeleniumLibrary">
<arg>Category Management</arg>
<doc>Verifies that current page contains ``text``.</doc>
<msg timestamp="20241204 19:41:48.803" level="WARN">Keyword 'Capture Page Screenshot' could not be run on failure: Message: no such window: target window already closed
from unknown error: web view not found
  (Session info: MicrosoftEdge=131.0.2903.70)
Stacktrace:
	(No symbol) [0x00007FF6C18A6B15]
	Microsoft::Applications::Events::EventProperty::empty [0x00007FF6C1BCF4A4+1437348]
	sqlite3_dbdata_init [0x00007FF6C1C72DE6+643190]
	(No symbol) [0x00007FF6C1767657]
	(No symbol) [0x00007FF6C17F1CE5]
	(No symbol) [0x00007FF6C180670A]
	(No symbol) [0x00007FF6C17EBE03]
	(No symbol) [0x00007FF6C17C2984]
	(No symbol) [0x00007FF6C17C1E30]
	(No symbol) [0x00007FF6C17C2571]
	Microsoft::Applications::Events::EventProperty::empty [0x00007FF6C1B7BB34+1094964]
	(No symbol) [0x00007FF6C18E32C8]
	Microsoft::Applications::Events::EventProperty::empty [0x00007FF6C1B7AF73+1091955]
	Microsoft::Applications::Events::EventProperty::empty [0x00007FF6C1B7AAD9+1090777]
	Microsoft::Applications::Events::ILogConfiguration::operator* [0x00007FF6C1980CE1+461569]
	Microsoft::Applications::Events::ILogConfiguration::operator* [0x00007FF6C197CA04+444452]
	Microsoft::Applications::Events::ILogConfiguration::operator* [0x00007FF6C197CB49+444777]
	Microsoft::Applications::Events::ILogConfiguration::operator* [0x00007FF6C19721C6+401382]
	BaseThreadInitThunk [0x00007FFEB67C259D+29]
	RtlUserThreadStart [0x00007FFEB7DAAF38+40]
</msg>
<msg timestamp="20241204 19:41:48.803" level="FAIL">NoSuchWindowException: Message: no such window: target window already closed
from unknown error: web view not found
  (Session info: MicrosoftEdge=131.0.2903.70)
Stacktrace:
	(No symbol) [0x00007FF6C18A6B15]
	Microsoft::Applications::Events::EventProperty::empty [0x00007FF6C1BCF4A4+1437348]
	sqlite3_dbdata_init [0x00007FF6C1C72DE6+643190]
	(No symbol) [0x00007FF6C1767657]
	(No symbol) [0x00007FF6C17F1CE5]
	(No symbol) [0x00007FF6C180670A]
	(No symbol) [0x00007FF6C17EBE03]
	(No symbol) [0x00007FF6C17C2984]
	(No symbol) [0x00007FF6C17C1E30]
	(No symbol) [0x00007FF6C17C2571]
	Microsoft::Applications::Events::EventProperty::empty [0x00007FF6C1B7BB34+1094964]
	(No symbol) [0x00007FF6C18E32C8]
	Microsoft::Applications::Events::EventProperty::empty [0x00007FF6C1B7AF73+1091955]
	Microsoft::Applications::Events::EventProperty::empty [0x00007FF6C1B7AAD9+1090777]
	Microsoft::Applications::Events::ILogConfiguration::operator* [0x00007FF6C1980CE1+461569]
	Microsoft::Applications::Events::ILogConfiguration::operator* [0x00007FF6C197CA04+444452]
	Microsoft::Applications::Events::ILogConfiguration::operator* [0x00007FF6C197CB49+444777]
	Microsoft::Applications::Events::ILogConfiguration::operator* [0x00007FF6C19721C6+401382]
	BaseThreadInitThunk [0x00007FFEB67C259D+29]
	RtlUserThreadStart [0x00007FFEB7DAAF38+40]
</msg>
<status status="FAIL" starttime="20241204 19:41:48.803" endtime="20241204 19:41:48.820"/>
</kw>
<kw name="Click Button" library="SeleniumLibrary">
<arg>//tr[td[text()="Internet"]]//button[contains(@id, "deleteExpense")]</arg>
<doc>Clicks the button identified by ``locator``.</doc>
<status status="NOT RUN" starttime="20241204 19:41:48.820" endtime="20241204 19:41:48.820"/>
</kw>
<kw name="Sleep" library="BuiltIn">
<arg>2s</arg>
<doc>Pauses the test executed for the given time.</doc>
<status status="NOT RUN" starttime="20241204 19:41:48.820" endtime="20241204 19:41:48.820"/>
</kw>
<kw name="Click Button" library="SeleniumLibrary">
<arg>Yes, delete it!</arg>
<doc>Clicks the button identified by ``locator``.</doc>
<status status="NOT RUN" starttime="20241204 19:41:48.820" endtime="20241204 19:41:48.820"/>
</kw>
<kw name="Sleep" library="BuiltIn">
<arg>2s</arg>
<doc>Pauses the test executed for the given time.</doc>
<status status="NOT RUN" starttime="20241204 19:41:48.820" endtime="20241204 19:41:48.820"/>
</kw>
<kw name="Wait Until Element Is Visible" library="SeleniumLibrary">
<arg>${TOAST_XPATH}</arg>
<arg>timeout=5s</arg>
<doc>Waits until the element ``locator`` is visible.</doc>
<status status="NOT RUN" starttime="20241204 19:41:48.820" endtime="20241204 19:41:48.820"/>
</kw>
<kw name="Get Text" library="SeleniumLibrary">
<var>${toast_message}</var>
<arg>${TOAST_XPATH}</arg>
<doc>Returns the text value of the element identified by ``locator``.</doc>
<status status="NOT RUN" starttime="20241204 19:41:48.820" endtime="20241204 19:41:48.820"/>
</kw>
<kw name="Should Be Equal" library="BuiltIn">
<arg>${toast_message}</arg>
<arg>Expense deleted successfully!</arg>
<doc>Fails if the given objects are unequal.</doc>
<status status="NOT RUN" starttime="20241204 19:41:48.820" endtime="20241204 19:41:48.820"/>
</kw>
<kw name="Sleep" library="BuiltIn">
<arg>2s</arg>
<doc>Pauses the test executed for the given time.</doc>
<status status="NOT RUN" starttime="20241204 19:41:48.820" endtime="20241204 19:41:48.820"/>
</kw>
<kw name="Click Button" library="SeleniumLibrary">
<arg>//tr[td[text()="Kuryente"]]//button[contains(@id, "editExpense")]</arg>
<doc>Clicks the button identified by ``locator``.</doc>
<status status="NOT RUN" starttime="20241204 19:41:48.820" endtime="20241204 19:41:48.822"/>
</kw>
<kw name="Input Text" library="SeleniumLibrary">
<arg>//*[@id="description"]</arg>
<arg>VECO billing partial</arg>
<doc>Types the given ``text`` into the text field identified by ``locator``.</doc>
<status status="NOT RUN" starttime="20241204 19:41:48.822" endtime="20241204 19:41:48.822"/>
</kw>
<kw name="Click Button" library="SeleniumLibrary">
<arg>Save</arg>
<doc>Clicks the button identified by ``locator``.</doc>
<status status="NOT RUN" starttime="20241204 19:41:48.822" endtime="20241204 19:41:48.822"/>
</kw>
<kw name="Sleep" library="BuiltIn">
<arg>2s</arg>
<doc>Pauses the test executed for the given time.</doc>
<status status="NOT RUN" starttime="20241204 19:41:48.822" endtime="20241204 19:41:48.822"/>
</kw>
<kw name="Wait Until Element Is Visible" library="SeleniumLibrary">
<arg>${TOAST_XPATH}</arg>
<arg>timeout=5s</arg>
<doc>Waits until the element ``locator`` is visible.</doc>
<status status="NOT RUN" starttime="20241204 19:41:48.822" endtime="20241204 19:41:48.822"/>
</kw>
<kw name="Get Text" library="SeleniumLibrary">
<var>${toast_message}</var>
<arg>${TOAST_XPATH}</arg>
<doc>Returns the text value of the element identified by ``locator``.</doc>
<status status="NOT RUN" starttime="20241204 19:41:48.822" endtime="20241204 19:41:48.822"/>
</kw>
<kw name="Should Be Equal" library="BuiltIn">
<arg>${toast_message}</arg>
<arg>Expense updated successfully!</arg>
<doc>Fails if the given objects are unequal.</doc>
<status status="NOT RUN" starttime="20241204 19:41:48.822" endtime="20241204 19:41:48.822"/>
</kw>
<kw name="Sleep" library="BuiltIn">
<arg>2s</arg>
<doc>Pauses the test executed for the given time.</doc>
<status status="NOT RUN" starttime="20241204 19:41:48.824" endtime="20241204 19:41:48.824"/>
</kw>
<status status="FAIL" starttime="20241204 19:41:48.803" endtime="20241204 19:41:48.824">NoSuchWindowException: Message: no such window: target window already closed
from unknown error: web view not found
  (Session info: MicrosoftEdge=131.0.2903.70)
Stacktrace:
	(No symbol) [0x00007FF6C18A6B15]
	Microsoft::Applications::Events::EventProperty::empty [0x00007FF6C1BCF4A4+1437348]
	sqlite3_dbdata_init [0x00007FF6C1C72DE6+643190]
	(No symbol) [0x00007FF6C1767657]
	(No symbol) [0x00007FF6C17F1CE5]
	(No symbol) [0x00007FF6C180670A]
	(No symbol) [0x00007FF6C17EBE03]
	(No symbol) [0x00007FF6C17C2984]
	(No symbol) [0x00007FF6C17C1E30]
	(No symbol) [0x00007FF6C17C2571]
	Microsoft::Applications::Events::EventProperty::empty [0x00007FF6C1B7BB34+1094964]
	(No symbol) [0x00007FF6C18E32C8]
	Microsoft::Applications::Events::EventProperty::empty [0x00007FF6C1B7AF73+1091955]
	Microsoft::Applications::Events::EventProperty::empty [0x00007FF6C1B7AAD9+1090777]
	Microsoft::Applications::Events::ILogConfiguration::operator* [0x00007FF6C1980CE1+461569]
	Microsoft::Applications::Events::ILogConfiguration::operator* [0x00007FF6C197CA04+444452]
	Microsoft::Applications::Events::ILogConfiguration::operator* [0x00007FF6C197CB49+444777]
	Microsoft::Applications::Events::ILogConfiguration::operator* [0x00007FF6C19721C6+401382]
	BaseThreadInitThunk [0x00007FFEB67C259D+29]
	RtlUserThreadStart [0x00007FFEB7DAAF38+40]
</status>
</test>
<test id="s1-t8" name="Test Case 8 Analytics Display" line="243">
<kw name="Click Element" library="SeleniumLibrary">
<arg>//*[@id="sumanalytics"]</arg>
<doc>Click the element identified by ``locator``.</doc>
<msg timestamp="20241204 19:41:48.825" level="INFO">Clicking element '//*[@id="sumanalytics"]'.</msg>
<msg timestamp="20241204 19:41:48.825" level="WARN">Keyword 'Capture Page Screenshot' could not be run on failure: Message: no such window: target window already closed
from unknown error: web view not found
  (Session info: MicrosoftEdge=131.0.2903.70)
Stacktrace:
	(No symbol) [0x00007FF6C18A6B15]
	Microsoft::Applications::Events::EventProperty::empty [0x00007FF6C1BCF4A4+1437348]
	sqlite3_dbdata_init [0x00007FF6C1C72DE6+643190]
	(No symbol) [0x00007FF6C1767657]
	(No symbol) [0x00007FF6C17F1CE5]
	(No symbol) [0x00007FF6C180670A]
	(No symbol) [0x00007FF6C17EBE03]
	(No symbol) [0x00007FF6C17C2984]
	(No symbol) [0x00007FF6C17C1E30]
	(No symbol) [0x00007FF6C17C2571]
	Microsoft::Applications::Events::EventProperty::empty [0x00007FF6C1B7BB34+1094964]
	(No symbol) [0x00007FF6C18E32C8]
	Microsoft::Applications::Events::EventProperty::empty [0x00007FF6C1B7AF73+1091955]
	Microsoft::Applications::Events::EventProperty::empty [0x00007FF6C1B7AAD9+1090777]
	Microsoft::Applications::Events::ILogConfiguration::operator* [0x00007FF6C1980CE1+461569]
	Microsoft::Applications::Events::ILogConfiguration::operator* [0x00007FF6C197CA04+444452]
	Microsoft::Applications::Events::ILogConfiguration::operator* [0x00007FF6C197CB49+444777]
	Microsoft::Applications::Events::ILogConfiguration::operator* [0x00007FF6C19721C6+401382]
	BaseThreadInitThunk [0x00007FFEB67C259D+29]
	RtlUserThreadStart [0x00007FFEB7DAAF38+40]
</msg>
<msg timestamp="20241204 19:41:48.825" level="FAIL">NoSuchWindowException: Message: no such window: target window already closed
from unknown error: web view not found
  (Session info: MicrosoftEdge=131.0.2903.70)
Stacktrace:
	(No symbol) [0x00007FF6C18A6B15]
	Microsoft::Applications::Events::EventProperty::empty [0x00007FF6C1BCF4A4+1437348]
	sqlite3_dbdata_init [0x00007FF6C1C72DE6+643190]
	(No symbol) [0x00007FF6C1767657]
	(No symbol) [0x00007FF6C17F1CE5]
	(No symbol) [0x00007FF6C180670A]
	(No symbol) [0x00007FF6C17EBE03]
	(No symbol) [0x00007FF6C17C2984]
	(No symbol) [0x00007FF6C17C1E30]
	(No symbol) [0x00007FF6C17C2571]
	Microsoft::Applications::Events::EventProperty::empty [0x00007FF6C1B7BB34+1094964]
	(No symbol) [0x00007FF6C18E32C8]
	Microsoft::Applications::Events::EventProperty::empty [0x00007FF6C1B7AF73+1091955]
	Microsoft::Applications::Events::EventProperty::empty [0x00007FF6C1B7AAD9+1090777]
	Microsoft::Applications::Events::ILogConfiguration::operator* [0x00007FF6C1980CE1+461569]
	Microsoft::Applications::Events::ILogConfiguration::operator* [0x00007FF6C197CA04+444452]
	Microsoft::Applications::Events::ILogConfiguration::operator* [0x00007FF6C197CB49+444777]
	Microsoft::Applications::Events::ILogConfiguration::operator* [0x00007FF6C19721C6+401382]
	BaseThreadInitThunk [0x00007FFEB67C259D+29]
	RtlUserThreadStart [0x00007FFEB7DAAF38+40]
</msg>
<status status="FAIL" starttime="20241204 19:41:48.825" endtime="20241204 19:41:48.825"/>
</kw>
<kw name="Title Should Be" library="SeleniumLibrary">
<arg>Summary</arg>
<doc>Verifies that the current page title equals ``title``.</doc>
<status status="NOT RUN" starttime="20241204 19:41:48.825" endtime="20241204 19:41:48.825"/>
</kw>
<kw name="Click Button" library="SeleniumLibrary">
<arg>//*[@id="allBtn"]</arg>
<doc>Clicks the button identified by ``locator``.</doc>
<status status="NOT RUN" starttime="20241204 19:41:48.825" endtime="20241204 19:41:48.825"/>
</kw>
<kw name="Sleep" library="BuiltIn">
<arg>2s</arg>
<doc>Pauses the test executed for the given time.</doc>
<status status="NOT RUN" starttime="20241204 19:41:48.825" endtime="20241204 19:41:48.825"/>
</kw>
<kw name="Click Button" library="SeleniumLibrary">
<arg>//*[@id="todayBtn"]</arg>
<doc>Clicks the button identified by ``locator``.</doc>
<status status="NOT RUN" starttime="20241204 19:41:48.825" endtime="20241204 19:41:48.825"/>
</kw>
<kw name="Sleep" library="BuiltIn">
<arg>2s</arg>
<doc>Pauses the test executed for the given time.</doc>
<status status="NOT RUN" starttime="20241204 19:41:48.825" endtime="20241204 19:41:48.825"/>
</kw>
<kw name="Click Button" library="SeleniumLibrary">
<arg>//*[@id="weekBtn"]</arg>
<doc>Clicks the button identified by ``locator``.</doc>
<status status="NOT RUN" starttime="20241204 19:41:48.825" endtime="20241204 19:41:48.825"/>
</kw>
<kw name="Sleep" library="BuiltIn">
<arg>2s</arg>
<doc>Pauses the test executed for the given time.</doc>
<status status="NOT RUN" starttime="20241204 19:41:48.825" endtime="20241204 19:41:48.825"/>
</kw>
<kw name="Click Button" library="SeleniumLibrary">
<arg>//*[@id="monthBtn"]</arg>
<doc>Clicks the button identified by ``locator``.</doc>
<status status="NOT RUN" starttime="20241204 19:41:48.825" endtime="20241204 19:41:48.825"/>
</kw>
<kw name="Sleep" library="BuiltIn">
<arg>2s</arg>
<doc>Pauses the test executed for the given time.</doc>
<status status="NOT RUN" starttime="20241204 19:41:48.825" endtime="20241204 19:41:48.825"/>
</kw>
<kw name="Select From List By Label" library="SeleniumLibrary">
<arg>//*[@id="categoryBtn"]</arg>
<arg>Food Expense</arg>
<doc>Selects options from selection list ``locator`` by ``labels``.</doc>
<status status="NOT RUN" starttime="20241204 19:41:48.825" endtime="20241204 19:41:48.825"/>
</kw>
<kw name="Page Should Contain" library="SeleniumLibrary">
<arg>Breakfast meal</arg>
<doc>Verifies that current page contains ``text``.</doc>
<status status="NOT RUN" starttime="20241204 19:41:48.825" endtime="20241204 19:41:48.825"/>
</kw>
<kw name="Sleep" library="BuiltIn">
<arg>2s</arg>
<doc>Pauses the test executed for the given time.</doc>
<status status="NOT RUN" starttime="20241204 19:41:48.825" endtime="20241204 19:41:48.825"/>
</kw>
<kw name="Input Text" library="SeleniumLibrary">
<arg>//*[@id="startDate"]</arg>
<arg>11-01-2024</arg>
<doc>Types the given ``text`` into the text field identified by ``locator``.</doc>
<status status="NOT RUN" starttime="20241204 19:41:48.825" endtime="20241204 19:41:48.825"/>
</kw>
<kw name="Sleep" library="BuiltIn">
<arg>1s</arg>
<doc>Pauses the test executed for the given time.</doc>
<status status="NOT RUN" starttime="20241204 19:41:48.825" endtime="20241204 19:41:48.825"/>
</kw>
<kw name="Input Text" library="SeleniumLibrary">
<arg>//*[@id="endDate"]</arg>
<arg>11-30-2024</arg>
<doc>Types the given ``text`` into the text field identified by ``locator``.</doc>
<status status="NOT RUN" starttime="20241204 19:41:48.825" endtime="20241204 19:41:48.825"/>
</kw>
<kw name="Sleep" library="BuiltIn">
<arg>1s</arg>
<doc>Pauses the test executed for the given time.</doc>
<status status="NOT RUN" starttime="20241204 19:41:48.825" endtime="20241204 19:41:48.825"/>
</kw>
<kw name="Page Should Contain" library="SeleniumLibrary">
<arg>5,000.00</arg>
<doc>Verifies that current page contains ``text``.</doc>
<status status="NOT RUN" starttime="20241204 19:41:48.825" endtime="20241204 19:41:48.825"/>
</kw>
<kw name="Sleep" library="BuiltIn">
<arg>2s</arg>
<doc>Pauses the test executed for the given time.</doc>
<status status="NOT RUN" starttime="20241204 19:41:48.825" endtime="20241204 19:41:48.825"/>
</kw>
<status status="FAIL" starttime="20241204 19:41:48.825" endtime="20241204 19:41:48.825">NoSuchWindowException: Message: no such window: target window already closed
from unknown error: web view not found
  (Session info: MicrosoftEdge=131.0.2903.70)
Stacktrace:
	(No symbol) [0x00007FF6C18A6B15]
	Microsoft::Applications::Events::EventProperty::empty [0x00007FF6C1BCF4A4+1437348]
	sqlite3_dbdata_init [0x00007FF6C1C72DE6+643190]
	(No symbol) [0x00007FF6C1767657]
	(No symbol) [0x00007FF6C17F1CE5]
	(No symbol) [0x00007FF6C180670A]
	(No symbol) [0x00007FF6C17EBE03]
	(No symbol) [0x00007FF6C17C2984]
	(No symbol) [0x00007FF6C17C1E30]
	(No symbol) [0x00007FF6C17C2571]
	Microsoft::Applications::Events::EventProperty::empty [0x00007FF6C1B7BB34+1094964]
	(No symbol) [0x00007FF6C18E32C8]
	Microsoft::Applications::Events::EventProperty::empty [0x00007FF6C1B7AF73+1091955]
	Microsoft::Applications::Events::EventProperty::empty [0x00007FF6C1B7AAD9+1090777]
	Microsoft::Applications::Events::ILogConfiguration::operator* [0x00007FF6C1980CE1+461569]
	Microsoft::Applications::Events::ILogConfiguration::operator* [0x00007FF6C197CA04+444452]
	Microsoft::Applications::Events::ILogConfiguration::operator* [0x00007FF6C197CB49+444777]
	Microsoft::Applications::Events::ILogConfiguration::operator* [0x00007FF6C19721C6+401382]
	BaseThreadInitThunk [0x00007FFEB67C259D+29]
	RtlUserThreadStart [0x00007FFEB7DAAF38+40]
</status>
</test>
<test id="s1-t9" name="Test Case 9 Settings and Pref Management" line="265">
<kw name="Click Element" library="SeleniumLibrary">
<arg>//*[@id="settings"]</arg>
<doc>Click the element identified by ``locator``.</doc>
<msg timestamp="20241204 19:41:48.825" level="INFO">Clicking element '//*[@id="settings"]'.</msg>
<msg timestamp="20241204 19:41:48.835" level="WARN">Keyword 'Capture Page Screenshot' could not be run on failure: Message: no such window: target window already closed
from unknown error: web view not found
  (Session info: MicrosoftEdge=131.0.2903.70)
Stacktrace:
	(No symbol) [0x00007FF6C18A6B15]
	Microsoft::Applications::Events::EventProperty::empty [0x00007FF6C1BCF4A4+1437348]
	sqlite3_dbdata_init [0x00007FF6C1C72DE6+643190]
	(No symbol) [0x00007FF6C1767657]
	(No symbol) [0x00007FF6C17F1CE5]
	(No symbol) [0x00007FF6C180670A]
	(No symbol) [0x00007FF6C17EBE03]
	(No symbol) [0x00007FF6C17C2984]
	(No symbol) [0x00007FF6C17C1E30]
	(No symbol) [0x00007FF6C17C2571]
	Microsoft::Applications::Events::EventProperty::empty [0x00007FF6C1B7BB34+1094964]
	(No symbol) [0x00007FF6C18E32C8]
	Microsoft::Applications::Events::EventProperty::empty [0x00007FF6C1B7AF73+1091955]
	Microsoft::Applications::Events::EventProperty::empty [0x00007FF6C1B7AAD9+1090777]
	Microsoft::Applications::Events::ILogConfiguration::operator* [0x00007FF6C1980CE1+461569]
	Microsoft::Applications::Events::ILogConfiguration::operator* [0x00007FF6C197CA04+444452]
	Microsoft::Applications::Events::ILogConfiguration::operator* [0x00007FF6C197CB49+444777]
	Microsoft::Applications::Events::ILogConfiguration::operator* [0x00007FF6C19721C6+401382]
	BaseThreadInitThunk [0x00007FFEB67C259D+29]
	RtlUserThreadStart [0x00007FFEB7DAAF38+40]
</msg>
<msg timestamp="20241204 19:41:48.835" level="FAIL">NoSuchWindowException: Message: no such window: target window already closed
from unknown error: web view not found
  (Session info: MicrosoftEdge=131.0.2903.70)
Stacktrace:
	(No symbol) [0x00007FF6C18A6B15]
	Microsoft::Applications::Events::EventProperty::empty [0x00007FF6C1BCF4A4+1437348]
	sqlite3_dbdata_init [0x00007FF6C1C72DE6+643190]
	(No symbol) [0x00007FF6C1767657]
	(No symbol) [0x00007FF6C17F1CE5]
	(No symbol) [0x00007FF6C180670A]
	(No symbol) [0x00007FF6C17EBE03]
	(No symbol) [0x00007FF6C17C2984]
	(No symbol) [0x00007FF6C17C1E30]
	(No symbol) [0x00007FF6C17C2571]
	Microsoft::Applications::Events::EventProperty::empty [0x00007FF6C1B7BB34+1094964]
	(No symbol) [0x00007FF6C18E32C8]
	Microsoft::Applications::Events::EventProperty::empty [0x00007FF6C1B7AF73+1091955]
	Microsoft::Applications::Events::EventProperty::empty [0x00007FF6C1B7AAD9+1090777]
	Microsoft::Applications::Events::ILogConfiguration::operator* [0x00007FF6C1980CE1+461569]
	Microsoft::Applications::Events::ILogConfiguration::operator* [0x00007FF6C197CA04+444452]
	Microsoft::Applications::Events::ILogConfiguration::operator* [0x00007FF6C197CB49+444777]
	Microsoft::Applications::Events::ILogConfiguration::operator* [0x00007FF6C19721C6+401382]
	BaseThreadInitThunk [0x00007FFEB67C259D+29]
	RtlUserThreadStart [0x00007FFEB7DAAF38+40]
</msg>
<status status="FAIL" starttime="20241204 19:41:48.825" endtime="20241204 19:41:48.835"/>
</kw>
<kw name="Title Should Be" library="SeleniumLibrary">
<arg>Settings</arg>
<doc>Verifies that the current page title equals ``title``.</doc>
<status status="NOT RUN" starttime="20241204 19:41:48.835" endtime="20241204 19:41:48.835"/>
</kw>
<kw name="Sleep" library="BuiltIn">
<arg>2s</arg>
<doc>Pauses the test executed for the given time.</doc>
<status status="NOT RUN" starttime="20241204 19:41:48.835" endtime="20241204 19:41:48.835"/>
</kw>
<kw name="Click Button" library="SeleniumLibrary">
<arg>//*[@id="newUNEditButton"]</arg>
<doc>Clicks the button identified by ``locator``.</doc>
<status status="NOT RUN" starttime="20241204 19:41:48.835" endtime="20241204 19:41:48.835"/>
</kw>
<kw name="Sleep" library="BuiltIn">
<arg>1s</arg>
<doc>Pauses the test executed for the given time.</doc>
<status status="NOT RUN" starttime="20241204 19:41:48.835" endtime="20241204 19:41:48.835"/>
</kw>
<kw name="Input Text" library="SeleniumLibrary">
<arg>//*[@id="usernameInput"]</arg>
<arg>capstone</arg>
<doc>Types the given ``text`` into the text field identified by ``locator``.</doc>
<status status="NOT RUN" starttime="20241204 19:41:48.835" endtime="20241204 19:41:48.835"/>
</kw>
<kw name="Sleep" library="BuiltIn">
<arg>1s</arg>
<doc>Pauses the test executed for the given time.</doc>
<status status="NOT RUN" starttime="20241204 19:41:48.835" endtime="20241204 19:41:48.835"/>
</kw>
<kw name="Click Button" library="SeleniumLibrary">
<arg>//*[@id="newUNSubmitButton"]</arg>
<doc>Clicks the button identified by ``locator``.</doc>
<status status="NOT RUN" starttime="20241204 19:41:48.835" endtime="20241204 19:41:48.835"/>
</kw>
<kw name="Sleep" library="BuiltIn">
<arg>2s</arg>
<doc>Pauses the test executed for the given time.</doc>
<status status="NOT RUN" starttime="20241204 19:41:48.835" endtime="20241204 19:41:48.835"/>
</kw>
<kw name="Wait Until Element Is Visible" library="SeleniumLibrary">
<arg>${TOAST_XPATH}</arg>
<arg>timeout=5s</arg>
<doc>Waits until the element ``locator`` is visible.</doc>
<status status="NOT RUN" starttime="20241204 19:41:48.835" endtime="20241204 19:41:48.835"/>
</kw>
<kw name="Get Text" library="SeleniumLibrary">
<var>${toast_message}</var>
<arg>${TOAST_XPATH}</arg>
<doc>Returns the text value of the element identified by ``locator``.</doc>
<status status="NOT RUN" starttime="20241204 19:41:48.835" endtime="20241204 19:41:48.835"/>
</kw>
<kw name="Should Be Equal" library="BuiltIn">
<arg>${toast_message}</arg>
<arg>Username updated successfully!</arg>
<doc>Fails if the given objects are unequal.</doc>
<status status="NOT RUN" starttime="20241204 19:41:48.835" endtime="20241204 19:41:48.835"/>
</kw>
<kw name="Sleep" library="BuiltIn">
<arg>2s</arg>
<doc>Pauses the test executed for the given time.</doc>
<status status="NOT RUN" starttime="20241204 19:41:48.835" endtime="20241204 19:41:48.835"/>
</kw>
<kw name="Click Element" library="SeleniumLibrary">
<arg>//*[@id="sumanalytics"]</arg>
<doc>Click the element identified by ``locator``.</doc>
<status status="NOT RUN" starttime="20241204 19:41:48.835" endtime="20241204 19:41:48.835"/>
</kw>
<kw name="Sleep" library="BuiltIn">
<arg>2s</arg>
<doc>Pauses the test executed for the given time.</doc>
<status status="NOT RUN" starttime="20241204 19:41:48.835" endtime="20241204 19:41:48.835"/>
</kw>
<kw name="Title Should Be" library="SeleniumLibrary">
<arg>Summary</arg>
<doc>Verifies that the current page title equals ``title``.</doc>
<status status="NOT RUN" starttime="20241204 19:41:48.835" endtime="20241204 19:41:48.835"/>
</kw>
<kw name="Click Button" library="SeleniumLibrary">
<arg>//*[@id="logout"]</arg>
<doc>Clicks the button identified by ``locator``.</doc>
<status status="NOT RUN" starttime="20241204 19:41:48.835" endtime="20241204 19:41:48.835"/>
</kw>
<kw name="Input Text" library="SeleniumLibrary">
<arg>//*[@id="usernameInput"]</arg>
<arg>capstone</arg>
<doc>Types the given ``text`` into the text field identified by ``locator``.</doc>
<status status="NOT RUN" starttime="20241204 19:41:48.835" endtime="20241204 19:41:48.835"/>
</kw>
<kw name="Input Text" library="SeleniumLibrary">
<arg>//*[@id="passwordInput"]</arg>
<arg>123456</arg>
<doc>Types the given ``text`` into the text field identified by ``locator``.</doc>
<status status="NOT RUN" starttime="20241204 19:41:48.835" endtime="20241204 19:41:48.835"/>
</kw>
<kw name="Sleep" library="BuiltIn">
<arg>2s</arg>
<doc>Pauses the test executed for the given time.</doc>
<status status="NOT RUN" starttime="20241204 19:41:48.835" endtime="20241204 19:41:48.835"/>
</kw>
<kw name="Click Element" library="SeleniumLibrary">
<arg>//*[@id="loginBtn"]</arg>
<doc>Click the element identified by ``locator``.</doc>
<status status="NOT RUN" starttime="20241204 19:41:48.835" endtime="20241204 19:41:48.835"/>
</kw>
<kw name="Sleep" library="BuiltIn">
<arg>2s</arg>
<doc>Pauses the test executed for the given time.</doc>
<status status="NOT RUN" starttime="20241204 19:41:48.835" endtime="20241204 19:41:48.835"/>
</kw>
<kw name="Title Should Be" library="SeleniumLibrary">
<arg>Summary</arg>
<doc>Verifies that the current page title equals ``title``.</doc>
<status status="NOT RUN" starttime="20241204 19:41:48.835" endtime="20241204 19:41:48.835"/>
</kw>
<kw name="Click Button" library="SeleniumLibrary">
<arg>//*[@id="logout"]</arg>
<doc>Clicks the button identified by ``locator``.</doc>
<status status="NOT RUN" starttime="20241204 19:41:48.835" endtime="20241204 19:41:48.835"/>
</kw>
<kw name="Sleep" library="BuiltIn">
<arg>2s</arg>
<doc>Pauses the test executed for the given time.</doc>
<status status="NOT RUN" starttime="20241204 19:41:48.835" endtime="20241204 19:41:48.835"/>
</kw>
<status status="FAIL" starttime="20241204 19:41:48.825" endtime="20241204 19:41:48.835">NoSuchWindowException: Message: no such window: target window already closed
from unknown error: web view not found
  (Session info: MicrosoftEdge=131.0.2903.70)
Stacktrace:
	(No symbol) [0x00007FF6C18A6B15]
	Microsoft::Applications::Events::EventProperty::empty [0x00007FF6C1BCF4A4+1437348]
	sqlite3_dbdata_init [0x00007FF6C1C72DE6+643190]
	(No symbol) [0x00007FF6C1767657]
	(No symbol) [0x00007FF6C17F1CE5]
	(No symbol) [0x00007FF6C180670A]
	(No symbol) [0x00007FF6C17EBE03]
	(No symbol) [0x00007FF6C17C2984]
	(No symbol) [0x00007FF6C17C1E30]
	(No symbol) [0x00007FF6C17C2571]
	Microsoft::Applications::Events::EventProperty::empty [0x00007FF6C1B7BB34+1094964]
	(No symbol) [0x00007FF6C18E32C8]
	Microsoft::Applications::Events::EventProperty::empty [0x00007FF6C1B7AF73+1091955]
	Microsoft::Applications::Events::EventProperty::empty [0x00007FF6C1B7AAD9+1090777]
	Microsoft::Applications::Events::ILogConfiguration::operator* [0x00007FF6C1980CE1+461569]
	Microsoft::Applications::Events::ILogConfiguration::operator* [0x00007FF6C197CA04+444452]
	Microsoft::Applications::Events::ILogConfiguration::operator* [0x00007FF6C197CB49+444777]
	Microsoft::Applications::Events::ILogConfiguration::operator* [0x00007FF6C19721C6+401382]
	BaseThreadInitThunk [0x00007FFEB67C259D+29]
	RtlUserThreadStart [0x00007FFEB7DAAF38+40]
</status>
</test>
<test id="s1-t10" name="Test Case 10 Screen Responsiveness" line="294">
<kw name="Set Window Size" library="SeleniumLibrary">
<arg>768</arg>
<arg>1024</arg>
<doc>Sets current windows size to given ``width`` and ``height``.</doc>
<msg timestamp="20241204 19:41:48.835" level="WARN">Keyword 'Capture Page Screenshot' could not be run on failure: Message: no such window: target window already closed
from unknown error: web view not found
  (Session info: MicrosoftEdge=131.0.2903.70)
Stacktrace:
	(No symbol) [0x00007FF6C18A6B15]
	Microsoft::Applications::Events::EventProperty::empty [0x00007FF6C1BCF4A4+1437348]
	sqlite3_dbdata_init [0x00007FF6C1C72DE6+643190]
	(No symbol) [0x00007FF6C1767657]
	(No symbol) [0x00007FF6C17F1CE5]
	(No symbol) [0x00007FF6C180670A]
	(No symbol) [0x00007FF6C17EBE03]
	(No symbol) [0x00007FF6C17C2984]
	(No symbol) [0x00007FF6C17C1E30]
	(No symbol) [0x00007FF6C17C2571]
	Microsoft::Applications::Events::EventProperty::empty [0x00007FF6C1B7BB34+1094964]
	(No symbol) [0x00007FF6C18E32C8]
	Microsoft::Applications::Events::EventProperty::empty [0x00007FF6C1B7AF73+1091955]
	Microsoft::Applications::Events::EventProperty::empty [0x00007FF6C1B7AAD9+1090777]
	Microsoft::Applications::Events::ILogConfiguration::operator* [0x00007FF6C1980CE1+461569]
	Microsoft::Applications::Events::ILogConfiguration::operator* [0x00007FF6C197CA04+444452]
	Microsoft::Applications::Events::ILogConfiguration::operator* [0x00007FF6C197CB49+444777]
	Microsoft::Applications::Events::ILogConfiguration::operator* [0x00007FF6C19721C6+401382]
	BaseThreadInitThunk [0x00007FFEB67C259D+29]
	RtlUserThreadStart [0x00007FFEB7DAAF38+40]
</msg>
<msg timestamp="20241204 19:41:48.835" level="FAIL">NoSuchWindowException: Message: no such window: target window already closed
from unknown error: web view not found
  (Session info: MicrosoftEdge=131.0.2903.70)
Stacktrace:
	(No symbol) [0x00007FF6C18A6B15]
	Microsoft::Applications::Events::EventProperty::empty [0x00007FF6C1BCF4A4+1437348]
	sqlite3_dbdata_init [0x00007FF6C1C72DE6+643190]
	(No symbol) [0x00007FF6C1767657]
	(No symbol) [0x00007FF6C17F1CE5]
	(No symbol) [0x00007FF6C180670A]
	(No symbol) [0x00007FF6C17EBE03]
	(No symbol) [0x00007FF6C17C2984]
	(No symbol) [0x00007FF6C17C1E30]
	(No symbol) [0x00007FF6C17C2571]
	Microsoft::Applications::Events::EventProperty::empty [0x00007FF6C1B7BB34+1094964]
	(No symbol) [0x00007FF6C18E32C8]
	Microsoft::Applications::Events::EventProperty::empty [0x00007FF6C1B7AF73+1091955]
	Microsoft::Applications::Events::EventProperty::empty [0x00007FF6C1B7AAD9+1090777]
	Microsoft::Applications::Events::ILogConfiguration::operator* [0x00007FF6C1980CE1+461569]
	Microsoft::Applications::Events::ILogConfiguration::operator* [0x00007FF6C197CA04+444452]
	Microsoft::Applications::Events::ILogConfiguration::operator* [0x00007FF6C197CB49+444777]
	Microsoft::Applications::Events::ILogConfiguration::operator* [0x00007FF6C19721C6+401382]
	BaseThreadInitThunk [0x00007FFEB67C259D+29]
	RtlUserThreadStart [0x00007FFEB7DAAF38+40]
</msg>
<status status="FAIL" starttime="20241204 19:41:48.835" endtime="20241204 19:41:48.853"/>
</kw>
<kw name="Sleep" library="BuiltIn">
<arg>2s</arg>
<doc>Pauses the test executed for the given time.</doc>
<status status="NOT RUN" starttime="20241204 19:41:48.853" endtime="20241204 19:41:48.853"/>
</kw>
<kw name="Page Should Contain Element" library="SeleniumLibrary">
<arg>//*[@id="loginnavbtn"]</arg>
<doc>Verifies that element ``locator`` is found on the current page.</doc>
<status status="NOT RUN" starttime="20241204 19:41:48.853" endtime="20241204 19:41:48.853"/>
</kw>
<kw name="Page Should Contain Element" library="SeleniumLibrary">
<arg>//*[@id="regnavbtn"]</arg>
<doc>Verifies that element ``locator`` is found on the current page.</doc>
<status status="NOT RUN" starttime="20241204 19:41:48.853" endtime="20241204 19:41:48.853"/>
</kw>
<kw name="Sleep" library="BuiltIn">
<arg>2s</arg>
<doc>Pauses the test executed for the given time.</doc>
<status status="NOT RUN" starttime="20241204 19:41:48.853" endtime="20241204 19:41:48.853"/>
</kw>
<kw name="Set Window Size" library="SeleniumLibrary">
<arg>375</arg>
<arg>667</arg>
<doc>Sets current windows size to given ``width`` and ``height``.</doc>
<status status="NOT RUN" starttime="20241204 19:41:48.853" endtime="20241204 19:41:48.853"/>
</kw>
<kw name="Sleep" library="BuiltIn">
<arg>2s</arg>
<doc>Pauses the test executed for the given time.</doc>
<status status="NOT RUN" starttime="20241204 19:41:48.853" endtime="20241204 19:41:48.853"/>
</kw>
<kw name="Page Should Contain Element" library="SeleniumLibrary">
<arg>//*[@id="loginnavbtn"]</arg>
<doc>Verifies that element ``locator`` is found on the current page.</doc>
<status status="NOT RUN" starttime="20241204 19:41:48.853" endtime="20241204 19:41:48.853"/>
</kw>
<kw name="Page Should Contain Element" library="SeleniumLibrary">
<arg>//*[@id="regnavbtn"]</arg>
<doc>Verifies that element ``locator`` is found on the current page.</doc>
<status status="NOT RUN" starttime="20241204 19:41:48.853" endtime="20241204 19:41:48.853"/>
</kw>
<kw name="Sleep" library="BuiltIn">
<arg>2s</arg>
<doc>Pauses the test executed for the given time.</doc>
<status status="NOT RUN" starttime="20241204 19:41:48.853" endtime="20241204 19:41:48.853"/>
</kw>
<kw name="Maximize Browser Window" library="SeleniumLibrary">
<doc>Maximizes current browser window.</doc>
<status status="NOT RUN" starttime="20241204 19:41:48.853" endtime="20241204 19:41:48.853"/>
</kw>
<kw name="Sleep" library="BuiltIn">
<arg>2s</arg>
<doc>Pauses the test executed for the given time.</doc>
<status status="NOT RUN" starttime="20241204 19:41:48.853" endtime="20241204 19:41:48.853"/>
</kw>
<status status="FAIL" starttime="20241204 19:41:48.835" endtime="20241204 19:41:48.853">NoSuchWindowException: Message: no such window: target window already closed
from unknown error: web view not found
  (Session info: MicrosoftEdge=131.0.2903.70)
Stacktrace:
	(No symbol) [0x00007FF6C18A6B15]
	Microsoft::Applications::Events::EventProperty::empty [0x00007FF6C1BCF4A4+1437348]
	sqlite3_dbdata_init [0x00007FF6C1C72DE6+643190]
	(No symbol) [0x00007FF6C1767657]
	(No symbol) [0x00007FF6C17F1CE5]
	(No symbol) [0x00007FF6C180670A]
	(No symbol) [0x00007FF6C17EBE03]
	(No symbol) [0x00007FF6C17C2984]
	(No symbol) [0x00007FF6C17C1E30]
	(No symbol) [0x00007FF6C17C2571]
	Microsoft::Applications::Events::EventProperty::empty [0x00007FF6C1B7BB34+1094964]
	(No symbol) [0x00007FF6C18E32C8]
	Microsoft::Applications::Events::EventProperty::empty [0x00007FF6C1B7AF73+1091955]
	Microsoft::Applications::Events::EventProperty::empty [0x00007FF6C1B7AAD9+1090777]
	Microsoft::Applications::Events::ILogConfiguration::operator* [0x00007FF6C1980CE1+461569]
	Microsoft::Applications::Events::ILogConfiguration::operator* [0x00007FF6C197CA04+444452]
	Microsoft::Applications::Events::ILogConfiguration::operator* [0x00007FF6C197CB49+444777]
	Microsoft::Applications::Events::ILogConfiguration::operator* [0x00007FF6C19721C6+401382]
	BaseThreadInitThunk [0x00007FFEB67C259D+29]
	RtlUserThreadStart [0x00007FFEB7DAAF38+40]
</status>
</test>
<kw name="Close Browser Session" type="TEARDOWN">
<kw name="Close Browser" library="SeleniumLibrary">
<doc>Closes the current browser.</doc>
<status status="PASS" starttime="20241204 19:41:48.853" endtime="20241204 19:41:50.963"/>
</kw>
<status status="PASS" starttime="20241204 19:41:48.853" endtime="20241204 19:41:50.963"/>
</kw>
<status status="FAIL" starttime="20241204 19:40:16.628" endtime="20241204 19:41:50.963"/>
</suite>
<statistics>
<total>
<stat pass="2" fail="8" skip="0">All Tests</stat>
</total>
<tag>
</tag>
<suite>
<stat pass="2" fail="8" skip="0" id="s1" name="Extr Automation">Extr Automation</stat>
</suite>
</statistics>
<errors>
<msg timestamp="20241204 19:41:48.641" level="WARN">Keyword 'Capture Page Screenshot' could not be run on failure: Message: no such window: target window already closed
from unknown error: web view not found
  (Session info: MicrosoftEdge=131.0.2903.70)
Stacktrace:
	(No symbol) [0x00007FF6C18A6B15]
	Microsoft::Applications::Events::EventProperty::empty [0x00007FF6C1BCF4A4+1437348]
	sqlite3_dbdata_init [0x00007FF6C1C72DE6+643190]
	(No symbol) [0x00007FF6C1767657]
	(No symbol) [0x00007FF6C17F1CE5]
	(No symbol) [0x00007FF6C180670A]
	(No symbol) [0x00007FF6C17EBE03]
	(No symbol) [0x00007FF6C17C2984]
	(No symbol) [0x00007FF6C17C1E30]
	(No symbol) [0x00007FF6C17C2571]
	Microsoft::Applications::Events::EventProperty::empty [0x00007FF6C1B7BB34+1094964]
	(No symbol) [0x00007FF6C18E32C8]
	Microsoft::Applications::Events::EventProperty::empty [0x00007FF6C1B7AF73+1091955]
	Microsoft::Applications::Events::EventProperty::empty [0x00007FF6C1B7AAD9+1090777]
	Microsoft::Applications::Events::ILogConfiguration::operator* [0x00007FF6C1980CE1+461569]
	Microsoft::Applications::Events::ILogConfiguration::operator* [0x00007FF6C197CA04+444452]
	Microsoft::Applications::Events::ILogConfiguration::operator* [0x00007FF6C197CB49+444777]
	Microsoft::Applications::Events::ILogConfiguration::operator* [0x00007FF6C19721C6+401382]
	BaseThreadInitThunk [0x00007FFEB67C259D+29]
	RtlUserThreadStart [0x00007FFEB7DAAF38+40]
</msg>
<msg timestamp="20241204 19:41:48.772" level="WARN">Keyword 'Capture Page Screenshot' could not be run on failure: Message: no such window: target window already closed
from unknown error: web view not found
  (Session info: MicrosoftEdge=131.0.2903.70)
Stacktrace:
	(No symbol) [0x00007FF6C18A6B15]
	Microsoft::Applications::Events::EventProperty::empty [0x00007FF6C1BCF4A4+1437348]
	sqlite3_dbdata_init [0x00007FF6C1C72DE6+643190]
	(No symbol) [0x00007FF6C1767657]
	(No symbol) [0x00007FF6C17F1CE5]
	(No symbol) [0x00007FF6C180670A]
	(No symbol) [0x00007FF6C17EBE03]
	(No symbol) [0x00007FF6C17C2984]
	(No symbol) [0x00007FF6C17C1E30]
	(No symbol) [0x00007FF6C17C2571]
	Microsoft::Applications::Events::EventProperty::empty [0x00007FF6C1B7BB34+1094964]
	(No symbol) [0x00007FF6C18E32C8]
	Microsoft::Applications::Events::EventProperty::empty [0x00007FF6C1B7AF73+1091955]
	Microsoft::Applications::Events::EventProperty::empty [0x00007FF6C1B7AAD9+1090777]
	Microsoft::Applications::Events::ILogConfiguration::operator* [0x00007FF6C1980CE1+461569]
	Microsoft::Applications::Events::ILogConfiguration::operator* [0x00007FF6C197CA04+444452]
	Microsoft::Applications::Events::ILogConfiguration::operator* [0x00007FF6C197CB49+444777]
	Microsoft::Applications::Events::ILogConfiguration::operator* [0x00007FF6C19721C6+401382]
	BaseThreadInitThunk [0x00007FFEB67C259D+29]
	RtlUserThreadStart [0x00007FFEB7DAAF38+40]
</msg>
<msg timestamp="20241204 19:41:48.788" level="WARN">Keyword 'Capture Page Screenshot' could not be run on failure: Message: no such window: target window already closed
from unknown error: web view not found
  (Session info: MicrosoftEdge=131.0.2903.70)
Stacktrace:
	(No symbol) [0x00007FF6C18A6B15]
	Microsoft::Applications::Events::EventProperty::empty [0x00007FF6C1BCF4A4+1437348]
	sqlite3_dbdata_init [0x00007FF6C1C72DE6+643190]
	(No symbol) [0x00007FF6C1767657]
	(No symbol) [0x00007FF6C17F1CE5]
	(No symbol) [0x00007FF6C180670A]
	(No symbol) [0x00007FF6C17EBE03]
	(No symbol) [0x00007FF6C17C2984]
	(No symbol) [0x00007FF6C17C1E30]
	(No symbol) [0x00007FF6C17C2571]
	Microsoft::Applications::Events::EventProperty::empty [0x00007FF6C1B7BB34+1094964]
	(No symbol) [0x00007FF6C18E32C8]
	Microsoft::Applications::Events::EventProperty::empty [0x00007FF6C1B7AF73+1091955]
	Microsoft::Applications::Events::EventProperty::empty [0x00007FF6C1B7AAD9+1090777]
	Microsoft::Applications::Events::ILogConfiguration::operator* [0x00007FF6C1980CE1+461569]
	Microsoft::Applications::Events::ILogConfiguration::operator* [0x00007FF6C197CA04+444452]
	Microsoft::Applications::Events::ILogConfiguration::operator* [0x00007FF6C197CB49+444777]
	Microsoft::Applications::Events::ILogConfiguration::operator* [0x00007FF6C19721C6+401382]
	BaseThreadInitThunk [0x00007FFEB67C259D+29]
	RtlUserThreadStart [0x00007FFEB7DAAF38+40]
</msg>
<msg timestamp="20241204 19:41:48.788" level="WARN">Keyword 'Capture Page Screenshot' could not be run on failure: Message: no such window: target window already closed
from unknown error: web view not found
  (Session info: MicrosoftEdge=131.0.2903.70)
Stacktrace:
	(No symbol) [0x00007FF6C18A6B15]
	Microsoft::Applications::Events::EventProperty::empty [0x00007FF6C1BCF4A4+1437348]
	sqlite3_dbdata_init [0x00007FF6C1C72DE6+643190]
	(No symbol) [0x00007FF6C1767657]
	(No symbol) [0x00007FF6C17F1CE5]
	(No symbol) [0x00007FF6C180670A]
	(No symbol) [0x00007FF6C17EBE03]
	(No symbol) [0x00007FF6C17C2984]
	(No symbol) [0x00007FF6C17C1E30]
	(No symbol) [0x00007FF6C17C2571]
	Microsoft::Applications::Events::EventProperty::empty [0x00007FF6C1B7BB34+1094964]
	(No symbol) [0x00007FF6C18E32C8]
	Microsoft::Applications::Events::EventProperty::empty [0x00007FF6C1B7AF73+1091955]
	Microsoft::Applications::Events::EventProperty::empty [0x00007FF6C1B7AAD9+1090777]
	Microsoft::Applications::Events::ILogConfiguration::operator* [0x00007FF6C1980CE1+461569]
	Microsoft::Applications::Events::ILogConfiguration::operator* [0x00007FF6C197CA04+444452]
	Microsoft::Applications::Events::ILogConfiguration::operator* [0x00007FF6C197CB49+444777]
	Microsoft::Applications::Events::ILogConfiguration::operator* [0x00007FF6C19721C6+401382]
	BaseThreadInitThunk [0x00007FFEB67C259D+29]
	RtlUserThreadStart [0x00007FFEB7DAAF38+40]
</msg>
<msg timestamp="20241204 19:41:48.803" level="WARN">Keyword 'Capture Page Screenshot' could not be run on failure: Message: no such window: target window already closed
from unknown error: web view not found
  (Session info: MicrosoftEdge=131.0.2903.70)
Stacktrace:
	(No symbol) [0x00007FF6C18A6B15]
	Microsoft::Applications::Events::EventProperty::empty [0x00007FF6C1BCF4A4+1437348]
	sqlite3_dbdata_init [0x00007FF6C1C72DE6+643190]
	(No symbol) [0x00007FF6C1767657]
	(No symbol) [0x00007FF6C17F1CE5]
	(No symbol) [0x00007FF6C180670A]
	(No symbol) [0x00007FF6C17EBE03]
	(No symbol) [0x00007FF6C17C2984]
	(No symbol) [0x00007FF6C17C1E30]
	(No symbol) [0x00007FF6C17C2571]
	Microsoft::Applications::Events::EventProperty::empty [0x00007FF6C1B7BB34+1094964]
	(No symbol) [0x00007FF6C18E32C8]
	Microsoft::Applications::Events::EventProperty::empty [0x00007FF6C1B7AF73+1091955]
	Microsoft::Applications::Events::EventProperty::empty [0x00007FF6C1B7AAD9+1090777]
	Microsoft::Applications::Events::ILogConfiguration::operator* [0x00007FF6C1980CE1+461569]
	Microsoft::Applications::Events::ILogConfiguration::operator* [0x00007FF6C197CA04+444452]
	Microsoft::Applications::Events::ILogConfiguration::operator* [0x00007FF6C197CB49+444777]
	Microsoft::Applications::Events::ILogConfiguration::operator* [0x00007FF6C19721C6+401382]
	BaseThreadInitThunk [0x00007FFEB67C259D+29]
	RtlUserThreadStart [0x00007FFEB7DAAF38+40]
</msg>
<msg timestamp="20241204 19:41:48.825" level="WARN">Keyword 'Capture Page Screenshot' could not be run on failure: Message: no such window: target window already closed
from unknown error: web view not found
  (Session info: MicrosoftEdge=131.0.2903.70)
Stacktrace:
	(No symbol) [0x00007FF6C18A6B15]
	Microsoft::Applications::Events::EventProperty::empty [0x00007FF6C1BCF4A4+1437348]
	sqlite3_dbdata_init [0x00007FF6C1C72DE6+643190]
	(No symbol) [0x00007FF6C1767657]
	(No symbol) [0x00007FF6C17F1CE5]
	(No symbol) [0x00007FF6C180670A]
	(No symbol) [0x00007FF6C17EBE03]
	(No symbol) [0x00007FF6C17C2984]
	(No symbol) [0x00007FF6C17C1E30]
	(No symbol) [0x00007FF6C17C2571]
	Microsoft::Applications::Events::EventProperty::empty [0x00007FF6C1B7BB34+1094964]
	(No symbol) [0x00007FF6C18E32C8]
	Microsoft::Applications::Events::EventProperty::empty [0x00007FF6C1B7AF73+1091955]
	Microsoft::Applications::Events::EventProperty::empty [0x00007FF6C1B7AAD9+1090777]
	Microsoft::Applications::Events::ILogConfiguration::operator* [0x00007FF6C1980CE1+461569]
	Microsoft::Applications::Events::ILogConfiguration::operator* [0x00007FF6C197CA04+444452]
	Microsoft::Applications::Events::ILogConfiguration::operator* [0x00007FF6C197CB49+444777]
	Microsoft::Applications::Events::ILogConfiguration::operator* [0x00007FF6C19721C6+401382]
	BaseThreadInitThunk [0x00007FFEB67C259D+29]
	RtlUserThreadStart [0x00007FFEB7DAAF38+40]
</msg>
<msg timestamp="20241204 19:41:48.835" level="WARN">Keyword 'Capture Page Screenshot' could not be run on failure: Message: no such window: target window already closed
from unknown error: web view not found
  (Session info: MicrosoftEdge=131.0.2903.70)
Stacktrace:
	(No symbol) [0x00007FF6C18A6B15]
	Microsoft::Applications::Events::EventProperty::empty [0x00007FF6C1BCF4A4+1437348]
	sqlite3_dbdata_init [0x00007FF6C1C72DE6+643190]
	(No symbol) [0x00007FF6C1767657]
	(No symbol) [0x00007FF6C17F1CE5]
	(No symbol) [0x00007FF6C180670A]
	(No symbol) [0x00007FF6C17EBE03]
	(No symbol) [0x00007FF6C17C2984]
	(No symbol) [0x00007FF6C17C1E30]
	(No symbol) [0x00007FF6C17C2571]
	Microsoft::Applications::Events::EventProperty::empty [0x00007FF6C1B7BB34+1094964]
	(No symbol) [0x00007FF6C18E32C8]
	Microsoft::Applications::Events::EventProperty::empty [0x00007FF6C1B7AF73+1091955]
	Microsoft::Applications::Events::EventProperty::empty [0x00007FF6C1B7AAD9+1090777]
	Microsoft::Applications::Events::ILogConfiguration::operator* [0x00007FF6C1980CE1+461569]
	Microsoft::Applications::Events::ILogConfiguration::operator* [0x00007FF6C197CA04+444452]
	Microsoft::Applications::Events::ILogConfiguration::operator* [0x00007FF6C197CB49+444777]
	Microsoft::Applications::Events::ILogConfiguration::operator* [0x00007FF6C19721C6+401382]
	BaseThreadInitThunk [0x00007FFEB67C259D+29]
	RtlUserThreadStart [0x00007FFEB7DAAF38+40]
</msg>
<msg timestamp="20241204 19:41:48.835" level="WARN">Keyword 'Capture Page Screenshot' could not be run on failure: Message: no such window: target window already closed
from unknown error: web view not found
  (Session info: MicrosoftEdge=131.0.2903.70)
Stacktrace:
	(No symbol) [0x00007FF6C18A6B15]
	Microsoft::Applications::Events::EventProperty::empty [0x00007FF6C1BCF4A4+1437348]
	sqlite3_dbdata_init [0x00007FF6C1C72DE6+643190]
	(No symbol) [0x00007FF6C1767657]
	(No symbol) [0x00007FF6C17F1CE5]
	(No symbol) [0x00007FF6C180670A]
	(No symbol) [0x00007FF6C17EBE03]
	(No symbol) [0x00007FF6C17C2984]
	(No symbol) [0x00007FF6C17C1E30]
	(No symbol) [0x00007FF6C17C2571]
	Microsoft::Applications::Events::EventProperty::empty [0x00007FF6C1B7BB34+1094964]
	(No symbol) [0x00007FF6C18E32C8]
	Microsoft::Applications::Events::EventProperty::empty [0x00007FF6C1B7AF73+1091955]
	Microsoft::Applications::Events::EventProperty::empty [0x00007FF6C1B7AAD9+1090777]
	Microsoft::Applications::Events::ILogConfiguration::operator* [0x00007FF6C1980CE1+461569]
	Microsoft::Applications::Events::ILogConfiguration::operator* [0x00007FF6C197CA04+444452]
	Microsoft::Applications::Events::ILogConfiguration::operator* [0x00007FF6C197CB49+444777]
	Microsoft::Applications::Events::ILogConfiguration::operator* [0x00007FF6C19721C6+401382]
	BaseThreadInitThunk [0x00007FFEB67C259D+29]
	RtlUserThreadStart [0x00007FFEB7DAAF38+40]
</msg>
</errors>
</robot>
